[2022-05-27 07:01:56.489] [info] Loaded model subject_scale_walk from file subject_walk_armless.osim
[2022-05-27 07:01:56.490] [warning] Couldn't find file 'r_pelvis.vtp'.
[2022-05-27 07:01:56.491] [warning] Couldn't find file 'l_pelvis.vtp'.
[2022-05-27 07:01:56.491] [warning] Couldn't find file 'sacrum.vtp'.
[2022-05-27 07:01:56.492] [warning] Couldn't find file 'r_femur.vtp'.
[2022-05-27 07:01:56.492] [warning] Couldn't find file 'r_tibia.vtp'.
[2022-05-27 07:01:56.492] [warning] Couldn't find file 'r_fibula.vtp'.
[2022-05-27 07:01:56.492] [warning] Couldn't find file 'r_patella.vtp'.
[2022-05-27 07:01:56.492] [warning] Couldn't find file 'r_talus.vtp'.
[2022-05-27 07:01:56.493] [warning] Couldn't find file 'r_foot.vtp'.
[2022-05-27 07:01:56.493] [warning] Couldn't find file 'r_bofoot.vtp'.
[2022-05-27 07:01:56.493] [warning] Couldn't find file 'l_femur.vtp'.
[2022-05-27 07:01:56.493] [warning] Couldn't find file 'l_tibia.vtp'.
[2022-05-27 07:01:56.493] [warning] Couldn't find file 'l_fibula.vtp'.
[2022-05-27 07:01:56.494] [warning] Couldn't find file 'l_patella.vtp'.
[2022-05-27 07:01:56.494] [warning] Couldn't find file 'l_talus.vtp'.
[2022-05-27 07:01:56.494] [warning] Couldn't find file 'l_foot.vtp'.
[2022-05-27 07:01:56.494] [warning] Couldn't find file 'l_bofoot.vtp'.
[2022-05-27 07:01:56.494] [warning] Couldn't find file 'hat_spine.vtp'.
[2022-05-27 07:01:56.494] [warning] Couldn't find file 'hat_jaw.vtp'.
[2022-05-27 07:01:56.495] [warning] Couldn't find file 'hat_skull.vtp'.
[2022-05-27 07:01:56.495] [warning] Couldn't find file 'hat_ribs_scap.vtp'.
[2022-05-27 07:01:56.757] [info] ExternalLoads 'grf_walk' was renamed and is being reset to 'externalloads'.
[2022-05-27 07:01:56.834] [info] Storage: read data file = grf_walk.mot (nr=4778 nc=19)
[2022-05-27 07:01:56.927] [info] ExternalForce::Right_GRF Data source being set to subject11_noload_free_trial03_ground_reaction
[2022-05-27 07:01:56.927] [info] ExternalForce::Left_GRF Data source being set to subject11_noload_free_trial03_ground_reaction
[2022-05-27 07:01:56.948] [info] Storage: read data file = grf_walk.mot (nr=4778 nc=19)
[2022-05-27 07:01:57.006] [info] ExternalForce::Right_GRF Data source being set to subject11_noload_free_trial03_ground_reaction
[2022-05-27 07:01:57.006] [info] ExternalForce::Left_GRF Data source being set to subject11_noload_free_trial03_ground_reaction
[2022-05-27 07:01:57.028] [info] Adding reserve actuators with an optimal force of 250.0...
[2022-05-27 07:01:57.036] [info] Storage: read data file = grf_walk.mot (nr=4778 nc=19)
[2022-05-27 07:01:57.088] [info] ExternalForce::Right_GRF Data source being set to subject11_noload_free_trial03_ground_reaction
[2022-05-27 07:01:57.088] [info] ExternalForce::Left_GRF Data source being set to subject11_noload_free_trial03_ground_reaction
[2022-05-27 07:01:57.112] [info] Storage: read data file = grf_walk.mot (nr=4778 nc=19)
[2022-05-27 07:01:57.161] [info] ExternalForce::Right_GRF Data source being set to subject11_noload_free_trial03_ground_reaction
[2022-05-27 07:01:57.161] [info] ExternalForce::Left_GRF Data source being set to subject11_noload_free_trial03_ground_reaction
[2022-05-27 07:01:57.165] [info] Added 10 reserve actuator(s), for each of the following coordinates:
[2022-05-27 07:01:57.165] [info]   /jointset/hip_r/hip_flexion_r
[2022-05-27 07:01:57.165] [info]   /jointset/hip_r/hip_adduction_r
[2022-05-27 07:01:57.165] [info]   /jointset/hip_r/hip_rotation_r
[2022-05-27 07:01:57.165] [info]   /jointset/walker_knee_r/knee_angle_r
[2022-05-27 07:01:57.165] [info]   /jointset/ankle_r/ankle_angle_r
[2022-05-27 07:01:57.165] [info]   /jointset/hip_l/hip_flexion_l
[2022-05-27 07:01:57.165] [info]   /jointset/hip_l/hip_adduction_l
[2022-05-27 07:01:57.165] [info]   /jointset/hip_l/hip_rotation_l
[2022-05-27 07:01:57.165] [info]   /jointset/walker_knee_l/knee_angle_l
[2022-05-27 07:01:57.165] [info]   /jointset/ankle_l/ankle_angle_l
[2022-05-27 07:01:57.170] [info] Storage: read data file = grf_walk.mot (nr=4778 nc=19)
[2022-05-27 07:01:57.218] [info] ExternalForce::Right_GRF Data source being set to subject11_noload_free_trial03_ground_reaction
[2022-05-27 07:01:57.219] [info] ExternalForce::Left_GRF Data source being set to subject11_noload_free_trial03_ground_reaction
[2022-05-27 07:01:57.313] [info] Storage: read data file = grf_walk.mot (nr=4778 nc=19)
[2022-05-27 07:01:57.364] [info] ExternalForce::Right_GRF Data source being set to subject11_noload_free_trial03_ground_reaction
[2022-05-27 07:01:57.364] [info] ExternalForce::Left_GRF Data source being set to subject11_noload_free_trial03_ground_reaction
[2022-05-27 07:01:57.399] [info] Storage: read data file = grf_walk.mot (nr=4778 nc=19)
[2022-05-27 07:01:57.448] [info] ExternalForce::Right_GRF Data source being set to subject11_noload_free_trial03_ground_reaction
[2022-05-27 07:01:57.448] [info] ExternalForce::Left_GRF Data source being set to subject11_noload_free_trial03_ground_reaction
[2022-05-27 07:01:57.470] [info] Storage: read data file = grf_walk.mot (nr=4778 nc=19)
[2022-05-27 07:01:57.525] [info] ExternalForce::Right_GRF Data source being set to subject11_noload_free_trial03_ground_reaction
[2022-05-27 07:01:57.525] [info] ExternalForce::Left_GRF Data source being set to subject11_noload_free_trial03_ground_reaction
[2022-05-27 07:01:57.568] [info] Storage: read data file = grf_walk.mot (nr=4778 nc=19)
[2022-05-27 07:01:57.625] [info] ExternalForce::Right_GRF Data source being set to subject11_noload_free_trial03_ground_reaction
[2022-05-27 07:01:57.625] [info] ExternalForce::Left_GRF Data source being set to subject11_noload_free_trial03_ground_reaction
[2022-05-27 07:01:57.648] [info] Storage: read data file = grf_walk.mot (nr=4778 nc=19)
[2022-05-27 07:01:57.702] [info] ExternalForce::Right_GRF Data source being set to subject11_noload_free_trial03_ground_reaction
[2022-05-27 07:01:57.702] [info] ExternalForce::Left_GRF Data source being set to subject11_noload_free_trial03_ground_reaction
[2022-05-27 07:01:57.742] [info] Storage: read data file = grf_walk.mot (nr=4778 nc=19)
[2022-05-27 07:01:57.796] [info] ExternalForce::Right_GRF Data source being set to subject11_noload_free_trial03_ground_reaction
[2022-05-27 07:01:57.796] [info] ExternalForce::Left_GRF Data source being set to subject11_noload_free_trial03_ground_reaction
[2022-05-27 07:01:57.817] [info] Storage: read data file = grf_walk.mot (nr=4778 nc=19)
[2022-05-27 07:01:57.871] [info] ExternalForce::Right_GRF Data source being set to subject11_noload_free_trial03_ground_reaction
[2022-05-27 07:01:57.871] [info] ExternalForce::Left_GRF Data source being set to subject11_noload_free_trial03_ground_reaction
[2022-05-27 07:01:57.906] [info] Storage: read data file = grf_walk.mot (nr=4778 nc=19)
[2022-05-27 07:01:57.959] [info] ExternalForce::Right_GRF Data source being set to subject11_noload_free_trial03_ground_reaction
[2022-05-27 07:01:57.960] [info] ExternalForce::Left_GRF Data source being set to subject11_noload_free_trial03_ground_reaction
[2022-05-27 07:01:57.984] [info] Storage: read data file = grf_walk.mot (nr=4778 nc=19)
[2022-05-27 07:01:58.042] [info] ExternalForce::Right_GRF Data source being set to subject11_noload_free_trial03_ground_reaction
[2022-05-27 07:01:58.042] [info] ExternalForce::Left_GRF Data source being set to subject11_noload_free_trial03_ground_reaction
[2022-05-27 07:01:58.078] [info] Storage: read data file = grf_walk.mot (nr=4778 nc=19)
[2022-05-27 07:01:58.134] [info] ExternalForce::Right_GRF Data source being set to subject11_noload_free_trial03_ground_reaction
[2022-05-27 07:01:58.134] [info] ExternalForce::Left_GRF Data source being set to subject11_noload_free_trial03_ground_reaction
[2022-05-27 07:01:58.161] [info] Storage: read data file = grf_walk.mot (nr=4778 nc=19)
[2022-05-27 07:01:58.221] [info] ExternalForce::Right_GRF Data source being set to subject11_noload_free_trial03_ground_reaction
[2022-05-27 07:01:58.221] [info] ExternalForce::Left_GRF Data source being set to subject11_noload_free_trial03_ground_reaction
[2022-05-27 07:01:58.257] [info] Storage: read data file = grf_walk.mot (nr=4778 nc=19)
[2022-05-27 07:01:58.311] [info] ExternalForce::Right_GRF Data source being set to subject11_noload_free_trial03_ground_reaction
[2022-05-27 07:01:58.311] [info] ExternalForce::Left_GRF Data source being set to subject11_noload_free_trial03_ground_reaction
[2022-05-27 07:01:58.335] [info] Storage: read data file = grf_walk.mot (nr=4778 nc=19)
[2022-05-27 07:01:58.387] [info] ExternalForce::Right_GRF Data source being set to subject11_noload_free_trial03_ground_reaction
[2022-05-27 07:01:58.387] [info] ExternalForce::Left_GRF Data source being set to subject11_noload_free_trial03_ground_reaction
[2022-05-27 07:01:58.423] [info] Storage: read data file = grf_walk.mot (nr=4778 nc=19)
[2022-05-27 07:01:58.475] [info] ExternalForce::Right_GRF Data source being set to subject11_noload_free_trial03_ground_reaction
[2022-05-27 07:01:58.475] [info] ExternalForce::Left_GRF Data source being set to subject11_noload_free_trial03_ground_reaction
[2022-05-27 07:01:58.498] [info] Storage: read data file = grf_walk.mot (nr=4778 nc=19)
[2022-05-27 07:01:58.551] [info] ExternalForce::Right_GRF Data source being set to subject11_noload_free_trial03_ground_reaction
[2022-05-27 07:01:58.551] [info] ExternalForce::Left_GRF Data source being set to subject11_noload_free_trial03_ground_reaction
[2022-05-27 07:01:58.586] [info] Storage: read data file = grf_walk.mot (nr=4778 nc=19)
[2022-05-27 07:01:58.661] [info] ExternalForce::Right_GRF Data source being set to subject11_noload_free_trial03_ground_reaction
[2022-05-27 07:01:58.661] [info] ExternalForce::Left_GRF Data source being set to subject11_noload_free_trial03_ground_reaction
[2022-05-27 07:01:58.702] [info] Storage: read data file = grf_walk.mot (nr=4778 nc=19)
[2022-05-27 07:01:58.771] [info] ExternalForce::Right_GRF Data source being set to subject11_noload_free_trial03_ground_reaction
[2022-05-27 07:01:58.772] [info] ExternalForce::Left_GRF Data source being set to subject11_noload_free_trial03_ground_reaction
[2022-05-27 07:01:58.816] [info] Storage: read data file = grf_walk.mot (nr=4778 nc=19)
[2022-05-27 07:01:58.876] [info] ExternalForce::Right_GRF Data source being set to subject11_noload_free_trial03_ground_reaction
[2022-05-27 07:01:58.876] [info] ExternalForce::Left_GRF Data source being set to subject11_noload_free_trial03_ground_reaction
[2022-05-27 07:01:58.908] [info] Storage: read data file = grf_walk.mot (nr=4778 nc=19)
[2022-05-27 07:01:58.972] [info] ExternalForce::Right_GRF Data source being set to subject11_noload_free_trial03_ground_reaction
[2022-05-27 07:01:58.972] [info] ExternalForce::Left_GRF Data source being set to subject11_noload_free_trial03_ground_reaction
[2022-05-27 07:01:59.010] [info] Storage: read data file = grf_walk.mot (nr=4778 nc=19)
[2022-05-27 07:01:59.072] [info] ExternalForce::Right_GRF Data source being set to subject11_noload_free_trial03_ground_reaction
[2022-05-27 07:01:59.072] [info] ExternalForce::Left_GRF Data source being set to subject11_noload_free_trial03_ground_reaction
[2022-05-27 07:01:59.100] [info] Storage: read data file = grf_walk.mot (nr=4778 nc=19)
[2022-05-27 07:01:59.162] [info] ExternalForce::Right_GRF Data source being set to subject11_noload_free_trial03_ground_reaction
[2022-05-27 07:01:59.162] [info] ExternalForce::Left_GRF Data source being set to subject11_noload_free_trial03_ground_reaction
[2022-05-27 07:01:59.289] [info] Storage: read data file = grf_walk.mot (nr=4778 nc=19)
[2022-05-27 07:01:59.356] [info] ExternalForce::Right_GRF Data source being set to subject11_noload_free_trial03_ground_reaction
[2022-05-27 07:01:59.356] [info] ExternalForce::Left_GRF Data source being set to subject11_noload_free_trial03_ground_reaction
[2022-05-27 07:01:59.383] [info] Storage: read data file = grf_walk.mot (nr=4778 nc=19)
[2022-05-27 07:01:59.455] [info] ExternalForce::Right_GRF Data source being set to subject11_noload_free_trial03_ground_reaction
[2022-05-27 07:01:59.455] [info] ExternalForce::Left_GRF Data source being set to subject11_noload_free_trial03_ground_reaction
[2022-05-27 07:01:59.497] [info] Storage: read data file = grf_walk.mot (nr=4778 nc=19)
[2022-05-27 07:01:59.555] [info] ExternalForce::Right_GRF Data source being set to subject11_noload_free_trial03_ground_reaction
[2022-05-27 07:01:59.555] [info] ExternalForce::Left_GRF Data source being set to subject11_noload_free_trial03_ground_reaction
[2022-05-27 07:01:59.577] [info] Storage: read data file = grf_walk.mot (nr=4778 nc=19)
[2022-05-27 07:01:59.634] [info] ExternalForce::Right_GRF Data source being set to subject11_noload_free_trial03_ground_reaction
[2022-05-27 07:01:59.634] [info] ExternalForce::Left_GRF Data source being set to subject11_noload_free_trial03_ground_reaction
[2022-05-27 07:01:59.660] [info] ========================================================================
[2022-05-27 07:01:59.660] [info] MocoCasADiSolver starting.
[2022-05-27 07:01:59.660] [info] Fri May 27 07:01:59 2022
[2022-05-27 07:01:59.660] [info] ------------------------------------------------------------------------
[2022-05-27 07:01:59.660] [cout] [info] Costs: (total: 2)
[2022-05-27 07:01:59.661] [cout] [info]   marker_tracking. MocoMarkerTrackingGoal, enabled: true, mode: cost, weight: 10.0
[2022-05-27 07:01:59.661] [cout] [info]         allow unused references: 
[2022-05-27 07:01:59.661] [cout] [info]         tracked marker(s):
[2022-05-27 07:01:59.661] [cout] [info]             R.Shoulder, weight: 1.0
[2022-05-27 07:01:59.661] [cout] [info]             L.Shoulder, weight: 1.0
[2022-05-27 07:01:59.661] [cout] [info]             R.Clavicle, weight: 1.0
[2022-05-27 07:01:59.661] [cout] [info]             L.Clavicle, weight: 1.0
[2022-05-27 07:01:59.661] [cout] [info]             R.Biceps, weight: 1.0
[2022-05-27 07:01:59.661] [cout] [info]             R.Elbow, weight: 1.0
[2022-05-27 07:01:59.661] [cout] [info]             R.Forearm, weight: 1.0
[2022-05-27 07:01:59.661] [cout] [info]             R.Wrist, weight: 1.0
[2022-05-27 07:01:59.661] [cout] [info]             L.Biceps, weight: 1.0
[2022-05-27 07:01:59.661] [cout] [info]             L.Elbow, weight: 1.0
[2022-05-27 07:01:59.661] [cout] [info]             L.Forearm, weight: 1.0
[2022-05-27 07:01:59.661] [cout] [info]             L.Wrist, weight: 1.0
[2022-05-27 07:01:59.661] [cout] [info]             R.ASIS, weight: 20.0
[2022-05-27 07:01:59.661] [cout] [info]             L.ASIS, weight: 20.0
[2022-05-27 07:01:59.661] [cout] [info]             R.PSIS, weight: 20.0
[2022-05-27 07:01:59.661] [cout] [info]             S2, weight: 1.0
[2022-05-27 07:01:59.661] [cout] [info]             L.PSIS, weight: 20.0
[2022-05-27 07:01:59.661] [cout] [info]             R.TH1, weight: 1.0
[2022-05-27 07:01:59.661] [cout] [info]             R.TH2, weight: 1.0
[2022-05-27 07:01:59.661] [cout] [info]             R.TH3, weight: 1.0
[2022-05-27 07:01:59.661] [cout] [info]             R.Knee, weight: 10.0
[2022-05-27 07:01:59.661] [cout] [info]             R.SH1, weight: 1.0
[2022-05-27 07:01:59.661] [cout] [info]             R.SH2, weight: 1.0
[2022-05-27 07:01:59.661] [cout] [info]             R.SH3, weight: 1.0
[2022-05-27 07:01:59.661] [cout] [info]             R.SH4, weight: 1.0
[2022-05-27 07:01:59.661] [cout] [info]             R.Ankle, weight: 10.0
[2022-05-27 07:01:59.661] [cout] [info]             R.Heel, weight: 10.0
[2022-05-27 07:01:59.661] [cout] [info]             R.MT5, weight: 5.0
[2022-05-27 07:01:59.661] [cout] [info]             R.Toe, weight: 2.0
[2022-05-27 07:01:59.661] [cout] [info]             L.TH1, weight: 1.0
[2022-05-27 07:01:59.661] [cout] [info]             L.TH2, weight: 1.0
[2022-05-27 07:01:59.661] [cout] [info]             L.TH3, weight: 1.0
[2022-05-27 07:01:59.661] [cout] [info]             L.TH4, weight: 1.0
[2022-05-27 07:01:59.661] [cout] [info]             L.Knee, weight: 10.0
[2022-05-27 07:01:59.661] [cout] [info]             L.SH1, weight: 1.0
[2022-05-27 07:01:59.661] [cout] [info]             L.SH2, weight: 1.0
[2022-05-27 07:01:59.661] [cout] [info]             L.SH3, weight: 1.0
[2022-05-27 07:01:59.661] [cout] [info]             L.Ankle, weight: 10.0
[2022-05-27 07:01:59.661] [cout] [info]             L.Heel, weight: 10.0
[2022-05-27 07:01:59.661] [cout] [info]             L.MT5, weight: 5.0
[2022-05-27 07:01:59.661] [cout] [info]             L.Toe, weight: 2.0
[2022-05-27 07:01:59.661] [cout] [info]   control_effort. MocoControlGoal, enabled: true, mode: cost, weight: 0.00100000
[2022-05-27 07:01:59.661] [cout] [info]         control: /forceset/tau_pelvis_tilt, weight: 1.0
[2022-05-27 07:01:59.661] [cout] [info]         control: /forceset/tau_pelvis_list, weight: 1.0
[2022-05-27 07:01:59.661] [cout] [info]         control: /forceset/tau_pelvis_rotation, weight: 1.0
[2022-05-27 07:01:59.661] [cout] [info]         control: /forceset/tau_pelvis_tx, weight: 1.0
[2022-05-27 07:01:59.661] [cout] [info]         control: /forceset/tau_pelvis_ty, weight: 1.0
[2022-05-27 07:01:59.661] [cout] [info]         control: /forceset/tau_pelvis_tz, weight: 1.0
[2022-05-27 07:01:59.661] [cout] [info]         control: /forceset/reserve_jointset_hip_r_hip_flexion_r, weight: 1.0
[2022-05-27 07:01:59.661] [cout] [info]         control: /forceset/reserve_jointset_hip_r_hip_adduction_r, weight: 1.0
[2022-05-27 07:01:59.661] [cout] [info]         control: /forceset/reserve_jointset_hip_r_hip_rotation_r, weight: 1.0
[2022-05-27 07:01:59.661] [cout] [info]         control: /forceset/reserve_jointset_walker_knee_r_knee_angle_r, weight: 1.0
[2022-05-27 07:01:59.661] [cout] [info]         control: /forceset/reserve_jointset_ankle_r_ankle_angle_r, weight: 1.0
[2022-05-27 07:01:59.661] [cout] [info]         control: /forceset/reserve_jointset_hip_l_hip_flexion_l, weight: 1.0
[2022-05-27 07:01:59.661] [cout] [info]         control: /forceset/reserve_jointset_hip_l_hip_adduction_l, weight: 1.0
[2022-05-27 07:01:59.661] [cout] [info]         control: /forceset/reserve_jointset_hip_l_hip_rotation_l, weight: 1.0
[2022-05-27 07:01:59.661] [cout] [info]         control: /forceset/reserve_jointset_walker_knee_l_knee_angle_l, weight: 1.0
[2022-05-27 07:01:59.661] [cout] [info]         control: /forceset/reserve_jointset_ankle_l_ankle_angle_l, weight: 1.0
[2022-05-27 07:01:59.661] [cout] [info] Endpoint constraints: none
[2022-05-27 07:01:59.661] [cout] [info] Kinematic constraints: (total: 2)
[2022-05-27 07:01:59.661] [cout] [info]   kinematic_constraint_cid18. MocoConstraintInfo. number of scalar equations: 3. bounds: 0, 0, 0
[2022-05-27 07:01:59.662] [cout] [info]   kinematic_constraint_cid19. MocoConstraintInfo. number of scalar equations: 3. bounds: 0, 0, 0
[2022-05-27 07:01:59.662] [cout] [info] Path constraints: none
[2022-05-27 07:01:59.662] [cout] [info] States: (total: 36)
[2022-05-27 07:01:59.662] [cout] [info]   /jointset/ground_pelvis/pelvis_tilt/value. bounds: [-1.5708, 1.5708]
[2022-05-27 07:01:59.662] [cout] [info]   /jointset/ground_pelvis/pelvis_tilt/speed. bounds: [-50, 50]
[2022-05-27 07:01:59.662] [cout] [info]   /jointset/ground_pelvis/pelvis_list/value. bounds: [-1.5708, 1.5708]
[2022-05-27 07:01:59.662] [cout] [info]   /jointset/ground_pelvis/pelvis_list/speed. bounds: [-50, 50]
[2022-05-27 07:01:59.662] [cout] [info]   /jointset/walker_knee_r/knee_angle_r/value. bounds: [0, 2.0944]
[2022-05-27 07:01:59.662] [cout] [info]   /jointset/ground_pelvis/pelvis_rotation/value. bounds: [-1.5708, 1.5708]
[2022-05-27 07:01:59.662] [cout] [info]   /jointset/walker_knee_r/knee_angle_r/speed. bounds: [-50, 50]
[2022-05-27 07:01:59.662] [cout] [info]   /jointset/ground_pelvis/pelvis_rotation/speed. bounds: [-50, 50]
[2022-05-27 07:01:59.662] [cout] [info]   /jointset/ground_pelvis/pelvis_tx/value. bounds: [-5, 5]
[2022-05-27 07:01:59.662] [cout] [info]   /jointset/ground_pelvis/pelvis_tx/speed. bounds: [-50, 50]
[2022-05-27 07:01:59.662] [cout] [info]   /jointset/ankle_l/ankle_angle_l/value. bounds: [-0.4, 0.4]
[2022-05-27 07:01:59.662] [cout] [info]   /jointset/ground_pelvis/pelvis_ty/value. bounds: [-1, 2]
[2022-05-27 07:01:59.662] [cout] [info]   /jointset/ankle_l/ankle_angle_l/speed. bounds: [-50, 50]
[2022-05-27 07:01:59.662] [cout] [info]   /jointset/ground_pelvis/pelvis_ty/speed. bounds: [-50, 50]
[2022-05-27 07:01:59.662] [cout] [info]   /jointset/hip_l/hip_rotation_l/value. bounds: [-0.698132, 0.698132]
[2022-05-27 07:01:59.662] [cout] [info]   /jointset/ground_pelvis/pelvis_tz/value. bounds: [-3, 3]
[2022-05-27 07:01:59.662] [cout] [info]   /jointset/hip_l/hip_rotation_l/speed. bounds: [-50, 50]
[2022-05-27 07:01:59.662] [cout] [info]   /jointset/ground_pelvis/pelvis_tz/speed. bounds: [-50, 50]
[2022-05-27 07:01:59.662] [cout] [info]   /jointset/ankle_r/ankle_angle_r/value. bounds: [-0.4, 0.4]
[2022-05-27 07:01:59.662] [cout] [info]   /jointset/hip_r/hip_adduction_r/speed. bounds: [-50, 50]
[2022-05-27 07:01:59.662] [cout] [info]   /jointset/hip_r/hip_flexion_r/value. bounds: [-0.523599, 2.0944]
[2022-05-27 07:01:59.662] [cout] [info]   /jointset/ankle_r/ankle_angle_r/speed. bounds: [-50, 50]
[2022-05-27 07:01:59.662] [cout] [info]   /jointset/hip_r/hip_flexion_r/speed. bounds: [-50, 50]
[2022-05-27 07:01:59.662] [cout] [info]   /jointset/hip_r/hip_adduction_r/value. bounds: [-0.872665, 0.523599]
[2022-05-27 07:01:59.662] [cout] [info]   /jointset/hip_r/hip_rotation_r/value. bounds: [-0.698132, 0.698132]
[2022-05-27 07:01:59.662] [cout] [info]   /jointset/hip_r/hip_rotation_r/speed. bounds: [-50, 50]
[2022-05-27 07:01:59.662] [cout] [info]   /jointset/patellofemoral_r/knee_angle_r_beta/value. bounds: [-99999.9, 99999.9]
[2022-05-27 07:01:59.662] [cout] [info]   /jointset/patellofemoral_r/knee_angle_r_beta/speed. bounds: [-50, 50]
[2022-05-27 07:01:59.662] [cout] [info]   /jointset/hip_l/hip_flexion_l/value. bounds: [-0.523599, 2.0944]
[2022-05-27 07:01:59.662] [cout] [info]   /jointset/hip_l/hip_flexion_l/speed. bounds: [-50, 50]
[2022-05-27 07:01:59.662] [cout] [info]   /jointset/hip_l/hip_adduction_l/value. bounds: [-0.872665, 0.523599]
[2022-05-27 07:01:59.662] [cout] [info]   /jointset/hip_l/hip_adduction_l/speed. bounds: [-50, 50]
[2022-05-27 07:01:59.662] [cout] [info]   /jointset/patellofemoral_l/knee_angle_l_beta/value. bounds: [-99999.9, 99999.9]
[2022-05-27 07:01:59.662] [cout] [info]   /jointset/walker_knee_l/knee_angle_l/value. bounds: [0, 2.0944]
[2022-05-27 07:01:59.662] [cout] [info]   /jointset/patellofemoral_l/knee_angle_l_beta/speed. bounds: [-50, 50]
[2022-05-27 07:01:59.662] [cout] [info]   /jointset/walker_knee_l/knee_angle_l/speed. bounds: [-50, 50]
[2022-05-27 07:01:59.662] [cout] [info] Controls: (total: 16)
[2022-05-27 07:01:59.662] [cout] [info]   /forceset/tau_pelvis_tilt. bounds: [-inf, inf]
[2022-05-27 07:01:59.662] [cout] [info]   /forceset/reserve_jointset_hip_r_hip_adduction_r. bounds: [-inf, inf]
[2022-05-27 07:01:59.663] [cout] [info]   /forceset/tau_pelvis_list. bounds: [-inf, inf]
[2022-05-27 07:01:59.663] [cout] [info]   /forceset/reserve_jointset_ankle_l_ankle_angle_l. bounds: [-inf, inf]
[2022-05-27 07:01:59.663] [cout] [info]   /forceset/tau_pelvis_rotation. bounds: [-inf, inf]
[2022-05-27 07:01:59.663] [cout] [info]   /forceset/tau_pelvis_tx. bounds: [-inf, inf]
[2022-05-27 07:01:59.663] [cout] [info]   /forceset/tau_pelvis_ty. bounds: [-inf, inf]
[2022-05-27 07:01:59.663] [cout] [info]   /forceset/reserve_jointset_hip_r_hip_flexion_r. bounds: [-inf, inf]
[2022-05-27 07:01:59.663] [cout] [info]   /forceset/tau_pelvis_tz. bounds: [-inf, inf]
[2022-05-27 07:01:59.663] [cout] [info]   /forceset/reserve_jointset_hip_r_hip_rotation_r. bounds: [-inf, inf]
[2022-05-27 07:01:59.663] [cout] [info]   /forceset/reserve_jointset_walker_knee_r_knee_angle_r. bounds: [-inf, inf]
[2022-05-27 07:01:59.663] [cout] [info]   /forceset/reserve_jointset_ankle_r_ankle_angle_r. bounds: [-inf, inf]
[2022-05-27 07:01:59.663] [cout] [info]   /forceset/reserve_jointset_hip_l_hip_flexion_l. bounds: [-inf, inf]
[2022-05-27 07:01:59.663] [cout] [info]   /forceset/reserve_jointset_hip_l_hip_adduction_l. bounds: [-inf, inf]
[2022-05-27 07:01:59.663] [cout] [info]   /forceset/reserve_jointset_walker_knee_l_knee_angle_l. bounds: [-inf, inf]
[2022-05-27 07:01:59.663] [cout] [info]   /forceset/reserve_jointset_hip_l_hip_rotation_l. bounds: [-inf, inf]
[2022-05-27 07:01:59.663] [cout] [info] Parameters: none
[2022-05-27 07:01:59.681] [info] Storage: read data file = grf_walk.mot (nr=4778 nc=19)
[2022-05-27 07:01:59.740] [info] ExternalForce::Right_GRF Data source being set to subject11_noload_free_trial03_ground_reaction
[2022-05-27 07:01:59.740] [info] ExternalForce::Left_GRF Data source being set to subject11_noload_free_trial03_ground_reaction
[2022-05-27 07:01:59.762] [info] Storage: read data file = grf_walk.mot (nr=4778 nc=19)
[2022-05-27 07:01:59.819] [info] ExternalForce::Right_GRF Data source being set to subject11_noload_free_trial03_ground_reaction
[2022-05-27 07:01:59.819] [info] ExternalForce::Left_GRF Data source being set to subject11_noload_free_trial03_ground_reaction
[2022-05-27 07:01:59.857] [info] Storage: read data file = grf_walk.mot (nr=4778 nc=19)
[2022-05-27 07:01:59.919] [info] ExternalForce::Right_GRF Data source being set to subject11_noload_free_trial03_ground_reaction
[2022-05-27 07:01:59.919] [info] ExternalForce::Left_GRF Data source being set to subject11_noload_free_trial03_ground_reaction
[2022-05-27 07:01:59.940] [info] Storage: read data file = grf_walk.mot (nr=4778 nc=19)
[2022-05-27 07:01:59.995] [info] ExternalForce::Right_GRF Data source being set to subject11_noload_free_trial03_ground_reaction
[2022-05-27 07:01:59.995] [info] ExternalForce::Left_GRF Data source being set to subject11_noload_free_trial03_ground_reaction
[2022-05-27 07:02:00.039] [info] Storage: read data file = grf_walk.mot (nr=4778 nc=19)
[2022-05-27 07:02:00.109] [info] ExternalForce::Right_GRF Data source being set to subject11_noload_free_trial03_ground_reaction
[2022-05-27 07:02:00.109] [info] ExternalForce::Left_GRF Data source being set to subject11_noload_free_trial03_ground_reaction
[2022-05-27 07:02:00.136] [info] Storage: read data file = grf_walk.mot (nr=4778 nc=19)
[2022-05-27 07:02:00.199] [info] ExternalForce::Right_GRF Data source being set to subject11_noload_free_trial03_ground_reaction
[2022-05-27 07:02:00.199] [info] ExternalForce::Left_GRF Data source being set to subject11_noload_free_trial03_ground_reaction
[2022-05-27 07:02:00.252] [info] Storage: read data file = grf_walk.mot (nr=4778 nc=19)
[2022-05-27 07:02:00.317] [info] ExternalForce::Right_GRF Data source being set to subject11_noload_free_trial03_ground_reaction
[2022-05-27 07:02:00.317] [info] ExternalForce::Left_GRF Data source being set to subject11_noload_free_trial03_ground_reaction
[2022-05-27 07:02:00.349] [info] Storage: read data file = grf_walk.mot (nr=4778 nc=19)
[2022-05-27 07:02:00.423] [info] ExternalForce::Right_GRF Data source being set to subject11_noload_free_trial03_ground_reaction
[2022-05-27 07:02:00.423] [info] ExternalForce::Left_GRF Data source being set to subject11_noload_free_trial03_ground_reaction
[2022-05-27 07:02:00.462] [info] Storage: read data file = grf_walk.mot (nr=4778 nc=19)
[2022-05-27 07:02:00.517] [info] ExternalForce::Right_GRF Data source being set to subject11_noload_free_trial03_ground_reaction
[2022-05-27 07:02:00.517] [info] ExternalForce::Left_GRF Data source being set to subject11_noload_free_trial03_ground_reaction
[2022-05-27 07:02:00.539] [info] Storage: read data file = grf_walk.mot (nr=4778 nc=19)
[2022-05-27 07:02:00.588] [info] ExternalForce::Right_GRF Data source being set to subject11_noload_free_trial03_ground_reaction
[2022-05-27 07:02:00.588] [info] ExternalForce::Left_GRF Data source being set to subject11_noload_free_trial03_ground_reaction
[2022-05-27 07:02:00.622] [info] Storage: read data file = grf_walk.mot (nr=4778 nc=19)
[2022-05-27 07:02:00.671] [info] ExternalForce::Right_GRF Data source being set to subject11_noload_free_trial03_ground_reaction
[2022-05-27 07:02:00.671] [info] ExternalForce::Left_GRF Data source being set to subject11_noload_free_trial03_ground_reaction
[2022-05-27 07:02:00.692] [info] Storage: read data file = grf_walk.mot (nr=4778 nc=19)
[2022-05-27 07:02:00.741] [info] ExternalForce::Right_GRF Data source being set to subject11_noload_free_trial03_ground_reaction
[2022-05-27 07:02:00.742] [info] ExternalForce::Left_GRF Data source being set to subject11_noload_free_trial03_ground_reaction
[2022-05-27 07:02:00.777] [info] Storage: read data file = grf_walk.mot (nr=4778 nc=19)
[2022-05-27 07:02:00.827] [info] ExternalForce::Right_GRF Data source being set to subject11_noload_free_trial03_ground_reaction
[2022-05-27 07:02:00.827] [info] ExternalForce::Left_GRF Data source being set to subject11_noload_free_trial03_ground_reaction
[2022-05-27 07:02:00.852] [info] Storage: read data file = grf_walk.mot (nr=4778 nc=19)
[2022-05-27 07:02:00.913] [info] ExternalForce::Right_GRF Data source being set to subject11_noload_free_trial03_ground_reaction
[2022-05-27 07:02:00.913] [info] ExternalForce::Left_GRF Data source being set to subject11_noload_free_trial03_ground_reaction
[2022-05-27 07:02:00.952] [info] Storage: read data file = grf_walk.mot (nr=4778 nc=19)
[2022-05-27 07:02:01.011] [info] ExternalForce::Right_GRF Data source being set to subject11_noload_free_trial03_ground_reaction
[2022-05-27 07:02:01.011] [info] ExternalForce::Left_GRF Data source being set to subject11_noload_free_trial03_ground_reaction
[2022-05-27 07:02:01.036] [info] Storage: read data file = grf_walk.mot (nr=4778 nc=19)
[2022-05-27 07:02:01.092] [info] ExternalForce::Right_GRF Data source being set to subject11_noload_free_trial03_ground_reaction
[2022-05-27 07:02:01.092] [info] ExternalForce::Left_GRF Data source being set to subject11_noload_free_trial03_ground_reaction
[2022-05-27 07:02:01.112] [info] Number of threads: 8
[2022-05-27 07:09:11.575] [info] Set log level to Info.
[2022-05-27 07:09:11.580] [info] ------------------------------------------------------------------------
[2022-05-27 07:09:11.580] [info] Elapsed real time: 432 second(s) (7 minute(s), 12 second(s)).
[2022-05-27 07:09:11.580] [info] Fri May 27 07:09:11 2022
[2022-05-27 07:09:11.580] [info] MocoCasADiSolver succeeded!
[2022-05-27 07:09:11.580] [info] ========================================================================
[2022-05-27 07:09:11.959] [info] Storage: read data file = grf_walk.mot (nr=4778 nc=19)
[2022-05-27 07:09:12.039] [info] ExternalForce::Right_GRF Data source being set to subject11_noload_free_trial03_ground_reaction
[2022-05-27 07:09:12.039] [info] ExternalForce::Left_GRF Data source being set to subject11_noload_free_trial03_ground_reaction
[2022-05-27 07:09:12.111] [info] Storage: read data file = grf_walk.mot (nr=4778 nc=19)
[2022-05-27 07:09:12.185] [info] ExternalForce::Right_GRF Data source being set to subject11_noload_free_trial03_ground_reaction
[2022-05-27 07:09:12.185] [info] ExternalForce::Left_GRF Data source being set to subject11_noload_free_trial03_ground_reaction
[2022-05-27 07:15:22.542] [info] Loaded model subject_scale_walk from file subject_walk_armless.osim
[2022-05-27 07:15:22.543] [warning] Couldn't find file 'r_pelvis.vtp'.
[2022-05-27 07:15:22.543] [warning] Couldn't find file 'l_pelvis.vtp'.
[2022-05-27 07:15:22.543] [warning] Couldn't find file 'sacrum.vtp'.
[2022-05-27 07:15:22.544] [warning] Couldn't find file 'r_femur.vtp'.
[2022-05-27 07:15:22.544] [warning] Couldn't find file 'r_tibia.vtp'.
[2022-05-27 07:15:22.544] [warning] Couldn't find file 'r_fibula.vtp'.
[2022-05-27 07:15:22.544] [warning] Couldn't find file 'r_patella.vtp'.
[2022-05-27 07:15:22.544] [warning] Couldn't find file 'r_talus.vtp'.
[2022-05-27 07:15:22.544] [warning] Couldn't find file 'r_foot.vtp'.
[2022-05-27 07:15:22.544] [warning] Couldn't find file 'r_bofoot.vtp'.
[2022-05-27 07:15:22.544] [warning] Couldn't find file 'l_femur.vtp'.
[2022-05-27 07:15:22.544] [warning] Couldn't find file 'l_tibia.vtp'.
[2022-05-27 07:15:22.544] [warning] Couldn't find file 'l_fibula.vtp'.
[2022-05-27 07:15:22.544] [warning] Couldn't find file 'l_patella.vtp'.
[2022-05-27 07:15:22.545] [warning] Couldn't find file 'l_talus.vtp'.
[2022-05-27 07:15:22.545] [warning] Couldn't find file 'l_foot.vtp'.
[2022-05-27 07:15:22.545] [warning] Couldn't find file 'l_bofoot.vtp'.
[2022-05-27 07:15:22.545] [warning] Couldn't find file 'hat_spine.vtp'.
[2022-05-27 07:15:22.545] [warning] Couldn't find file 'hat_jaw.vtp'.
[2022-05-27 07:15:22.545] [warning] Couldn't find file 'hat_skull.vtp'.
[2022-05-27 07:15:22.545] [warning] Couldn't find file 'hat_ribs_scap.vtp'.
[2022-05-27 07:15:22.791] [info] ExternalLoads 'grf_walk' was renamed and is being reset to 'externalloads'.
[2022-05-27 07:15:22.864] [info] Storage: read data file = grf_walk.mot (nr=4778 nc=19)
[2022-05-27 07:15:22.924] [info] ExternalForce::Right_GRF Data source being set to subject11_noload_free_trial03_ground_reaction
[2022-05-27 07:15:22.924] [info] ExternalForce::Left_GRF Data source being set to subject11_noload_free_trial03_ground_reaction
[2022-05-27 07:15:22.940] [info] Storage: read data file = grf_walk.mot (nr=4778 nc=19)
[2022-05-27 07:15:22.995] [info] ExternalForce::Right_GRF Data source being set to subject11_noload_free_trial03_ground_reaction
[2022-05-27 07:15:22.995] [info] ExternalForce::Left_GRF Data source being set to subject11_noload_free_trial03_ground_reaction
[2022-05-27 07:15:23.002] [info] Adding reserve actuators with an optimal force of 250.0...
[2022-05-27 07:15:23.010] [info] Storage: read data file = grf_walk.mot (nr=4778 nc=19)
[2022-05-27 07:15:23.060] [info] ExternalForce::Right_GRF Data source being set to subject11_noload_free_trial03_ground_reaction
[2022-05-27 07:15:23.060] [info] ExternalForce::Left_GRF Data source being set to subject11_noload_free_trial03_ground_reaction
[2022-05-27 07:15:23.082] [info] Storage: read data file = grf_walk.mot (nr=4778 nc=19)
[2022-05-27 07:15:23.130] [info] ExternalForce::Right_GRF Data source being set to subject11_noload_free_trial03_ground_reaction
[2022-05-27 07:15:23.130] [info] ExternalForce::Left_GRF Data source being set to subject11_noload_free_trial03_ground_reaction
[2022-05-27 07:15:23.135] [info] Added 10 reserve actuator(s), for each of the following coordinates:
[2022-05-27 07:15:23.135] [info]   /jointset/hip_r/hip_flexion_r
[2022-05-27 07:15:23.135] [info]   /jointset/hip_r/hip_adduction_r
[2022-05-27 07:15:23.135] [info]   /jointset/hip_r/hip_rotation_r
[2022-05-27 07:15:23.135] [info]   /jointset/walker_knee_r/knee_angle_r
[2022-05-27 07:15:23.135] [info]   /jointset/ankle_r/ankle_angle_r
[2022-05-27 07:15:23.135] [info]   /jointset/hip_l/hip_flexion_l
[2022-05-27 07:15:23.135] [info]   /jointset/hip_l/hip_adduction_l
[2022-05-27 07:15:23.135] [info]   /jointset/hip_l/hip_rotation_l
[2022-05-27 07:15:23.135] [info]   /jointset/walker_knee_l/knee_angle_l
[2022-05-27 07:15:23.135] [info]   /jointset/ankle_l/ankle_angle_l
[2022-05-27 07:15:23.140] [info] Storage: read data file = grf_walk.mot (nr=4778 nc=19)
[2022-05-27 07:15:23.188] [info] ExternalForce::Right_GRF Data source being set to subject11_noload_free_trial03_ground_reaction
[2022-05-27 07:15:23.188] [info] ExternalForce::Left_GRF Data source being set to subject11_noload_free_trial03_ground_reaction
[2022-05-27 07:15:23.273] [info] Storage: read data file = grf_walk.mot (nr=4778 nc=19)
[2022-05-27 07:15:23.322] [info] ExternalForce::Right_GRF Data source being set to subject11_noload_free_trial03_ground_reaction
[2022-05-27 07:15:23.322] [info] ExternalForce::Left_GRF Data source being set to subject11_noload_free_trial03_ground_reaction
[2022-05-27 07:15:23.356] [info] Storage: read data file = grf_walk.mot (nr=4778 nc=19)
[2022-05-27 07:15:23.417] [info] ExternalForce::Right_GRF Data source being set to subject11_noload_free_trial03_ground_reaction
[2022-05-27 07:15:23.417] [info] ExternalForce::Left_GRF Data source being set to subject11_noload_free_trial03_ground_reaction
[2022-05-27 07:15:23.441] [info] Storage: read data file = grf_walk.mot (nr=4778 nc=19)
[2022-05-27 07:15:23.502] [info] ExternalForce::Right_GRF Data source being set to subject11_noload_free_trial03_ground_reaction
[2022-05-27 07:15:23.502] [info] ExternalForce::Left_GRF Data source being set to subject11_noload_free_trial03_ground_reaction
[2022-05-27 07:15:23.540] [info] Storage: read data file = grf_walk.mot (nr=4778 nc=19)
[2022-05-27 07:15:23.594] [info] ExternalForce::Right_GRF Data source being set to subject11_noload_free_trial03_ground_reaction
[2022-05-27 07:15:23.594] [info] ExternalForce::Left_GRF Data source being set to subject11_noload_free_trial03_ground_reaction
[2022-05-27 07:15:23.619] [info] Storage: read data file = grf_walk.mot (nr=4778 nc=19)
[2022-05-27 07:15:23.673] [info] ExternalForce::Right_GRF Data source being set to subject11_noload_free_trial03_ground_reaction
[2022-05-27 07:15:23.673] [info] ExternalForce::Left_GRF Data source being set to subject11_noload_free_trial03_ground_reaction
[2022-05-27 07:15:23.713] [info] Storage: read data file = grf_walk.mot (nr=4778 nc=19)
[2022-05-27 07:15:23.768] [info] ExternalForce::Right_GRF Data source being set to subject11_noload_free_trial03_ground_reaction
[2022-05-27 07:15:23.768] [info] ExternalForce::Left_GRF Data source being set to subject11_noload_free_trial03_ground_reaction
[2022-05-27 07:15:23.791] [info] Storage: read data file = grf_walk.mot (nr=4778 nc=19)
[2022-05-27 07:15:23.846] [info] ExternalForce::Right_GRF Data source being set to subject11_noload_free_trial03_ground_reaction
[2022-05-27 07:15:23.846] [info] ExternalForce::Left_GRF Data source being set to subject11_noload_free_trial03_ground_reaction
[2022-05-27 07:15:23.884] [info] Storage: read data file = grf_walk.mot (nr=4778 nc=19)
[2022-05-27 07:15:23.941] [info] ExternalForce::Right_GRF Data source being set to subject11_noload_free_trial03_ground_reaction
[2022-05-27 07:15:23.941] [info] ExternalForce::Left_GRF Data source being set to subject11_noload_free_trial03_ground_reaction
[2022-05-27 07:15:23.965] [info] Storage: read data file = grf_walk.mot (nr=4778 nc=19)
[2022-05-27 07:15:24.020] [info] ExternalForce::Right_GRF Data source being set to subject11_noload_free_trial03_ground_reaction
[2022-05-27 07:15:24.020] [info] ExternalForce::Left_GRF Data source being set to subject11_noload_free_trial03_ground_reaction
[2022-05-27 07:15:24.056] [info] Storage: read data file = grf_walk.mot (nr=4778 nc=19)
[2022-05-27 07:15:24.109] [info] ExternalForce::Right_GRF Data source being set to subject11_noload_free_trial03_ground_reaction
[2022-05-27 07:15:24.109] [info] ExternalForce::Left_GRF Data source being set to subject11_noload_free_trial03_ground_reaction
[2022-05-27 07:15:24.132] [info] Storage: read data file = grf_walk.mot (nr=4778 nc=19)
[2022-05-27 07:15:24.184] [info] ExternalForce::Right_GRF Data source being set to subject11_noload_free_trial03_ground_reaction
[2022-05-27 07:15:24.184] [info] ExternalForce::Left_GRF Data source being set to subject11_noload_free_trial03_ground_reaction
[2022-05-27 07:15:24.222] [info] Storage: read data file = grf_walk.mot (nr=4778 nc=19)
[2022-05-27 07:15:24.275] [info] ExternalForce::Right_GRF Data source being set to subject11_noload_free_trial03_ground_reaction
[2022-05-27 07:15:24.275] [info] ExternalForce::Left_GRF Data source being set to subject11_noload_free_trial03_ground_reaction
[2022-05-27 07:15:24.298] [info] Storage: read data file = grf_walk.mot (nr=4778 nc=19)
[2022-05-27 07:15:24.356] [info] ExternalForce::Right_GRF Data source being set to subject11_noload_free_trial03_ground_reaction
[2022-05-27 07:15:24.356] [info] ExternalForce::Left_GRF Data source being set to subject11_noload_free_trial03_ground_reaction
[2022-05-27 07:15:24.395] [info] Storage: read data file = grf_walk.mot (nr=4778 nc=19)
[2022-05-27 07:15:24.453] [info] ExternalForce::Right_GRF Data source being set to subject11_noload_free_trial03_ground_reaction
[2022-05-27 07:15:24.453] [info] ExternalForce::Left_GRF Data source being set to subject11_noload_free_trial03_ground_reaction
[2022-05-27 07:15:24.480] [info] Storage: read data file = grf_walk.mot (nr=4778 nc=19)
[2022-05-27 07:15:24.536] [info] ExternalForce::Right_GRF Data source being set to subject11_noload_free_trial03_ground_reaction
[2022-05-27 07:15:24.536] [info] ExternalForce::Left_GRF Data source being set to subject11_noload_free_trial03_ground_reaction
[2022-05-27 07:15:24.574] [info] Storage: read data file = grf_walk.mot (nr=4778 nc=19)
[2022-05-27 07:15:24.629] [info] ExternalForce::Right_GRF Data source being set to subject11_noload_free_trial03_ground_reaction
[2022-05-27 07:15:24.629] [info] ExternalForce::Left_GRF Data source being set to subject11_noload_free_trial03_ground_reaction
[2022-05-27 07:15:24.655] [info] Storage: read data file = grf_walk.mot (nr=4778 nc=19)
[2022-05-27 07:15:24.705] [info] ExternalForce::Right_GRF Data source being set to subject11_noload_free_trial03_ground_reaction
[2022-05-27 07:15:24.705] [info] ExternalForce::Left_GRF Data source being set to subject11_noload_free_trial03_ground_reaction
[2022-05-27 07:15:24.740] [info] Storage: read data file = grf_walk.mot (nr=4778 nc=19)
[2022-05-27 07:15:24.792] [info] ExternalForce::Right_GRF Data source being set to subject11_noload_free_trial03_ground_reaction
[2022-05-27 07:15:24.792] [info] ExternalForce::Left_GRF Data source being set to subject11_noload_free_trial03_ground_reaction
[2022-05-27 07:15:24.815] [info] Storage: read data file = grf_walk.mot (nr=4778 nc=19)
[2022-05-27 07:15:24.864] [info] ExternalForce::Right_GRF Data source being set to subject11_noload_free_trial03_ground_reaction
[2022-05-27 07:15:24.864] [info] ExternalForce::Left_GRF Data source being set to subject11_noload_free_trial03_ground_reaction
[2022-05-27 07:15:24.896] [info] Storage: read data file = grf_walk.mot (nr=4778 nc=19)
[2022-05-27 07:15:24.945] [info] ExternalForce::Right_GRF Data source being set to subject11_noload_free_trial03_ground_reaction
[2022-05-27 07:15:24.945] [info] ExternalForce::Left_GRF Data source being set to subject11_noload_free_trial03_ground_reaction
[2022-05-27 07:15:24.966] [info] Storage: read data file = grf_walk.mot (nr=4778 nc=19)
[2022-05-27 07:15:25.014] [info] ExternalForce::Right_GRF Data source being set to subject11_noload_free_trial03_ground_reaction
[2022-05-27 07:15:25.015] [info] ExternalForce::Left_GRF Data source being set to subject11_noload_free_trial03_ground_reaction
[2022-05-27 07:15:25.117] [info] Storage: read data file = grf_walk.mot (nr=4778 nc=19)
[2022-05-27 07:15:25.178] [info] ExternalForce::Right_GRF Data source being set to subject11_noload_free_trial03_ground_reaction
[2022-05-27 07:15:25.178] [info] ExternalForce::Left_GRF Data source being set to subject11_noload_free_trial03_ground_reaction
[2022-05-27 07:15:25.204] [info] Storage: read data file = grf_walk.mot (nr=4778 nc=19)
[2022-05-27 07:15:25.277] [info] ExternalForce::Right_GRF Data source being set to subject11_noload_free_trial03_ground_reaction
[2022-05-27 07:15:25.277] [info] ExternalForce::Left_GRF Data source being set to subject11_noload_free_trial03_ground_reaction
[2022-05-27 07:15:25.326] [info] Storage: read data file = grf_walk.mot (nr=4778 nc=19)
[2022-05-27 07:15:25.392] [info] ExternalForce::Right_GRF Data source being set to subject11_noload_free_trial03_ground_reaction
[2022-05-27 07:15:25.392] [info] ExternalForce::Left_GRF Data source being set to subject11_noload_free_trial03_ground_reaction
[2022-05-27 07:15:25.416] [info] Storage: read data file = grf_walk.mot (nr=4778 nc=19)
[2022-05-27 07:15:25.476] [info] ExternalForce::Right_GRF Data source being set to subject11_noload_free_trial03_ground_reaction
[2022-05-27 07:15:25.476] [info] ExternalForce::Left_GRF Data source being set to subject11_noload_free_trial03_ground_reaction
[2022-05-27 07:15:25.511] [info] ========================================================================
[2022-05-27 07:15:25.511] [info] MocoCasADiSolver starting.
[2022-05-27 07:15:25.511] [info] Fri May 27 07:15:25 2022
[2022-05-27 07:15:25.511] [info] ------------------------------------------------------------------------
[2022-05-27 07:15:25.511] [cout] [info] Costs: (total: 2)
[2022-05-27 07:15:25.511] [cout] [info]   marker_tracking. MocoMarkerTrackingGoal, enabled: true, mode: cost, weight: 10.0
[2022-05-27 07:15:25.511] [cout] [info]         allow unused references: 
[2022-05-27 07:15:25.511] [cout] [info]         tracked marker(s):
[2022-05-27 07:15:25.512] [cout] [info]             R.Shoulder, weight: 1.0
[2022-05-27 07:15:25.512] [cout] [info]             L.Shoulder, weight: 1.0
[2022-05-27 07:15:25.512] [cout] [info]             R.Clavicle, weight: 1.0
[2022-05-27 07:15:25.512] [cout] [info]             L.Clavicle, weight: 1.0
[2022-05-27 07:15:25.512] [cout] [info]             R.Biceps, weight: 1.0
[2022-05-27 07:15:25.512] [cout] [info]             R.Elbow, weight: 1.0
[2022-05-27 07:15:25.512] [cout] [info]             R.Forearm, weight: 1.0
[2022-05-27 07:15:25.512] [cout] [info]             R.Wrist, weight: 1.0
[2022-05-27 07:15:25.512] [cout] [info]             L.Biceps, weight: 1.0
[2022-05-27 07:15:25.512] [cout] [info]             L.Elbow, weight: 1.0
[2022-05-27 07:15:25.512] [cout] [info]             L.Forearm, weight: 1.0
[2022-05-27 07:15:25.512] [cout] [info]             L.Wrist, weight: 1.0
[2022-05-27 07:15:25.512] [cout] [info]             R.ASIS, weight: 20.0
[2022-05-27 07:15:25.512] [cout] [info]             L.ASIS, weight: 20.0
[2022-05-27 07:15:25.512] [cout] [info]             R.PSIS, weight: 20.0
[2022-05-27 07:15:25.512] [cout] [info]             S2, weight: 1.0
[2022-05-27 07:15:25.512] [cout] [info]             L.PSIS, weight: 20.0
[2022-05-27 07:15:25.512] [cout] [info]             R.TH1, weight: 1.0
[2022-05-27 07:15:25.512] [cout] [info]             R.TH2, weight: 1.0
[2022-05-27 07:15:25.512] [cout] [info]             R.TH3, weight: 1.0
[2022-05-27 07:15:25.512] [cout] [info]             R.Knee, weight: 10.0
[2022-05-27 07:15:25.512] [cout] [info]             R.SH1, weight: 1.0
[2022-05-27 07:15:25.512] [cout] [info]             R.SH2, weight: 1.0
[2022-05-27 07:15:25.512] [cout] [info]             R.SH3, weight: 1.0
[2022-05-27 07:15:25.512] [cout] [info]             R.SH4, weight: 1.0
[2022-05-27 07:15:25.512] [cout] [info]             R.Ankle, weight: 10.0
[2022-05-27 07:15:25.512] [cout] [info]             R.Heel, weight: 10.0
[2022-05-27 07:15:25.512] [cout] [info]             R.MT5, weight: 5.0
[2022-05-27 07:15:25.512] [cout] [info]             R.Toe, weight: 2.0
[2022-05-27 07:15:25.512] [cout] [info]             L.TH1, weight: 1.0
[2022-05-27 07:15:25.512] [cout] [info]             L.TH2, weight: 1.0
[2022-05-27 07:15:25.512] [cout] [info]             L.TH3, weight: 1.0
[2022-05-27 07:15:25.512] [cout] [info]             L.TH4, weight: 1.0
[2022-05-27 07:15:25.512] [cout] [info]             L.Knee, weight: 10.0
[2022-05-27 07:15:25.512] [cout] [info]             L.SH1, weight: 1.0
[2022-05-27 07:15:25.512] [cout] [info]             L.SH2, weight: 1.0
[2022-05-27 07:15:25.512] [cout] [info]             L.SH3, weight: 1.0
[2022-05-27 07:15:25.512] [cout] [info]             L.Ankle, weight: 10.0
[2022-05-27 07:15:25.512] [cout] [info]             L.Heel, weight: 10.0
[2022-05-27 07:15:25.512] [cout] [info]             L.MT5, weight: 5.0
[2022-05-27 07:15:25.512] [cout] [info]             L.Toe, weight: 2.0
[2022-05-27 07:15:25.512] [cout] [info]   control_effort. MocoControlGoal, enabled: true, mode: cost, weight: 0.00100000
[2022-05-27 07:15:25.512] [cout] [info]         control: /forceset/tau_pelvis_tilt, weight: 1.0
[2022-05-27 07:15:25.512] [cout] [info]         control: /forceset/tau_pelvis_list, weight: 1.0
[2022-05-27 07:15:25.512] [cout] [info]         control: /forceset/tau_pelvis_rotation, weight: 1.0
[2022-05-27 07:15:25.512] [cout] [info]         control: /forceset/tau_pelvis_tx, weight: 1.0
[2022-05-27 07:15:25.512] [cout] [info]         control: /forceset/tau_pelvis_ty, weight: 1.0
[2022-05-27 07:15:25.512] [cout] [info]         control: /forceset/tau_pelvis_tz, weight: 1.0
[2022-05-27 07:15:25.512] [cout] [info]         control: /forceset/reserve_jointset_hip_r_hip_flexion_r, weight: 1.0
[2022-05-27 07:15:25.512] [cout] [info]         control: /forceset/reserve_jointset_hip_r_hip_adduction_r, weight: 1.0
[2022-05-27 07:15:25.512] [cout] [info]         control: /forceset/reserve_jointset_hip_r_hip_rotation_r, weight: 1.0
[2022-05-27 07:15:25.512] [cout] [info]         control: /forceset/reserve_jointset_walker_knee_r_knee_angle_r, weight: 1.0
[2022-05-27 07:15:25.512] [cout] [info]         control: /forceset/reserve_jointset_ankle_r_ankle_angle_r, weight: 1.0
[2022-05-27 07:15:25.512] [cout] [info]         control: /forceset/reserve_jointset_hip_l_hip_flexion_l, weight: 1.0
[2022-05-27 07:15:25.512] [cout] [info]         control: /forceset/reserve_jointset_hip_l_hip_adduction_l, weight: 1.0
[2022-05-27 07:15:25.512] [cout] [info]         control: /forceset/reserve_jointset_hip_l_hip_rotation_l, weight: 1.0
[2022-05-27 07:15:25.512] [cout] [info]         control: /forceset/reserve_jointset_walker_knee_l_knee_angle_l, weight: 1.0
[2022-05-27 07:15:25.512] [cout] [info]         control: /forceset/reserve_jointset_ankle_l_ankle_angle_l, weight: 1.0
[2022-05-27 07:15:25.512] [cout] [info] Endpoint constraints: none
[2022-05-27 07:15:25.512] [cout] [info] Kinematic constraints: (total: 2)
[2022-05-27 07:15:25.513] [cout] [info]   kinematic_constraint_cid18. MocoConstraintInfo. number of scalar equations: 3. bounds: 0, 0, 0
[2022-05-27 07:15:25.513] [cout] [info]   kinematic_constraint_cid19. MocoConstraintInfo. number of scalar equations: 3. bounds: 0, 0, 0
[2022-05-27 07:15:25.513] [cout] [info] Path constraints: none
[2022-05-27 07:15:25.513] [cout] [info] States: (total: 36)
[2022-05-27 07:15:25.513] [cout] [info]   /jointset/ground_pelvis/pelvis_tilt/value. bounds: [-1.5708, 1.5708]
[2022-05-27 07:15:25.513] [cout] [info]   /jointset/ground_pelvis/pelvis_tilt/speed. bounds: [-50, 50]
[2022-05-27 07:15:25.513] [cout] [info]   /jointset/ground_pelvis/pelvis_list/value. bounds: [-1.5708, 1.5708]
[2022-05-27 07:15:25.513] [cout] [info]   /jointset/ground_pelvis/pelvis_list/speed. bounds: [-50, 50]
[2022-05-27 07:15:25.513] [cout] [info]   /jointset/walker_knee_r/knee_angle_r/value. bounds: [0, 2.0944]
[2022-05-27 07:15:25.513] [cout] [info]   /jointset/ground_pelvis/pelvis_rotation/value. bounds: [-1.5708, 1.5708]
[2022-05-27 07:15:25.513] [cout] [info]   /jointset/walker_knee_r/knee_angle_r/speed. bounds: [-50, 50]
[2022-05-27 07:15:25.513] [cout] [info]   /jointset/ground_pelvis/pelvis_rotation/speed. bounds: [-50, 50]
[2022-05-27 07:15:25.513] [cout] [info]   /jointset/ground_pelvis/pelvis_tx/value. bounds: [-5, 5]
[2022-05-27 07:15:25.513] [cout] [info]   /jointset/ground_pelvis/pelvis_tx/speed. bounds: [-50, 50]
[2022-05-27 07:15:25.513] [cout] [info]   /jointset/ankle_l/ankle_angle_l/value. bounds: [-0.4, 0.4]
[2022-05-27 07:15:25.513] [cout] [info]   /jointset/ground_pelvis/pelvis_ty/value. bounds: [-1, 2]
[2022-05-27 07:15:25.513] [cout] [info]   /jointset/ankle_l/ankle_angle_l/speed. bounds: [-50, 50]
[2022-05-27 07:15:25.513] [cout] [info]   /jointset/ground_pelvis/pelvis_ty/speed. bounds: [-50, 50]
[2022-05-27 07:15:25.513] [cout] [info]   /jointset/hip_l/hip_rotation_l/value. bounds: [-0.698132, 0.698132]
[2022-05-27 07:15:25.513] [cout] [info]   /jointset/ground_pelvis/pelvis_tz/value. bounds: [-3, 3]
[2022-05-27 07:15:25.513] [cout] [info]   /jointset/hip_l/hip_rotation_l/speed. bounds: [-50, 50]
[2022-05-27 07:15:25.513] [cout] [info]   /jointset/ground_pelvis/pelvis_tz/speed. bounds: [-50, 50]
[2022-05-27 07:15:25.513] [cout] [info]   /jointset/ankle_r/ankle_angle_r/value. bounds: [-0.4, 0.4]
[2022-05-27 07:15:25.513] [cout] [info]   /jointset/hip_r/hip_adduction_r/speed. bounds: [-50, 50]
[2022-05-27 07:15:25.513] [cout] [info]   /jointset/hip_r/hip_flexion_r/value. bounds: [-0.523599, 2.0944]
[2022-05-27 07:15:25.513] [cout] [info]   /jointset/ankle_r/ankle_angle_r/speed. bounds: [-50, 50]
[2022-05-27 07:15:25.513] [cout] [info]   /jointset/hip_r/hip_flexion_r/speed. bounds: [-50, 50]
[2022-05-27 07:15:25.513] [cout] [info]   /jointset/hip_r/hip_adduction_r/value. bounds: [-0.872665, 0.523599]
[2022-05-27 07:15:25.513] [cout] [info]   /jointset/hip_r/hip_rotation_r/value. bounds: [-0.698132, 0.698132]
[2022-05-27 07:15:25.513] [cout] [info]   /jointset/hip_r/hip_rotation_r/speed. bounds: [-50, 50]
[2022-05-27 07:15:25.513] [cout] [info]   /jointset/patellofemoral_r/knee_angle_r_beta/value. bounds: [-99999.9, 99999.9]
[2022-05-27 07:15:25.514] [cout] [info]   /jointset/patellofemoral_r/knee_angle_r_beta/speed. bounds: [-50, 50]
[2022-05-27 07:15:25.514] [cout] [info]   /jointset/hip_l/hip_flexion_l/value. bounds: [-0.523599, 2.0944]
[2022-05-27 07:15:25.514] [cout] [info]   /jointset/hip_l/hip_flexion_l/speed. bounds: [-50, 50]
[2022-05-27 07:15:25.514] [cout] [info]   /jointset/hip_l/hip_adduction_l/value. bounds: [-0.872665, 0.523599]
[2022-05-27 07:15:25.514] [cout] [info]   /jointset/hip_l/hip_adduction_l/speed. bounds: [-50, 50]
[2022-05-27 07:15:25.514] [cout] [info]   /jointset/patellofemoral_l/knee_angle_l_beta/value. bounds: [-99999.9, 99999.9]
[2022-05-27 07:15:25.514] [cout] [info]   /jointset/walker_knee_l/knee_angle_l/value. bounds: [0, 2.0944]
[2022-05-27 07:15:25.514] [cout] [info]   /jointset/patellofemoral_l/knee_angle_l_beta/speed. bounds: [-50, 50]
[2022-05-27 07:15:25.514] [cout] [info]   /jointset/walker_knee_l/knee_angle_l/speed. bounds: [-50, 50]
[2022-05-27 07:15:25.514] [cout] [info] Controls: (total: 16)
[2022-05-27 07:15:25.514] [cout] [info]   /forceset/tau_pelvis_tilt. bounds: [-inf, inf]
[2022-05-27 07:15:25.514] [cout] [info]   /forceset/reserve_jointset_hip_r_hip_adduction_r. bounds: [-inf, inf]
[2022-05-27 07:15:25.514] [cout] [info]   /forceset/tau_pelvis_list. bounds: [-inf, inf]
[2022-05-27 07:15:25.514] [cout] [info]   /forceset/reserve_jointset_ankle_l_ankle_angle_l. bounds: [-inf, inf]
[2022-05-27 07:15:25.514] [cout] [info]   /forceset/tau_pelvis_rotation. bounds: [-inf, inf]
[2022-05-27 07:15:25.514] [cout] [info]   /forceset/tau_pelvis_tx. bounds: [-inf, inf]
[2022-05-27 07:15:25.514] [cout] [info]   /forceset/tau_pelvis_ty. bounds: [-inf, inf]
[2022-05-27 07:15:25.514] [cout] [info]   /forceset/reserve_jointset_hip_r_hip_flexion_r. bounds: [-inf, inf]
[2022-05-27 07:15:25.514] [cout] [info]   /forceset/tau_pelvis_tz. bounds: [-inf, inf]
[2022-05-27 07:15:25.514] [cout] [info]   /forceset/reserve_jointset_hip_r_hip_rotation_r. bounds: [-inf, inf]
[2022-05-27 07:15:25.514] [cout] [info]   /forceset/reserve_jointset_walker_knee_r_knee_angle_r. bounds: [-inf, inf]
[2022-05-27 07:15:25.514] [cout] [info]   /forceset/reserve_jointset_ankle_r_ankle_angle_r. bounds: [-inf, inf]
[2022-05-27 07:15:25.514] [cout] [info]   /forceset/reserve_jointset_hip_l_hip_flexion_l. bounds: [-inf, inf]
[2022-05-27 07:15:25.514] [cout] [info]   /forceset/reserve_jointset_hip_l_hip_adduction_l. bounds: [-inf, inf]
[2022-05-27 07:15:25.514] [cout] [info]   /forceset/reserve_jointset_walker_knee_l_knee_angle_l. bounds: [-inf, inf]
[2022-05-27 07:15:25.514] [cout] [info]   /forceset/reserve_jointset_hip_l_hip_rotation_l. bounds: [-inf, inf]
[2022-05-27 07:15:25.514] [cout] [info] Parameters: none
[2022-05-27 07:15:25.542] [info] Storage: read data file = grf_walk.mot (nr=4778 nc=19)
[2022-05-27 07:15:25.604] [info] ExternalForce::Right_GRF Data source being set to subject11_noload_free_trial03_ground_reaction
[2022-05-27 07:15:25.604] [info] ExternalForce::Left_GRF Data source being set to subject11_noload_free_trial03_ground_reaction
[2022-05-27 07:15:25.633] [info] Storage: read data file = grf_walk.mot (nr=4778 nc=19)
[2022-05-27 07:15:25.688] [info] ExternalForce::Right_GRF Data source being set to subject11_noload_free_trial03_ground_reaction
[2022-05-27 07:15:25.688] [info] ExternalForce::Left_GRF Data source being set to subject11_noload_free_trial03_ground_reaction
[2022-05-27 07:15:25.723] [info] Storage: read data file = grf_walk.mot (nr=4778 nc=19)
[2022-05-27 07:15:25.779] [info] ExternalForce::Right_GRF Data source being set to subject11_noload_free_trial03_ground_reaction
[2022-05-27 07:15:25.779] [info] ExternalForce::Left_GRF Data source being set to subject11_noload_free_trial03_ground_reaction
[2022-05-27 07:15:25.802] [info] Storage: read data file = grf_walk.mot (nr=4778 nc=19)
[2022-05-27 07:15:25.854] [info] ExternalForce::Right_GRF Data source being set to subject11_noload_free_trial03_ground_reaction
[2022-05-27 07:15:25.854] [info] ExternalForce::Left_GRF Data source being set to subject11_noload_free_trial03_ground_reaction
[2022-05-27 07:15:25.887] [info] Storage: read data file = grf_walk.mot (nr=4778 nc=19)
[2022-05-27 07:15:25.935] [info] ExternalForce::Right_GRF Data source being set to subject11_noload_free_trial03_ground_reaction
[2022-05-27 07:15:25.935] [info] ExternalForce::Left_GRF Data source being set to subject11_noload_free_trial03_ground_reaction
[2022-05-27 07:15:25.955] [info] Storage: read data file = grf_walk.mot (nr=4778 nc=19)
[2022-05-27 07:15:26.003] [info] ExternalForce::Right_GRF Data source being set to subject11_noload_free_trial03_ground_reaction
[2022-05-27 07:15:26.003] [info] ExternalForce::Left_GRF Data source being set to subject11_noload_free_trial03_ground_reaction
[2022-05-27 07:15:26.036] [info] Storage: read data file = grf_walk.mot (nr=4778 nc=19)
[2022-05-27 07:15:26.085] [info] ExternalForce::Right_GRF Data source being set to subject11_noload_free_trial03_ground_reaction
[2022-05-27 07:15:26.085] [info] ExternalForce::Left_GRF Data source being set to subject11_noload_free_trial03_ground_reaction
[2022-05-27 07:15:26.105] [info] Storage: read data file = grf_walk.mot (nr=4778 nc=19)
[2022-05-27 07:15:26.153] [info] ExternalForce::Right_GRF Data source being set to subject11_noload_free_trial03_ground_reaction
[2022-05-27 07:15:26.153] [info] ExternalForce::Left_GRF Data source being set to subject11_noload_free_trial03_ground_reaction
[2022-05-27 07:15:26.186] [info] Storage: read data file = grf_walk.mot (nr=4778 nc=19)
[2022-05-27 07:15:26.237] [info] ExternalForce::Right_GRF Data source being set to subject11_noload_free_trial03_ground_reaction
[2022-05-27 07:15:26.237] [info] ExternalForce::Left_GRF Data source being set to subject11_noload_free_trial03_ground_reaction
[2022-05-27 07:15:26.260] [info] Storage: read data file = grf_walk.mot (nr=4778 nc=19)
[2022-05-27 07:15:26.316] [info] ExternalForce::Right_GRF Data source being set to subject11_noload_free_trial03_ground_reaction
[2022-05-27 07:15:26.316] [info] ExternalForce::Left_GRF Data source being set to subject11_noload_free_trial03_ground_reaction
[2022-05-27 07:15:26.354] [info] Storage: read data file = grf_walk.mot (nr=4778 nc=19)
[2022-05-27 07:15:26.412] [info] ExternalForce::Right_GRF Data source being set to subject11_noload_free_trial03_ground_reaction
[2022-05-27 07:15:26.412] [info] ExternalForce::Left_GRF Data source being set to subject11_noload_free_trial03_ground_reaction
[2022-05-27 07:15:26.436] [info] Storage: read data file = grf_walk.mot (nr=4778 nc=19)
[2022-05-27 07:15:26.491] [info] ExternalForce::Right_GRF Data source being set to subject11_noload_free_trial03_ground_reaction
[2022-05-27 07:15:26.491] [info] ExternalForce::Left_GRF Data source being set to subject11_noload_free_trial03_ground_reaction
[2022-05-27 07:15:26.530] [info] Storage: read data file = grf_walk.mot (nr=4778 nc=19)
[2022-05-27 07:15:26.594] [info] ExternalForce::Right_GRF Data source being set to subject11_noload_free_trial03_ground_reaction
[2022-05-27 07:15:26.594] [info] ExternalForce::Left_GRF Data source being set to subject11_noload_free_trial03_ground_reaction
[2022-05-27 07:15:26.627] [info] Storage: read data file = grf_walk.mot (nr=4778 nc=19)
[2022-05-27 07:15:26.681] [info] ExternalForce::Right_GRF Data source being set to subject11_noload_free_trial03_ground_reaction
[2022-05-27 07:15:26.681] [info] ExternalForce::Left_GRF Data source being set to subject11_noload_free_trial03_ground_reaction
[2022-05-27 07:15:26.716] [info] Storage: read data file = grf_walk.mot (nr=4778 nc=19)
[2022-05-27 07:15:26.780] [info] ExternalForce::Right_GRF Data source being set to subject11_noload_free_trial03_ground_reaction
[2022-05-27 07:15:26.780] [info] ExternalForce::Left_GRF Data source being set to subject11_noload_free_trial03_ground_reaction
[2022-05-27 07:15:26.805] [info] Storage: read data file = grf_walk.mot (nr=4778 nc=19)
[2022-05-27 07:15:26.860] [info] ExternalForce::Right_GRF Data source being set to subject11_noload_free_trial03_ground_reaction
[2022-05-27 07:15:26.860] [info] ExternalForce::Left_GRF Data source being set to subject11_noload_free_trial03_ground_reaction
[2022-05-27 07:15:26.879] [info] Number of threads: 8
[2022-05-27 07:23:06.750] [info] Set log level to Info.
[2022-05-27 07:23:06.753] [info] ------------------------------------------------------------------------
[2022-05-27 07:23:06.753] [info] Elapsed real time: 461 second(s) (7 minute(s), 41 second(s)).
[2022-05-27 07:23:06.753] [info] Fri May 27 07:23:06 2022
[2022-05-27 07:23:06.753] [info] MocoCasADiSolver succeeded!
[2022-05-27 07:23:06.753] [info] ========================================================================
[2022-05-27 08:06:38.035] [info] Loaded model subject_scale_walk from file subject_walk_armless.osim
[2022-05-27 08:06:38.036] [warning] Couldn't find file 'r_pelvis.vtp'.
[2022-05-27 08:06:38.036] [warning] Couldn't find file 'l_pelvis.vtp'.
[2022-05-27 08:06:38.036] [warning] Couldn't find file 'sacrum.vtp'.
[2022-05-27 08:06:38.037] [warning] Couldn't find file 'r_femur.vtp'.
[2022-05-27 08:06:38.037] [warning] Couldn't find file 'r_tibia.vtp'.
[2022-05-27 08:06:38.037] [warning] Couldn't find file 'r_fibula.vtp'.
[2022-05-27 08:06:38.037] [warning] Couldn't find file 'r_patella.vtp'.
[2022-05-27 08:06:38.037] [warning] Couldn't find file 'r_talus.vtp'.
[2022-05-27 08:06:38.038] [warning] Couldn't find file 'r_foot.vtp'.
[2022-05-27 08:06:38.038] [warning] Couldn't find file 'r_bofoot.vtp'.
[2022-05-27 08:06:38.038] [warning] Couldn't find file 'l_femur.vtp'.
[2022-05-27 08:06:38.038] [warning] Couldn't find file 'l_tibia.vtp'.
[2022-05-27 08:06:38.038] [warning] Couldn't find file 'l_fibula.vtp'.
[2022-05-27 08:06:38.038] [warning] Couldn't find file 'l_patella.vtp'.
[2022-05-27 08:06:38.038] [warning] Couldn't find file 'l_talus.vtp'.
[2022-05-27 08:06:38.039] [warning] Couldn't find file 'l_foot.vtp'.
[2022-05-27 08:06:38.039] [warning] Couldn't find file 'l_bofoot.vtp'.
[2022-05-27 08:06:38.039] [warning] Couldn't find file 'hat_spine.vtp'.
[2022-05-27 08:06:38.039] [warning] Couldn't find file 'hat_jaw.vtp'.
[2022-05-27 08:06:38.039] [warning] Couldn't find file 'hat_skull.vtp'.
[2022-05-27 08:06:38.039] [warning] Couldn't find file 'hat_ribs_scap.vtp'.
[2022-05-27 08:06:38.345] [info] ExternalLoads 'grf_walk' was renamed and is being reset to 'externalloads'.
[2022-05-27 08:06:38.413] [info] Storage: read data file = grf_walk.mot (nr=4778 nc=19)
[2022-05-27 08:06:38.465] [info] ExternalForce::Right_GRF Data source being set to subject11_noload_free_trial03_ground_reaction
[2022-05-27 08:06:38.465] [info] ExternalForce::Left_GRF Data source being set to subject11_noload_free_trial03_ground_reaction
[2022-05-27 08:06:38.482] [info] Storage: read data file = grf_walk.mot (nr=4778 nc=19)
[2022-05-27 08:06:38.538] [info] ExternalForce::Right_GRF Data source being set to subject11_noload_free_trial03_ground_reaction
[2022-05-27 08:06:38.538] [info] ExternalForce::Left_GRF Data source being set to subject11_noload_free_trial03_ground_reaction
[2022-05-27 08:06:38.544] [info] Adding reserve actuators with an optimal force of 250.0...
[2022-05-27 08:06:38.551] [info] Storage: read data file = grf_walk.mot (nr=4778 nc=19)
[2022-05-27 08:06:38.608] [info] ExternalForce::Right_GRF Data source being set to subject11_noload_free_trial03_ground_reaction
[2022-05-27 08:06:38.608] [info] ExternalForce::Left_GRF Data source being set to subject11_noload_free_trial03_ground_reaction
[2022-05-27 08:06:38.633] [info] Storage: read data file = grf_walk.mot (nr=4778 nc=19)
[2022-05-27 08:06:38.688] [info] ExternalForce::Right_GRF Data source being set to subject11_noload_free_trial03_ground_reaction
[2022-05-27 08:06:38.688] [info] ExternalForce::Left_GRF Data source being set to subject11_noload_free_trial03_ground_reaction
[2022-05-27 08:06:38.692] [info] Added 10 reserve actuator(s), for each of the following coordinates:
[2022-05-27 08:06:38.693] [info]   /jointset/hip_r/hip_flexion_r
[2022-05-27 08:06:38.693] [info]   /jointset/hip_r/hip_adduction_r
[2022-05-27 08:06:38.693] [info]   /jointset/hip_r/hip_rotation_r
[2022-05-27 08:06:38.693] [info]   /jointset/walker_knee_r/knee_angle_r
[2022-05-27 08:06:38.693] [info]   /jointset/ankle_r/ankle_angle_r
[2022-05-27 08:06:38.693] [info]   /jointset/hip_l/hip_flexion_l
[2022-05-27 08:06:38.693] [info]   /jointset/hip_l/hip_adduction_l
[2022-05-27 08:06:38.693] [info]   /jointset/hip_l/hip_rotation_l
[2022-05-27 08:06:38.693] [info]   /jointset/walker_knee_l/knee_angle_l
[2022-05-27 08:06:38.693] [info]   /jointset/ankle_l/ankle_angle_l
[2022-05-27 08:06:38.698] [info] Storage: read data file = grf_walk.mot (nr=4778 nc=19)
[2022-05-27 08:06:38.751] [info] ExternalForce::Right_GRF Data source being set to subject11_noload_free_trial03_ground_reaction
[2022-05-27 08:06:38.751] [info] ExternalForce::Left_GRF Data source being set to subject11_noload_free_trial03_ground_reaction
[2022-05-27 08:06:38.847] [info] Storage: read data file = grf_walk.mot (nr=4778 nc=19)
[2022-05-27 08:06:38.902] [info] ExternalForce::Right_GRF Data source being set to subject11_noload_free_trial03_ground_reaction
[2022-05-27 08:06:38.902] [info] ExternalForce::Left_GRF Data source being set to subject11_noload_free_trial03_ground_reaction
[2022-05-27 08:06:38.954] [info] Storage: read data file = grf_walk.mot (nr=4778 nc=19)
[2022-05-27 08:06:39.024] [info] ExternalForce::Right_GRF Data source being set to subject11_noload_free_trial03_ground_reaction
[2022-05-27 08:06:39.024] [info] ExternalForce::Left_GRF Data source being set to subject11_noload_free_trial03_ground_reaction
[2022-05-27 08:06:39.050] [info] Storage: read data file = grf_walk.mot (nr=4778 nc=19)
[2022-05-27 08:06:39.112] [info] ExternalForce::Right_GRF Data source being set to subject11_noload_free_trial03_ground_reaction
[2022-05-27 08:06:39.112] [info] ExternalForce::Left_GRF Data source being set to subject11_noload_free_trial03_ground_reaction
[2022-05-27 08:06:39.155] [info] Storage: read data file = grf_walk.mot (nr=4778 nc=19)
[2022-05-27 08:06:39.214] [info] ExternalForce::Right_GRF Data source being set to subject11_noload_free_trial03_ground_reaction
[2022-05-27 08:06:39.214] [info] ExternalForce::Left_GRF Data source being set to subject11_noload_free_trial03_ground_reaction
[2022-05-27 08:06:39.241] [info] Storage: read data file = grf_walk.mot (nr=4778 nc=19)
[2022-05-27 08:06:39.292] [info] ExternalForce::Right_GRF Data source being set to subject11_noload_free_trial03_ground_reaction
[2022-05-27 08:06:39.292] [info] ExternalForce::Left_GRF Data source being set to subject11_noload_free_trial03_ground_reaction
[2022-05-27 08:06:39.331] [info] Storage: read data file = grf_walk.mot (nr=4778 nc=19)
[2022-05-27 08:06:39.379] [info] ExternalForce::Right_GRF Data source being set to subject11_noload_free_trial03_ground_reaction
[2022-05-27 08:06:39.380] [info] ExternalForce::Left_GRF Data source being set to subject11_noload_free_trial03_ground_reaction
[2022-05-27 08:06:39.400] [info] Storage: read data file = grf_walk.mot (nr=4778 nc=19)
[2022-05-27 08:06:39.453] [info] ExternalForce::Right_GRF Data source being set to subject11_noload_free_trial03_ground_reaction
[2022-05-27 08:06:39.453] [info] ExternalForce::Left_GRF Data source being set to subject11_noload_free_trial03_ground_reaction
[2022-05-27 08:06:39.496] [info] Storage: read data file = grf_walk.mot (nr=4778 nc=19)
[2022-05-27 08:06:39.558] [info] ExternalForce::Right_GRF Data source being set to subject11_noload_free_trial03_ground_reaction
[2022-05-27 08:06:39.558] [info] ExternalForce::Left_GRF Data source being set to subject11_noload_free_trial03_ground_reaction
[2022-05-27 08:06:39.581] [info] Storage: read data file = grf_walk.mot (nr=4778 nc=19)
[2022-05-27 08:06:39.636] [info] ExternalForce::Right_GRF Data source being set to subject11_noload_free_trial03_ground_reaction
[2022-05-27 08:06:39.636] [info] ExternalForce::Left_GRF Data source being set to subject11_noload_free_trial03_ground_reaction
[2022-05-27 08:06:39.671] [info] Storage: read data file = grf_walk.mot (nr=4778 nc=19)
[2022-05-27 08:06:39.724] [info] ExternalForce::Right_GRF Data source being set to subject11_noload_free_trial03_ground_reaction
[2022-05-27 08:06:39.724] [info] ExternalForce::Left_GRF Data source being set to subject11_noload_free_trial03_ground_reaction
[2022-05-27 08:06:39.747] [info] Storage: read data file = grf_walk.mot (nr=4778 nc=19)
[2022-05-27 08:06:39.801] [info] ExternalForce::Right_GRF Data source being set to subject11_noload_free_trial03_ground_reaction
[2022-05-27 08:06:39.801] [info] ExternalForce::Left_GRF Data source being set to subject11_noload_free_trial03_ground_reaction
[2022-05-27 08:06:39.845] [info] Storage: read data file = grf_walk.mot (nr=4778 nc=19)
[2022-05-27 08:06:39.913] [info] ExternalForce::Right_GRF Data source being set to subject11_noload_free_trial03_ground_reaction
[2022-05-27 08:06:39.913] [info] ExternalForce::Left_GRF Data source being set to subject11_noload_free_trial03_ground_reaction
[2022-05-27 08:06:39.936] [info] Storage: read data file = grf_walk.mot (nr=4778 nc=19)
[2022-05-27 08:06:39.990] [info] ExternalForce::Right_GRF Data source being set to subject11_noload_free_trial03_ground_reaction
[2022-05-27 08:06:39.990] [info] ExternalForce::Left_GRF Data source being set to subject11_noload_free_trial03_ground_reaction
[2022-05-27 08:06:40.025] [info] Storage: read data file = grf_walk.mot (nr=4778 nc=19)
[2022-05-27 08:06:40.081] [info] ExternalForce::Right_GRF Data source being set to subject11_noload_free_trial03_ground_reaction
[2022-05-27 08:06:40.081] [info] ExternalForce::Left_GRF Data source being set to subject11_noload_free_trial03_ground_reaction
[2022-05-27 08:06:40.106] [info] Storage: read data file = grf_walk.mot (nr=4778 nc=19)
[2022-05-27 08:06:40.156] [info] ExternalForce::Right_GRF Data source being set to subject11_noload_free_trial03_ground_reaction
[2022-05-27 08:06:40.156] [info] ExternalForce::Left_GRF Data source being set to subject11_noload_free_trial03_ground_reaction
[2022-05-27 08:06:40.196] [info] Storage: read data file = grf_walk.mot (nr=4778 nc=19)
[2022-05-27 08:06:40.254] [info] ExternalForce::Right_GRF Data source being set to subject11_noload_free_trial03_ground_reaction
[2022-05-27 08:06:40.254] [info] ExternalForce::Left_GRF Data source being set to subject11_noload_free_trial03_ground_reaction
[2022-05-27 08:06:40.277] [info] Storage: read data file = grf_walk.mot (nr=4778 nc=19)
[2022-05-27 08:06:40.332] [info] ExternalForce::Right_GRF Data source being set to subject11_noload_free_trial03_ground_reaction
[2022-05-27 08:06:40.332] [info] ExternalForce::Left_GRF Data source being set to subject11_noload_free_trial03_ground_reaction
[2022-05-27 08:06:40.369] [info] Storage: read data file = grf_walk.mot (nr=4778 nc=19)
[2022-05-27 08:06:40.419] [info] ExternalForce::Right_GRF Data source being set to subject11_noload_free_trial03_ground_reaction
[2022-05-27 08:06:40.419] [info] ExternalForce::Left_GRF Data source being set to subject11_noload_free_trial03_ground_reaction
[2022-05-27 08:06:40.440] [info] Storage: read data file = grf_walk.mot (nr=4778 nc=19)
[2022-05-27 08:06:40.489] [info] ExternalForce::Right_GRF Data source being set to subject11_noload_free_trial03_ground_reaction
[2022-05-27 08:06:40.489] [info] ExternalForce::Left_GRF Data source being set to subject11_noload_free_trial03_ground_reaction
[2022-05-27 08:06:40.534] [info] Storage: read data file = grf_walk.mot (nr=4778 nc=19)
[2022-05-27 08:06:40.594] [info] ExternalForce::Right_GRF Data source being set to subject11_noload_free_trial03_ground_reaction
[2022-05-27 08:06:40.594] [info] ExternalForce::Left_GRF Data source being set to subject11_noload_free_trial03_ground_reaction
[2022-05-27 08:06:40.617] [info] Storage: read data file = grf_walk.mot (nr=4778 nc=19)
[2022-05-27 08:06:40.671] [info] ExternalForce::Right_GRF Data source being set to subject11_noload_free_trial03_ground_reaction
[2022-05-27 08:06:40.671] [info] ExternalForce::Left_GRF Data source being set to subject11_noload_free_trial03_ground_reaction
[2022-05-27 08:06:40.793] [info] Storage: read data file = grf_walk.mot (nr=4778 nc=19)
[2022-05-27 08:06:40.880] [info] ExternalForce::Right_GRF Data source being set to subject11_noload_free_trial03_ground_reaction
[2022-05-27 08:06:40.880] [info] ExternalForce::Left_GRF Data source being set to subject11_noload_free_trial03_ground_reaction
[2022-05-27 08:06:40.904] [info] Storage: read data file = grf_walk.mot (nr=4778 nc=19)
[2022-05-27 08:06:40.966] [info] ExternalForce::Right_GRF Data source being set to subject11_noload_free_trial03_ground_reaction
[2022-05-27 08:06:40.966] [info] ExternalForce::Left_GRF Data source being set to subject11_noload_free_trial03_ground_reaction
[2022-05-27 08:06:41.013] [info] Storage: read data file = grf_walk.mot (nr=4778 nc=19)
[2022-05-27 08:06:41.080] [info] ExternalForce::Right_GRF Data source being set to subject11_noload_free_trial03_ground_reaction
[2022-05-27 08:06:41.080] [info] ExternalForce::Left_GRF Data source being set to subject11_noload_free_trial03_ground_reaction
[2022-05-27 08:06:41.114] [info] Storage: read data file = grf_walk.mot (nr=4778 nc=19)
[2022-05-27 08:06:41.174] [info] ExternalForce::Right_GRF Data source being set to subject11_noload_free_trial03_ground_reaction
[2022-05-27 08:06:41.174] [info] ExternalForce::Left_GRF Data source being set to subject11_noload_free_trial03_ground_reaction
[2022-05-27 08:06:41.198] [info] ========================================================================
[2022-05-27 08:06:41.198] [info] MocoCasADiSolver starting.
[2022-05-27 08:06:41.198] [info] Fri May 27 08:06:41 2022
[2022-05-27 08:06:41.198] [info] ------------------------------------------------------------------------
[2022-05-27 08:06:41.198] [cout] [info] Costs: (total: 2)
[2022-05-27 08:06:41.198] [cout] [info]   marker_tracking. MocoMarkerTrackingGoal, enabled: true, mode: cost, weight: 10.0
[2022-05-27 08:06:41.198] [cout] [info]         allow unused references: 
[2022-05-27 08:06:41.198] [cout] [info]         tracked marker(s):
[2022-05-27 08:06:41.198] [cout] [info]             R.Shoulder, weight: 1.0
[2022-05-27 08:06:41.198] [cout] [info]             L.Shoulder, weight: 1.0
[2022-05-27 08:06:41.198] [cout] [info]             R.Clavicle, weight: 1.0
[2022-05-27 08:06:41.198] [cout] [info]             L.Clavicle, weight: 1.0
[2022-05-27 08:06:41.198] [cout] [info]             R.Biceps, weight: 1.0
[2022-05-27 08:06:41.198] [cout] [info]             R.Elbow, weight: 1.0
[2022-05-27 08:06:41.198] [cout] [info]             R.Forearm, weight: 1.0
[2022-05-27 08:06:41.198] [cout] [info]             R.Wrist, weight: 1.0
[2022-05-27 08:06:41.198] [cout] [info]             L.Biceps, weight: 1.0
[2022-05-27 08:06:41.198] [cout] [info]             L.Elbow, weight: 1.0
[2022-05-27 08:06:41.198] [cout] [info]             L.Forearm, weight: 1.0
[2022-05-27 08:06:41.198] [cout] [info]             L.Wrist, weight: 1.0
[2022-05-27 08:06:41.198] [cout] [info]             R.ASIS, weight: 20.0
[2022-05-27 08:06:41.198] [cout] [info]             L.ASIS, weight: 20.0
[2022-05-27 08:06:41.198] [cout] [info]             R.PSIS, weight: 20.0
[2022-05-27 08:06:41.198] [cout] [info]             S2, weight: 1.0
[2022-05-27 08:06:41.198] [cout] [info]             L.PSIS, weight: 20.0
[2022-05-27 08:06:41.198] [cout] [info]             R.TH1, weight: 1.0
[2022-05-27 08:06:41.198] [cout] [info]             R.TH2, weight: 1.0
[2022-05-27 08:06:41.198] [cout] [info]             R.TH3, weight: 1.0
[2022-05-27 08:06:41.199] [cout] [info]             R.Knee, weight: 10.0
[2022-05-27 08:06:41.199] [cout] [info]             R.SH1, weight: 1.0
[2022-05-27 08:06:41.199] [cout] [info]             R.SH2, weight: 1.0
[2022-05-27 08:06:41.199] [cout] [info]             R.SH3, weight: 1.0
[2022-05-27 08:06:41.199] [cout] [info]             R.SH4, weight: 1.0
[2022-05-27 08:06:41.199] [cout] [info]             R.Ankle, weight: 10.0
[2022-05-27 08:06:41.199] [cout] [info]             R.Heel, weight: 10.0
[2022-05-27 08:06:41.199] [cout] [info]             R.MT5, weight: 5.0
[2022-05-27 08:06:41.199] [cout] [info]             R.Toe, weight: 2.0
[2022-05-27 08:06:41.199] [cout] [info]             L.TH1, weight: 1.0
[2022-05-27 08:06:41.199] [cout] [info]             L.TH2, weight: 1.0
[2022-05-27 08:06:41.199] [cout] [info]             L.TH3, weight: 1.0
[2022-05-27 08:06:41.199] [cout] [info]             L.TH4, weight: 1.0
[2022-05-27 08:06:41.199] [cout] [info]             L.Knee, weight: 10.0
[2022-05-27 08:06:41.199] [cout] [info]             L.SH1, weight: 1.0
[2022-05-27 08:06:41.199] [cout] [info]             L.SH2, weight: 1.0
[2022-05-27 08:06:41.199] [cout] [info]             L.SH3, weight: 1.0
[2022-05-27 08:06:41.199] [cout] [info]             L.Ankle, weight: 10.0
[2022-05-27 08:06:41.199] [cout] [info]             L.Heel, weight: 10.0
[2022-05-27 08:06:41.199] [cout] [info]             L.MT5, weight: 5.0
[2022-05-27 08:06:41.199] [cout] [info]             L.Toe, weight: 2.0
[2022-05-27 08:06:41.199] [cout] [info]   control_effort. MocoControlGoal, enabled: true, mode: cost, weight: 0.00100000
[2022-05-27 08:06:41.199] [cout] [info]         control: /forceset/tau_pelvis_tilt, weight: 1.0
[2022-05-27 08:06:41.199] [cout] [info]         control: /forceset/tau_pelvis_list, weight: 1.0
[2022-05-27 08:06:41.199] [cout] [info]         control: /forceset/tau_pelvis_rotation, weight: 1.0
[2022-05-27 08:06:41.199] [cout] [info]         control: /forceset/tau_pelvis_tx, weight: 1.0
[2022-05-27 08:06:41.199] [cout] [info]         control: /forceset/tau_pelvis_ty, weight: 1.0
[2022-05-27 08:06:41.199] [cout] [info]         control: /forceset/tau_pelvis_tz, weight: 1.0
[2022-05-27 08:06:41.199] [cout] [info]         control: /forceset/reserve_jointset_hip_r_hip_flexion_r, weight: 1.0
[2022-05-27 08:06:41.199] [cout] [info]         control: /forceset/reserve_jointset_hip_r_hip_adduction_r, weight: 1.0
[2022-05-27 08:06:41.199] [cout] [info]         control: /forceset/reserve_jointset_hip_r_hip_rotation_r, weight: 1.0
[2022-05-27 08:06:41.199] [cout] [info]         control: /forceset/reserve_jointset_walker_knee_r_knee_angle_r, weight: 1.0
[2022-05-27 08:06:41.199] [cout] [info]         control: /forceset/reserve_jointset_ankle_r_ankle_angle_r, weight: 1.0
[2022-05-27 08:06:41.199] [cout] [info]         control: /forceset/reserve_jointset_hip_l_hip_flexion_l, weight: 1.0
[2022-05-27 08:06:41.199] [cout] [info]         control: /forceset/reserve_jointset_hip_l_hip_adduction_l, weight: 1.0
[2022-05-27 08:06:41.199] [cout] [info]         control: /forceset/reserve_jointset_hip_l_hip_rotation_l, weight: 1.0
[2022-05-27 08:06:41.199] [cout] [info]         control: /forceset/reserve_jointset_walker_knee_l_knee_angle_l, weight: 1.0
[2022-05-27 08:06:41.199] [cout] [info]         control: /forceset/reserve_jointset_ankle_l_ankle_angle_l, weight: 1.0
[2022-05-27 08:06:41.199] [cout] [info] Endpoint constraints: none
[2022-05-27 08:06:41.199] [cout] [info] Kinematic constraints: (total: 2)
[2022-05-27 08:06:41.199] [cout] [info]   kinematic_constraint_cid18. MocoConstraintInfo. number of scalar equations: 3. bounds: 0, 0, 0
[2022-05-27 08:06:41.199] [cout] [info]   kinematic_constraint_cid19. MocoConstraintInfo. number of scalar equations: 3. bounds: 0, 0, 0
[2022-05-27 08:06:41.199] [cout] [info] Path constraints: none
[2022-05-27 08:06:41.199] [cout] [info] States: (total: 36)
[2022-05-27 08:06:41.199] [cout] [info]   /jointset/ground_pelvis/pelvis_tilt/value. bounds: [-1.5708, 1.5708]
[2022-05-27 08:06:41.199] [cout] [info]   /jointset/ground_pelvis/pelvis_tilt/speed. bounds: [-50, 50]
[2022-05-27 08:06:41.199] [cout] [info]   /jointset/ground_pelvis/pelvis_list/value. bounds: [-1.5708, 1.5708]
[2022-05-27 08:06:41.199] [cout] [info]   /jointset/ground_pelvis/pelvis_list/speed. bounds: [-50, 50]
[2022-05-27 08:06:41.199] [cout] [info]   /jointset/walker_knee_r/knee_angle_r/value. bounds: [0, 2.0944]
[2022-05-27 08:06:41.199] [cout] [info]   /jointset/ground_pelvis/pelvis_rotation/value. bounds: [-1.5708, 1.5708]
[2022-05-27 08:06:41.199] [cout] [info]   /jointset/walker_knee_r/knee_angle_r/speed. bounds: [-50, 50]
[2022-05-27 08:06:41.199] [cout] [info]   /jointset/ground_pelvis/pelvis_rotation/speed. bounds: [-50, 50]
[2022-05-27 08:06:41.199] [cout] [info]   /jointset/ground_pelvis/pelvis_tx/value. bounds: [-5, 5]
[2022-05-27 08:06:41.199] [cout] [info]   /jointset/ground_pelvis/pelvis_tx/speed. bounds: [-50, 50]
[2022-05-27 08:06:41.199] [cout] [info]   /jointset/ankle_l/ankle_angle_l/value. bounds: [-0.4, 0.4]
[2022-05-27 08:06:41.199] [cout] [info]   /jointset/ground_pelvis/pelvis_ty/value. bounds: [-1, 2]
[2022-05-27 08:06:41.199] [cout] [info]   /jointset/ankle_l/ankle_angle_l/speed. bounds: [-50, 50]
[2022-05-27 08:06:41.199] [cout] [info]   /jointset/ground_pelvis/pelvis_ty/speed. bounds: [-50, 50]
[2022-05-27 08:06:41.199] [cout] [info]   /jointset/hip_l/hip_rotation_l/value. bounds: [-0.698132, 0.698132]
[2022-05-27 08:06:41.199] [cout] [info]   /jointset/ground_pelvis/pelvis_tz/value. bounds: [-3, 3]
[2022-05-27 08:06:41.199] [cout] [info]   /jointset/hip_l/hip_rotation_l/speed. bounds: [-50, 50]
[2022-05-27 08:06:41.199] [cout] [info]   /jointset/ground_pelvis/pelvis_tz/speed. bounds: [-50, 50]
[2022-05-27 08:06:41.199] [cout] [info]   /jointset/ankle_r/ankle_angle_r/value. bounds: [-0.4, 0.4]
[2022-05-27 08:06:41.199] [cout] [info]   /jointset/hip_r/hip_adduction_r/speed. bounds: [-50, 50]
[2022-05-27 08:06:41.199] [cout] [info]   /jointset/hip_r/hip_flexion_r/value. bounds: [-0.523599, 2.0944]
[2022-05-27 08:06:41.199] [cout] [info]   /jointset/ankle_r/ankle_angle_r/speed. bounds: [-50, 50]
[2022-05-27 08:06:41.199] [cout] [info]   /jointset/hip_r/hip_flexion_r/speed. bounds: [-50, 50]
[2022-05-27 08:06:41.199] [cout] [info]   /jointset/hip_r/hip_adduction_r/value. bounds: [-0.872665, 0.523599]
[2022-05-27 08:06:41.199] [cout] [info]   /jointset/hip_r/hip_rotation_r/value. bounds: [-0.698132, 0.698132]
[2022-05-27 08:06:41.199] [cout] [info]   /jointset/hip_r/hip_rotation_r/speed. bounds: [-50, 50]
[2022-05-27 08:06:41.199] [cout] [info]   /jointset/patellofemoral_r/knee_angle_r_beta/value. bounds: [-99999.9, 99999.9]
[2022-05-27 08:06:41.199] [cout] [info]   /jointset/patellofemoral_r/knee_angle_r_beta/speed. bounds: [-50, 50]
[2022-05-27 08:06:41.199] [cout] [info]   /jointset/hip_l/hip_flexion_l/value. bounds: [-0.523599, 2.0944]
[2022-05-27 08:06:41.200] [cout] [info]   /jointset/hip_l/hip_flexion_l/speed. bounds: [-50, 50]
[2022-05-27 08:06:41.200] [cout] [info]   /jointset/hip_l/hip_adduction_l/value. bounds: [-0.872665, 0.523599]
[2022-05-27 08:06:41.200] [cout] [info]   /jointset/hip_l/hip_adduction_l/speed. bounds: [-50, 50]
[2022-05-27 08:06:41.200] [cout] [info]   /jointset/patellofemoral_l/knee_angle_l_beta/value. bounds: [-99999.9, 99999.9]
[2022-05-27 08:06:41.200] [cout] [info]   /jointset/walker_knee_l/knee_angle_l/value. bounds: [0, 2.0944]
[2022-05-27 08:06:41.200] [cout] [info]   /jointset/patellofemoral_l/knee_angle_l_beta/speed. bounds: [-50, 50]
[2022-05-27 08:06:41.200] [cout] [info]   /jointset/walker_knee_l/knee_angle_l/speed. bounds: [-50, 50]
[2022-05-27 08:06:41.200] [cout] [info] Controls: (total: 16)
[2022-05-27 08:06:41.200] [cout] [info]   /forceset/tau_pelvis_tilt. bounds: [-inf, inf]
[2022-05-27 08:06:41.200] [cout] [info]   /forceset/reserve_jointset_hip_r_hip_adduction_r. bounds: [-inf, inf]
[2022-05-27 08:06:41.200] [cout] [info]   /forceset/tau_pelvis_list. bounds: [-inf, inf]
[2022-05-27 08:06:41.200] [cout] [info]   /forceset/reserve_jointset_ankle_l_ankle_angle_l. bounds: [-inf, inf]
[2022-05-27 08:06:41.200] [cout] [info]   /forceset/tau_pelvis_rotation. bounds: [-inf, inf]
[2022-05-27 08:06:41.200] [cout] [info]   /forceset/tau_pelvis_tx. bounds: [-inf, inf]
[2022-05-27 08:06:41.200] [cout] [info]   /forceset/tau_pelvis_ty. bounds: [-inf, inf]
[2022-05-27 08:06:41.200] [cout] [info]   /forceset/reserve_jointset_hip_r_hip_flexion_r. bounds: [-inf, inf]
[2022-05-27 08:06:41.200] [cout] [info]   /forceset/tau_pelvis_tz. bounds: [-inf, inf]
[2022-05-27 08:06:41.200] [cout] [info]   /forceset/reserve_jointset_hip_r_hip_rotation_r. bounds: [-inf, inf]
[2022-05-27 08:06:41.200] [cout] [info]   /forceset/reserve_jointset_walker_knee_r_knee_angle_r. bounds: [-inf, inf]
[2022-05-27 08:06:41.200] [cout] [info]   /forceset/reserve_jointset_ankle_r_ankle_angle_r. bounds: [-inf, inf]
[2022-05-27 08:06:41.200] [cout] [info]   /forceset/reserve_jointset_hip_l_hip_flexion_l. bounds: [-inf, inf]
[2022-05-27 08:06:41.200] [cout] [info]   /forceset/reserve_jointset_hip_l_hip_adduction_l. bounds: [-inf, inf]
[2022-05-27 08:06:41.200] [cout] [info]   /forceset/reserve_jointset_walker_knee_l_knee_angle_l. bounds: [-inf, inf]
[2022-05-27 08:06:41.200] [cout] [info]   /forceset/reserve_jointset_hip_l_hip_rotation_l. bounds: [-inf, inf]
[2022-05-27 08:06:41.200] [cout] [info] Parameters: none
[2022-05-27 08:06:41.216] [info] Storage: read data file = grf_walk.mot (nr=4778 nc=19)
[2022-05-27 08:06:41.280] [info] ExternalForce::Right_GRF Data source being set to subject11_noload_free_trial03_ground_reaction
[2022-05-27 08:06:41.280] [info] ExternalForce::Left_GRF Data source being set to subject11_noload_free_trial03_ground_reaction
[2022-05-27 08:06:41.308] [info] Storage: read data file = grf_walk.mot (nr=4778 nc=19)
[2022-05-27 08:06:41.365] [info] ExternalForce::Right_GRF Data source being set to subject11_noload_free_trial03_ground_reaction
[2022-05-27 08:06:41.365] [info] ExternalForce::Left_GRF Data source being set to subject11_noload_free_trial03_ground_reaction
[2022-05-27 08:06:41.400] [info] Storage: read data file = grf_walk.mot (nr=4778 nc=19)
[2022-05-27 08:06:41.455] [info] ExternalForce::Right_GRF Data source being set to subject11_noload_free_trial03_ground_reaction
[2022-05-27 08:06:41.455] [info] ExternalForce::Left_GRF Data source being set to subject11_noload_free_trial03_ground_reaction
[2022-05-27 08:06:41.475] [info] Storage: read data file = grf_walk.mot (nr=4778 nc=19)
[2022-05-27 08:06:41.526] [info] ExternalForce::Right_GRF Data source being set to subject11_noload_free_trial03_ground_reaction
[2022-05-27 08:06:41.526] [info] ExternalForce::Left_GRF Data source being set to subject11_noload_free_trial03_ground_reaction
[2022-05-27 08:06:41.562] [info] Storage: read data file = grf_walk.mot (nr=4778 nc=19)
[2022-05-27 08:06:41.616] [info] ExternalForce::Right_GRF Data source being set to subject11_noload_free_trial03_ground_reaction
[2022-05-27 08:06:41.616] [info] ExternalForce::Left_GRF Data source being set to subject11_noload_free_trial03_ground_reaction
[2022-05-27 08:06:41.639] [info] Storage: read data file = grf_walk.mot (nr=4778 nc=19)
[2022-05-27 08:06:41.695] [info] ExternalForce::Right_GRF Data source being set to subject11_noload_free_trial03_ground_reaction
[2022-05-27 08:06:41.695] [info] ExternalForce::Left_GRF Data source being set to subject11_noload_free_trial03_ground_reaction
[2022-05-27 08:06:41.747] [info] Storage: read data file = grf_walk.mot (nr=4778 nc=19)
[2022-05-27 08:06:41.844] [info] ExternalForce::Right_GRF Data source being set to subject11_noload_free_trial03_ground_reaction
[2022-05-27 08:06:41.844] [info] ExternalForce::Left_GRF Data source being set to subject11_noload_free_trial03_ground_reaction
[2022-05-27 08:06:41.874] [info] Storage: read data file = grf_walk.mot (nr=4778 nc=19)
[2022-05-27 08:06:41.952] [info] ExternalForce::Right_GRF Data source being set to subject11_noload_free_trial03_ground_reaction
[2022-05-27 08:06:41.952] [info] ExternalForce::Left_GRF Data source being set to subject11_noload_free_trial03_ground_reaction
[2022-05-27 08:06:41.992] [info] Storage: read data file = grf_walk.mot (nr=4778 nc=19)
[2022-05-27 08:06:42.050] [info] ExternalForce::Right_GRF Data source being set to subject11_noload_free_trial03_ground_reaction
[2022-05-27 08:06:42.050] [info] ExternalForce::Left_GRF Data source being set to subject11_noload_free_trial03_ground_reaction
[2022-05-27 08:06:42.074] [info] Storage: read data file = grf_walk.mot (nr=4778 nc=19)
[2022-05-27 08:06:42.133] [info] ExternalForce::Right_GRF Data source being set to subject11_noload_free_trial03_ground_reaction
[2022-05-27 08:06:42.133] [info] ExternalForce::Left_GRF Data source being set to subject11_noload_free_trial03_ground_reaction
[2022-05-27 08:06:42.167] [info] Storage: read data file = grf_walk.mot (nr=4778 nc=19)
[2022-05-27 08:06:42.215] [info] ExternalForce::Right_GRF Data source being set to subject11_noload_free_trial03_ground_reaction
[2022-05-27 08:06:42.215] [info] ExternalForce::Left_GRF Data source being set to subject11_noload_free_trial03_ground_reaction
[2022-05-27 08:06:42.235] [info] Storage: read data file = grf_walk.mot (nr=4778 nc=19)
[2022-05-27 08:06:42.284] [info] ExternalForce::Right_GRF Data source being set to subject11_noload_free_trial03_ground_reaction
[2022-05-27 08:06:42.284] [info] ExternalForce::Left_GRF Data source being set to subject11_noload_free_trial03_ground_reaction
[2022-05-27 08:06:42.319] [info] Storage: read data file = grf_walk.mot (nr=4778 nc=19)
[2022-05-27 08:06:42.372] [info] ExternalForce::Right_GRF Data source being set to subject11_noload_free_trial03_ground_reaction
[2022-05-27 08:06:42.372] [info] ExternalForce::Left_GRF Data source being set to subject11_noload_free_trial03_ground_reaction
[2022-05-27 08:06:42.396] [info] Storage: read data file = grf_walk.mot (nr=4778 nc=19)
[2022-05-27 08:06:42.454] [info] ExternalForce::Right_GRF Data source being set to subject11_noload_free_trial03_ground_reaction
[2022-05-27 08:06:42.454] [info] ExternalForce::Left_GRF Data source being set to subject11_noload_free_trial03_ground_reaction
[2022-05-27 08:06:42.488] [info] Storage: read data file = grf_walk.mot (nr=4778 nc=19)
[2022-05-27 08:06:42.552] [info] ExternalForce::Right_GRF Data source being set to subject11_noload_free_trial03_ground_reaction
[2022-05-27 08:06:42.552] [info] ExternalForce::Left_GRF Data source being set to subject11_noload_free_trial03_ground_reaction
[2022-05-27 08:06:42.581] [info] Storage: read data file = grf_walk.mot (nr=4778 nc=19)
[2022-05-27 08:06:42.634] [info] ExternalForce::Right_GRF Data source being set to subject11_noload_free_trial03_ground_reaction
[2022-05-27 08:06:42.634] [info] ExternalForce::Left_GRF Data source being set to subject11_noload_free_trial03_ground_reaction
[2022-05-27 08:06:42.654] [info] Number of threads: 8
[2022-05-27 08:14:46.156] [info] Set log level to Info.
[2022-05-27 08:14:46.160] [info] ------------------------------------------------------------------------
[2022-05-27 08:14:46.160] [info] Elapsed real time: 485 second(s) (8 minute(s), 5 second(s)).
[2022-05-27 08:14:46.160] [info] Fri May 27 08:14:46 2022
[2022-05-27 08:14:46.160] [info] MocoCasADiSolver succeeded!
[2022-05-27 08:14:46.160] [info] ========================================================================
