[2022-06-28 07:02:48.337] [info] Loaded model 2D_gait from file 2D_gait.osim
[2022-06-28 07:02:48.339] [warning] Couldn't find file 'r_pelvis.vtp'.
[2022-06-28 07:02:48.339] [warning] Couldn't find file 'l_pelvis.vtp'.
[2022-06-28 07:02:48.339] [warning] Couldn't find file 'sacrum.vtp'.
[2022-06-28 07:02:48.340] [warning] Couldn't find file 'femur_l.vtp'.
[2022-06-28 07:02:48.340] [warning] Couldn't find file 'femur_r.vtp'.
[2022-06-28 07:02:48.340] [warning] Couldn't find file 'tibia_l.vtp'.
[2022-06-28 07:02:48.340] [warning] Couldn't find file 'l_fibula.vtp'.
[2022-06-28 07:02:48.340] [warning] Couldn't find file 'tibia_r.vtp'.
[2022-06-28 07:02:48.341] [warning] Couldn't find file 'r_fibula.vtp'.
[2022-06-28 07:02:48.341] [warning] Couldn't find file 'l_talus.vtp'.
[2022-06-28 07:02:48.341] [warning] Couldn't find file 'r_talus.vtp'.
[2022-06-28 07:02:48.341] [warning] Couldn't find file 'l_foot.vtp'.
[2022-06-28 07:02:48.341] [warning] Couldn't find file 'r_foot.vtp'.
[2022-06-28 07:02:48.341] [warning] Couldn't find file 'l_bofoot.vtp'.
[2022-06-28 07:02:48.342] [warning] Couldn't find file 'r_bofoot.vtp'.
[2022-06-28 07:02:48.342] [warning] Couldn't find file 'hat_spine.vtp'.
[2022-06-28 07:02:48.342] [warning] Couldn't find file 'hat_jaw.vtp'.
[2022-06-28 07:02:48.342] [warning] Couldn't find file 'hat_skull.vtp'.
[2022-06-28 07:02:48.342] [warning] Couldn't find file 'hat_ribs_scap.vtp'.
[2022-06-28 07:03:35.691] [info] Loaded model 2D_gait from file 2D_gait.osim
[2022-06-28 07:03:35.692] [warning] Couldn't find file 'r_pelvis.vtp'.
[2022-06-28 07:03:35.692] [warning] Couldn't find file 'l_pelvis.vtp'.
[2022-06-28 07:03:35.692] [warning] Couldn't find file 'sacrum.vtp'.
[2022-06-28 07:03:35.692] [warning] Couldn't find file 'femur_l.vtp'.
[2022-06-28 07:03:35.692] [warning] Couldn't find file 'femur_r.vtp'.
[2022-06-28 07:03:35.692] [warning] Couldn't find file 'tibia_l.vtp'.
[2022-06-28 07:03:35.692] [warning] Couldn't find file 'l_fibula.vtp'.
[2022-06-28 07:03:35.692] [warning] Couldn't find file 'tibia_r.vtp'.
[2022-06-28 07:03:35.692] [warning] Couldn't find file 'r_fibula.vtp'.
[2022-06-28 07:03:35.692] [warning] Couldn't find file 'l_talus.vtp'.
[2022-06-28 07:03:35.692] [warning] Couldn't find file 'r_talus.vtp'.
[2022-06-28 07:03:35.692] [warning] Couldn't find file 'l_foot.vtp'.
[2022-06-28 07:03:35.692] [warning] Couldn't find file 'r_foot.vtp'.
[2022-06-28 07:03:35.693] [warning] Couldn't find file 'l_bofoot.vtp'.
[2022-06-28 07:03:35.693] [warning] Couldn't find file 'r_bofoot.vtp'.
[2022-06-28 07:03:35.693] [warning] Couldn't find file 'hat_spine.vtp'.
[2022-06-28 07:03:35.693] [warning] Couldn't find file 'hat_jaw.vtp'.
[2022-06-28 07:03:35.693] [warning] Couldn't find file 'hat_skull.vtp'.
[2022-06-28 07:03:35.693] [warning] Couldn't find file 'hat_ribs_scap.vtp'.
[2022-06-28 07:04:11.726] [info] Loaded model 2D_gait from file 2D_gait.osim
[2022-06-28 07:04:11.726] [warning] Couldn't find file 'r_pelvis.vtp'.
[2022-06-28 07:04:11.726] [warning] Couldn't find file 'l_pelvis.vtp'.
[2022-06-28 07:04:11.726] [warning] Couldn't find file 'sacrum.vtp'.
[2022-06-28 07:04:11.726] [warning] Couldn't find file 'femur_l.vtp'.
[2022-06-28 07:04:11.726] [warning] Couldn't find file 'femur_r.vtp'.
[2022-06-28 07:04:11.726] [warning] Couldn't find file 'tibia_l.vtp'.
[2022-06-28 07:04:11.727] [warning] Couldn't find file 'l_fibula.vtp'.
[2022-06-28 07:04:11.727] [warning] Couldn't find file 'tibia_r.vtp'.
[2022-06-28 07:04:11.727] [warning] Couldn't find file 'r_fibula.vtp'.
[2022-06-28 07:04:11.727] [warning] Couldn't find file 'l_talus.vtp'.
[2022-06-28 07:04:11.727] [warning] Couldn't find file 'r_talus.vtp'.
[2022-06-28 07:04:11.727] [warning] Couldn't find file 'l_foot.vtp'.
[2022-06-28 07:04:11.727] [warning] Couldn't find file 'r_foot.vtp'.
[2022-06-28 07:04:11.727] [warning] Couldn't find file 'l_bofoot.vtp'.
[2022-06-28 07:04:11.727] [warning] Couldn't find file 'r_bofoot.vtp'.
[2022-06-28 07:04:11.727] [warning] Couldn't find file 'hat_spine.vtp'.
[2022-06-28 07:04:11.727] [warning] Couldn't find file 'hat_jaw.vtp'.
[2022-06-28 07:04:11.727] [warning] Couldn't find file 'hat_skull.vtp'.
[2022-06-28 07:04:11.727] [warning] Couldn't find file 'hat_ribs_scap.vtp'.
[2022-06-28 07:04:23.926] [info] Loaded model 2D_gait from file 2D_gait.osim
[2022-06-28 07:04:23.926] [warning] Couldn't find file 'r_pelvis.vtp'.
[2022-06-28 07:04:23.926] [warning] Couldn't find file 'l_pelvis.vtp'.
[2022-06-28 07:04:23.926] [warning] Couldn't find file 'sacrum.vtp'.
[2022-06-28 07:04:23.926] [warning] Couldn't find file 'femur_l.vtp'.
[2022-06-28 07:04:23.926] [warning] Couldn't find file 'femur_r.vtp'.
[2022-06-28 07:04:23.927] [warning] Couldn't find file 'tibia_l.vtp'.
[2022-06-28 07:04:23.927] [warning] Couldn't find file 'l_fibula.vtp'.
[2022-06-28 07:04:23.927] [warning] Couldn't find file 'tibia_r.vtp'.
[2022-06-28 07:04:23.927] [warning] Couldn't find file 'r_fibula.vtp'.
[2022-06-28 07:04:23.927] [warning] Couldn't find file 'l_talus.vtp'.
[2022-06-28 07:04:23.927] [warning] Couldn't find file 'r_talus.vtp'.
[2022-06-28 07:04:23.927] [warning] Couldn't find file 'l_foot.vtp'.
[2022-06-28 07:04:23.927] [warning] Couldn't find file 'r_foot.vtp'.
[2022-06-28 07:04:23.927] [warning] Couldn't find file 'l_bofoot.vtp'.
[2022-06-28 07:04:23.927] [warning] Couldn't find file 'r_bofoot.vtp'.
[2022-06-28 07:04:23.927] [warning] Couldn't find file 'hat_spine.vtp'.
[2022-06-28 07:04:23.927] [warning] Couldn't find file 'hat_jaw.vtp'.
[2022-06-28 07:04:23.927] [warning] Couldn't find file 'hat_skull.vtp'.
[2022-06-28 07:04:23.927] [warning] Couldn't find file 'hat_ribs_scap.vtp'.
[2022-06-28 07:07:14.237] [info] Loaded model 2D_gait from file 2D_gait.osim
[2022-06-28 07:07:14.237] [warning] Couldn't find file 'r_pelvis.vtp'.
[2022-06-28 07:07:14.237] [warning] Couldn't find file 'l_pelvis.vtp'.
[2022-06-28 07:07:14.238] [warning] Couldn't find file 'sacrum.vtp'.
[2022-06-28 07:07:14.238] [warning] Couldn't find file 'femur_l.vtp'.
[2022-06-28 07:07:14.238] [warning] Couldn't find file 'femur_r.vtp'.
[2022-06-28 07:07:14.238] [warning] Couldn't find file 'tibia_l.vtp'.
[2022-06-28 07:07:14.238] [warning] Couldn't find file 'l_fibula.vtp'.
[2022-06-28 07:07:14.238] [warning] Couldn't find file 'tibia_r.vtp'.
[2022-06-28 07:07:14.238] [warning] Couldn't find file 'r_fibula.vtp'.
[2022-06-28 07:07:14.238] [warning] Couldn't find file 'l_talus.vtp'.
[2022-06-28 07:07:14.238] [warning] Couldn't find file 'r_talus.vtp'.
[2022-06-28 07:07:14.238] [warning] Couldn't find file 'l_foot.vtp'.
[2022-06-28 07:07:14.238] [warning] Couldn't find file 'r_foot.vtp'.
[2022-06-28 07:07:14.238] [warning] Couldn't find file 'l_bofoot.vtp'.
[2022-06-28 07:07:14.238] [warning] Couldn't find file 'r_bofoot.vtp'.
[2022-06-28 07:07:14.239] [warning] Couldn't find file 'hat_spine.vtp'.
[2022-06-28 07:07:14.239] [warning] Couldn't find file 'hat_jaw.vtp'.
[2022-06-28 07:07:14.239] [warning] Couldn't find file 'hat_skull.vtp'.
[2022-06-28 07:07:14.239] [warning] Couldn't find file 'hat_ribs_scap.vtp'.
[2022-06-28 07:07:43.875] [info] Loaded model 2D_gait from file 2D_gait.osim
[2022-06-28 07:07:43.876] [warning] Couldn't find file 'r_pelvis.vtp'.
[2022-06-28 07:07:43.876] [warning] Couldn't find file 'l_pelvis.vtp'.
[2022-06-28 07:07:43.876] [warning] Couldn't find file 'sacrum.vtp'.
[2022-06-28 07:07:43.876] [warning] Couldn't find file 'femur_l.vtp'.
[2022-06-28 07:07:43.876] [warning] Couldn't find file 'femur_r.vtp'.
[2022-06-28 07:07:43.876] [warning] Couldn't find file 'tibia_l.vtp'.
[2022-06-28 07:07:43.876] [warning] Couldn't find file 'l_fibula.vtp'.
[2022-06-28 07:07:43.876] [warning] Couldn't find file 'tibia_r.vtp'.
[2022-06-28 07:07:43.877] [warning] Couldn't find file 'r_fibula.vtp'.
[2022-06-28 07:07:43.877] [warning] Couldn't find file 'l_talus.vtp'.
[2022-06-28 07:07:43.877] [warning] Couldn't find file 'r_talus.vtp'.
[2022-06-28 07:07:43.877] [warning] Couldn't find file 'l_foot.vtp'.
[2022-06-28 07:07:43.877] [warning] Couldn't find file 'r_foot.vtp'.
[2022-06-28 07:07:43.877] [warning] Couldn't find file 'l_bofoot.vtp'.
[2022-06-28 07:07:43.877] [warning] Couldn't find file 'r_bofoot.vtp'.
[2022-06-28 07:07:43.877] [warning] Couldn't find file 'hat_spine.vtp'.
[2022-06-28 07:07:43.877] [warning] Couldn't find file 'hat_jaw.vtp'.
[2022-06-28 07:07:43.877] [warning] Couldn't find file 'hat_skull.vtp'.
[2022-06-28 07:07:43.877] [warning] Couldn't find file 'hat_ribs_scap.vtp'.
[2022-06-28 07:07:43.919] [info] Loaded model 2D_gait from file 2D_gait.osim
[2022-06-28 07:07:43.920] [warning] Couldn't find file 'r_pelvis.vtp'.
[2022-06-28 07:07:43.920] [warning] Couldn't find file 'l_pelvis.vtp'.
[2022-06-28 07:07:43.920] [warning] Couldn't find file 'sacrum.vtp'.
[2022-06-28 07:07:43.920] [warning] Couldn't find file 'femur_l.vtp'.
[2022-06-28 07:07:43.920] [warning] Couldn't find file 'femur_r.vtp'.
[2022-06-28 07:07:43.920] [warning] Couldn't find file 'tibia_l.vtp'.
[2022-06-28 07:07:43.920] [warning] Couldn't find file 'l_fibula.vtp'.
[2022-06-28 07:07:43.920] [warning] Couldn't find file 'tibia_r.vtp'.
[2022-06-28 07:07:43.920] [warning] Couldn't find file 'r_fibula.vtp'.
[2022-06-28 07:07:43.920] [warning] Couldn't find file 'l_talus.vtp'.
[2022-06-28 07:07:43.921] [warning] Couldn't find file 'r_talus.vtp'.
[2022-06-28 07:07:43.921] [warning] Couldn't find file 'l_foot.vtp'.
[2022-06-28 07:07:43.921] [warning] Couldn't find file 'r_foot.vtp'.
[2022-06-28 07:07:43.921] [warning] Couldn't find file 'l_bofoot.vtp'.
[2022-06-28 07:07:43.921] [warning] Couldn't find file 'r_bofoot.vtp'.
[2022-06-28 07:07:43.921] [warning] Couldn't find file 'hat_spine.vtp'.
[2022-06-28 07:07:43.921] [warning] Couldn't find file 'hat_jaw.vtp'.
[2022-06-28 07:07:43.921] [warning] Couldn't find file 'hat_skull.vtp'.
[2022-06-28 07:07:43.921] [warning] Couldn't find file 'hat_ribs_scap.vtp'.
[2022-06-28 07:07:43.974] [info] Loaded model 2D_gait from file 2D_gait.osim
[2022-06-28 07:07:43.975] [warning] Couldn't find file 'r_pelvis.vtp'.
[2022-06-28 07:07:43.975] [warning] Couldn't find file 'l_pelvis.vtp'.
[2022-06-28 07:07:43.975] [warning] Couldn't find file 'sacrum.vtp'.
[2022-06-28 07:07:43.975] [warning] Couldn't find file 'femur_l.vtp'.
[2022-06-28 07:07:43.975] [warning] Couldn't find file 'femur_r.vtp'.
[2022-06-28 07:07:43.975] [warning] Couldn't find file 'tibia_l.vtp'.
[2022-06-28 07:07:43.975] [warning] Couldn't find file 'l_fibula.vtp'.
[2022-06-28 07:07:43.975] [warning] Couldn't find file 'tibia_r.vtp'.
[2022-06-28 07:07:43.975] [warning] Couldn't find file 'r_fibula.vtp'.
[2022-06-28 07:07:43.975] [warning] Couldn't find file 'l_talus.vtp'.
[2022-06-28 07:07:43.975] [warning] Couldn't find file 'r_talus.vtp'.
[2022-06-28 07:07:43.975] [warning] Couldn't find file 'l_foot.vtp'.
[2022-06-28 07:07:43.975] [warning] Couldn't find file 'r_foot.vtp'.
[2022-06-28 07:07:43.975] [warning] Couldn't find file 'l_bofoot.vtp'.
[2022-06-28 07:07:43.976] [warning] Couldn't find file 'r_bofoot.vtp'.
[2022-06-28 07:07:43.976] [warning] Couldn't find file 'hat_spine.vtp'.
[2022-06-28 07:07:43.976] [warning] Couldn't find file 'hat_jaw.vtp'.
[2022-06-28 07:07:43.976] [warning] Couldn't find file 'hat_skull.vtp'.
[2022-06-28 07:07:43.976] [warning] Couldn't find file 'hat_ribs_scap.vtp'.
[2022-06-28 07:07:52.480] [info] Loaded model 2D_gait from file 2D_gait.osim
[2022-06-28 07:07:52.481] [warning] Couldn't find file 'r_pelvis.vtp'.
[2022-06-28 07:07:52.481] [warning] Couldn't find file 'l_pelvis.vtp'.
[2022-06-28 07:07:52.481] [warning] Couldn't find file 'sacrum.vtp'.
[2022-06-28 07:07:52.481] [warning] Couldn't find file 'femur_l.vtp'.
[2022-06-28 07:07:52.481] [warning] Couldn't find file 'femur_r.vtp'.
[2022-06-28 07:07:52.481] [warning] Couldn't find file 'tibia_l.vtp'.
[2022-06-28 07:07:52.481] [warning] Couldn't find file 'l_fibula.vtp'.
[2022-06-28 07:07:52.481] [warning] Couldn't find file 'tibia_r.vtp'.
[2022-06-28 07:07:52.481] [warning] Couldn't find file 'r_fibula.vtp'.
[2022-06-28 07:07:52.482] [warning] Couldn't find file 'l_talus.vtp'.
[2022-06-28 07:07:52.482] [warning] Couldn't find file 'r_talus.vtp'.
[2022-06-28 07:07:52.482] [warning] Couldn't find file 'l_foot.vtp'.
[2022-06-28 07:07:52.482] [warning] Couldn't find file 'r_foot.vtp'.
[2022-06-28 07:07:52.482] [warning] Couldn't find file 'l_bofoot.vtp'.
[2022-06-28 07:07:52.482] [warning] Couldn't find file 'r_bofoot.vtp'.
[2022-06-28 07:07:52.482] [warning] Couldn't find file 'hat_spine.vtp'.
[2022-06-28 07:07:52.482] [warning] Couldn't find file 'hat_jaw.vtp'.
[2022-06-28 07:07:52.482] [warning] Couldn't find file 'hat_skull.vtp'.
[2022-06-28 07:07:52.482] [warning] Couldn't find file 'hat_ribs_scap.vtp'.
[2022-06-28 07:07:52.537] [info] Loaded model 2D_gait from file 2D_gait.osim
[2022-06-28 07:07:52.537] [warning] Couldn't find file 'r_pelvis.vtp'.
[2022-06-28 07:07:52.537] [warning] Couldn't find file 'l_pelvis.vtp'.
[2022-06-28 07:07:52.537] [warning] Couldn't find file 'sacrum.vtp'.
[2022-06-28 07:07:52.538] [warning] Couldn't find file 'femur_l.vtp'.
[2022-06-28 07:07:52.538] [warning] Couldn't find file 'femur_r.vtp'.
[2022-06-28 07:07:52.538] [warning] Couldn't find file 'tibia_l.vtp'.
[2022-06-28 07:07:52.538] [warning] Couldn't find file 'l_fibula.vtp'.
[2022-06-28 07:07:52.538] [warning] Couldn't find file 'tibia_r.vtp'.
[2022-06-28 07:07:52.538] [warning] Couldn't find file 'r_fibula.vtp'.
[2022-06-28 07:07:52.538] [warning] Couldn't find file 'l_talus.vtp'.
[2022-06-28 07:07:52.538] [warning] Couldn't find file 'r_talus.vtp'.
[2022-06-28 07:07:52.538] [warning] Couldn't find file 'l_foot.vtp'.
[2022-06-28 07:07:52.538] [warning] Couldn't find file 'r_foot.vtp'.
[2022-06-28 07:07:52.538] [warning] Couldn't find file 'l_bofoot.vtp'.
[2022-06-28 07:07:52.538] [warning] Couldn't find file 'r_bofoot.vtp'.
[2022-06-28 07:07:52.538] [warning] Couldn't find file 'hat_spine.vtp'.
[2022-06-28 07:07:52.538] [warning] Couldn't find file 'hat_jaw.vtp'.
[2022-06-28 07:07:52.538] [warning] Couldn't find file 'hat_skull.vtp'.
[2022-06-28 07:07:52.539] [warning] Couldn't find file 'hat_ribs_scap.vtp'.
[2022-06-28 07:07:52.581] [info] ========================================================================
[2022-06-28 07:07:52.581] [info] MocoCasADiSolver starting.
[2022-06-28 07:07:52.581] [info] Tue Jun 28 07:07:52 2022
[2022-06-28 07:07:52.581] [info] ------------------------------------------------------------------------
[2022-06-28 07:07:52.581] [cout] [info] Costs: (total: 2)
[2022-06-28 07:07:52.581] [cout] [info]   hip_joint_force. MocoJointReactionGoal, enabled: true, mode: cost, weight: 1.0
[2022-06-28 07:07:52.582] [cout] [info]         joint path: 
[2022-06-28 07:07:52.582] [cout] [info]         loads frame: 
[2022-06-28 07:07:52.582] [cout] [info]         expressed: 
[2022-06-28 07:07:52.582] [cout] [info]         reaction measures: 
[2022-06-28 07:07:52.582] [cout] [info]         reaction weights: 1.0, 1.0, 1.0, 1.0, 1.0, 1.0
[2022-06-28 07:07:52.582] [cout] [info]   effort. MocoControlGoal, enabled: true, mode: cost, weight: 1.0
[2022-06-28 07:07:52.582] [cout] [info]         control: /lumbarAct, weight: 1.0
[2022-06-28 07:07:52.582] [cout] [info]         control: /hamstrings_r, weight: 1.0
[2022-06-28 07:07:52.582] [cout] [info]         control: /bifemsh_r, weight: 1.0
[2022-06-28 07:07:52.582] [cout] [info]         control: /glut_max_r, weight: 1.0
[2022-06-28 07:07:52.582] [cout] [info]         control: /iliopsoas_r, weight: 1.0
[2022-06-28 07:07:52.582] [cout] [info]         control: /rect_fem_r, weight: 1.0
[2022-06-28 07:07:52.583] [cout] [info]         control: /vasti_r, weight: 1.0
[2022-06-28 07:07:52.583] [cout] [info]         control: /gastroc_r, weight: 1.0
[2022-06-28 07:07:52.583] [cout] [info]         control: /soleus_r, weight: 1.0
[2022-06-28 07:07:52.583] [cout] [info]         control: /tib_ant_r, weight: 1.0
[2022-06-28 07:07:52.583] [cout] [info]         control: /hamstrings_l, weight: 1.0
[2022-06-28 07:07:52.583] [cout] [info]         control: /bifemsh_l, weight: 1.0
[2022-06-28 07:07:52.583] [cout] [info]         control: /glut_max_l, weight: 1.0
[2022-06-28 07:07:52.583] [cout] [info]         control: /iliopsoas_l, weight: 1.0
[2022-06-28 07:07:52.583] [cout] [info]         control: /rect_fem_l, weight: 1.0
[2022-06-28 07:07:52.583] [cout] [info]         control: /vasti_l, weight: 1.0
[2022-06-28 07:07:52.583] [cout] [info]         control: /gastroc_l, weight: 1.0
[2022-06-28 07:07:52.583] [cout] [info]         control: /soleus_l, weight: 1.0
[2022-06-28 07:07:52.583] [cout] [info]         control: /tib_ant_l, weight: 1.0
[2022-06-28 07:07:52.583] [cout] [info] Endpoint constraints: (total: 2)
[2022-06-28 07:07:52.583] [cout] [info]   periodicity. MocoPeriodicityGoal, enabled: true, mode: endpoint_constraint
[2022-06-28 07:07:52.583] [cout] [info]         state periodicity pairs:
[2022-06-28 07:07:52.583] [cout] [info]                 initial: /hamstrings_r/activation, final: /hamstrings_r/activation
[2022-06-28 07:07:52.583] [cout] [info]                 initial: /bifemsh_r/activation, final: /bifemsh_r/activation
[2022-06-28 07:07:52.583] [cout] [info]                 initial: /glut_max_r/activation, final: /glut_max_r/activation
[2022-06-28 07:07:52.583] [cout] [info]                 initial: /iliopsoas_r/activation, final: /iliopsoas_r/activation
[2022-06-28 07:07:52.583] [cout] [info]                 initial: /rect_fem_r/activation, final: /rect_fem_r/activation
[2022-06-28 07:07:52.583] [cout] [info]                 initial: /vasti_r/activation, final: /vasti_r/activation
[2022-06-28 07:07:52.583] [cout] [info]                 initial: /gastroc_r/activation, final: /gastroc_r/activation
[2022-06-28 07:07:52.583] [cout] [info]                 initial: /soleus_r/activation, final: /soleus_r/activation
[2022-06-28 07:07:52.583] [cout] [info]                 initial: /tib_ant_r/activation, final: /tib_ant_r/activation
[2022-06-28 07:07:52.583] [cout] [info]                 initial: /hamstrings_l/activation, final: /hamstrings_l/activation
[2022-06-28 07:07:52.583] [cout] [info]                 initial: /bifemsh_l/activation, final: /bifemsh_l/activation
[2022-06-28 07:07:52.583] [cout] [info]                 initial: /glut_max_l/activation, final: /glut_max_l/activation
[2022-06-28 07:07:52.583] [cout] [info]                 initial: /iliopsoas_l/activation, final: /iliopsoas_l/activation
[2022-06-28 07:07:52.583] [cout] [info]                 initial: /rect_fem_l/activation, final: /rect_fem_l/activation
[2022-06-28 07:07:52.583] [cout] [info]                 initial: /vasti_l/activation, final: /vasti_l/activation
[2022-06-28 07:07:52.583] [cout] [info]                 initial: /gastroc_l/activation, final: /gastroc_l/activation
[2022-06-28 07:07:52.583] [cout] [info]                 initial: /soleus_l/activation, final: /soleus_l/activation
[2022-06-28 07:07:52.583] [cout] [info]                 initial: /tib_ant_l/activation, final: /tib_ant_l/activation
[2022-06-28 07:07:52.583] [cout] [info]                 initial: /jointset/groundPelvis/pelvis_tilt/value, final: /jointset/groundPelvis/pelvis_tilt/value
[2022-06-28 07:07:52.583] [cout] [info]                 initial: /jointset/groundPelvis/pelvis_tilt/speed, final: /jointset/groundPelvis/pelvis_tilt/speed
[2022-06-28 07:07:52.583] [cout] [info]                 initial: /jointset/groundPelvis/pelvis_tx/speed, final: /jointset/groundPelvis/pelvis_tx/speed
[2022-06-28 07:07:52.583] [cout] [info]                 initial: /jointset/groundPelvis/pelvis_ty/value, final: /jointset/groundPelvis/pelvis_ty/value
[2022-06-28 07:07:52.583] [cout] [info]                 initial: /jointset/groundPelvis/pelvis_ty/speed, final: /jointset/groundPelvis/pelvis_ty/speed
[2022-06-28 07:07:52.583] [cout] [info]                 initial: /jointset/hip_l/hip_flexion_l/value, final: /jointset/hip_l/hip_flexion_l/value
[2022-06-28 07:07:52.583] [cout] [info]                 initial: /jointset/hip_l/hip_flexion_l/speed, final: /jointset/hip_l/hip_flexion_l/speed
[2022-06-28 07:07:52.583] [cout] [info]                 initial: /jointset/hip_r/hip_flexion_r/value, final: /jointset/hip_r/hip_flexion_r/value
[2022-06-28 07:07:52.583] [cout] [info]                 initial: /jointset/hip_r/hip_flexion_r/speed, final: /jointset/hip_r/hip_flexion_r/speed
[2022-06-28 07:07:52.583] [cout] [info]                 initial: /jointset/knee_l/knee_angle_l/value, final: /jointset/knee_l/knee_angle_l/value
[2022-06-28 07:07:52.583] [cout] [info]                 initial: /jointset/knee_l/knee_angle_l/speed, final: /jointset/knee_l/knee_angle_l/speed
[2022-06-28 07:07:52.583] [cout] [info]                 initial: /jointset/knee_r/knee_angle_r/value, final: /jointset/knee_r/knee_angle_r/value
[2022-06-28 07:07:52.583] [cout] [info]                 initial: /jointset/knee_r/knee_angle_r/speed, final: /jointset/knee_r/knee_angle_r/speed
[2022-06-28 07:07:52.583] [cout] [info]                 initial: /jointset/ankle_l/ankle_angle_l/value, final: /jointset/ankle_l/ankle_angle_l/value
[2022-06-28 07:07:52.583] [cout] [info]                 initial: /jointset/ankle_l/ankle_angle_l/speed, final: /jointset/ankle_l/ankle_angle_l/speed
[2022-06-28 07:07:52.583] [cout] [info]                 initial: /jointset/ankle_r/ankle_angle_r/value, final: /jointset/ankle_r/ankle_angle_r/value
[2022-06-28 07:07:52.583] [cout] [info]                 initial: /jointset/ankle_r/ankle_angle_r/speed, final: /jointset/ankle_r/ankle_angle_r/speed
[2022-06-28 07:07:52.583] [cout] [info]                 initial: /jointset/lumbar/lumbar/value, final: /jointset/lumbar/lumbar/value
[2022-06-28 07:07:52.583] [cout] [info]                 initial: /jointset/lumbar/lumbar/speed, final: /jointset/lumbar/lumbar/speed
[2022-06-28 07:07:52.583] [cout] [info]         control periodicity pairs:
[2022-06-28 07:07:52.583] [cout] [info]                 initial: /lumbarAct, final: /lumbarAct
[2022-06-28 07:07:52.583] [cout] [info]   average_speed. MocoAverageSpeedGoal, enabled: true, mode: endpoint_constraint
[2022-06-28 07:07:52.584] [cout] [info] Kinematic constraints: none
[2022-06-28 07:07:52.584] [cout] [info] Path constraints: none
[2022-06-28 07:07:52.584] [cout] [info] States: (total: 38)
[2022-06-28 07:07:52.584] [cout] [info]   /gastroc_l/activation. bounds: [0.01, 1]
[2022-06-28 07:07:52.584] [cout] [info]   /jointset/groundPelvis/pelvis_tilt/value. bounds: [-0.349066, 0.349066]
[2022-06-28 07:07:52.584] [cout] [info]   /jointset/groundPelvis/pelvis_tx/value. bounds: [0, 2]
[2022-06-28 07:07:52.584] [cout] [info]   /jointset/groundPelvis/pelvis_ty/value. bounds: [0.75, 1.25]
[2022-06-28 07:07:52.584] [cout] [info]   /jointset/ankle_r/ankle_angle_r/value. bounds: [-0.261799, 0.436332]
[2022-06-28 07:07:52.584] [cout] [info]   /jointset/hip_r/hip_flexion_r/value. bounds: [-0.174533, 1.0472]
[2022-06-28 07:07:52.584] [cout] [info]   /jointset/knee_l/knee_angle_l/speed. bounds: [-50, 50]
[2022-06-28 07:07:52.584] [cout] [info]   /jointset/hip_l/hip_flexion_l/value. bounds: [-0.174533, 1.0472]
[2022-06-28 07:07:52.584] [cout] [info]   /jointset/knee_r/knee_angle_r/value. bounds: [-0.872665, 0]
[2022-06-28 07:07:52.584] [cout] [info]   /jointset/knee_l/knee_angle_l/value. bounds: [-0.872665, 0]
[2022-06-28 07:07:52.584] [cout] [info]   /jointset/knee_r/knee_angle_r/speed. bounds: [-50, 50]
[2022-06-28 07:07:52.584] [cout] [info]   /jointset/ankle_l/ankle_angle_l/value. bounds: [-0.261799, 0.436332]
[2022-06-28 07:07:52.584] [cout] [info]   /jointset/lumbar/lumbar/value. bounds: [0, 0.349066]
[2022-06-28 07:07:52.584] [cout] [info]   /jointset/groundPelvis/pelvis_tilt/speed. bounds: [-50, 50]
[2022-06-28 07:07:52.584] [cout] [info]   /jointset/groundPelvis/pelvis_tx/speed. bounds: [-50, 50]
[2022-06-28 07:07:52.584] [cout] [info]   /jointset/groundPelvis/pelvis_ty/speed. bounds: [-50, 50]
[2022-06-28 07:07:52.584] [cout] [info]   /jointset/hip_l/hip_flexion_l/speed. bounds: [-50, 50]
[2022-06-28 07:07:52.584] [cout] [info]   /jointset/ankle_r/ankle_angle_r/speed. bounds: [-50, 50]
[2022-06-28 07:07:52.584] [cout] [info]   /jointset/hip_r/hip_flexion_r/speed. bounds: [-50, 50]
[2022-06-28 07:07:52.584] [cout] [info]   /jointset/ankle_l/ankle_angle_l/speed. bounds: [-50, 50]
[2022-06-28 07:07:52.584] [cout] [info]   /jointset/lumbar/lumbar/speed. bounds: [-50, 50]
[2022-06-28 07:07:52.584] [cout] [info]   /hamstrings_r/activation. bounds: [0.01, 1]
[2022-06-28 07:07:52.584] [cout] [info]   /bifemsh_r/activation. bounds: [0.01, 1]
[2022-06-28 07:07:52.584] [cout] [info]   /glut_max_r/activation. bounds: [0.01, 1]
[2022-06-28 07:07:52.584] [cout] [info]   /iliopsoas_r/activation. bounds: [0.01, 1]
[2022-06-28 07:07:52.584] [cout] [info]   /rect_fem_r/activation. bounds: [0.01, 1]
[2022-06-28 07:07:52.584] [cout] [info]   /tib_ant_r/activation. bounds: [0.01, 1]
[2022-06-28 07:07:52.585] [cout] [info]   /vasti_r/activation. bounds: [0.01, 1]
[2022-06-28 07:07:52.585] [cout] [info]   /gastroc_r/activation. bounds: [0.01, 1]
[2022-06-28 07:07:52.585] [cout] [info]   /soleus_r/activation. bounds: [0.01, 1]
[2022-06-28 07:07:52.585] [cout] [info]   /hamstrings_l/activation. bounds: [0.01, 1]
[2022-06-28 07:07:52.585] [cout] [info]   /bifemsh_l/activation. bounds: [0.01, 1]
[2022-06-28 07:07:52.585] [cout] [info]   /glut_max_l/activation. bounds: [0.01, 1]
[2022-06-28 07:07:52.585] [cout] [info]   /iliopsoas_l/activation. bounds: [0.01, 1]
[2022-06-28 07:07:52.585] [cout] [info]   /rect_fem_l/activation. bounds: [0.01, 1]
[2022-06-28 07:07:52.585] [cout] [info]   /tib_ant_l/activation. bounds: [0.01, 1]
[2022-06-28 07:07:52.585] [cout] [info]   /vasti_l/activation. bounds: [0.01, 1]
[2022-06-28 07:07:52.585] [cout] [info]   /soleus_l/activation. bounds: [0.01, 1]
[2022-06-28 07:07:52.585] [cout] [info] Controls: (total: 19)
[2022-06-28 07:07:52.585] [cout] [info]   /lumbarAct. bounds: [-150, 150]
[2022-06-28 07:07:52.585] [cout] [info]   /hamstrings_r. bounds: [0.01, 1]
[2022-06-28 07:07:52.585] [cout] [info]   /bifemsh_r. bounds: [0.01, 1]
[2022-06-28 07:07:52.585] [cout] [info]   /glut_max_r. bounds: [0.01, 1]
[2022-06-28 07:07:52.585] [cout] [info]   /iliopsoas_r. bounds: [0.01, 1]
[2022-06-28 07:07:52.585] [cout] [info]   /rect_fem_r. bounds: [0.01, 1]
[2022-06-28 07:07:52.585] [cout] [info]   /tib_ant_r. bounds: [0.01, 1]
[2022-06-28 07:07:52.585] [cout] [info]   /vasti_r. bounds: [0.01, 1]
[2022-06-28 07:07:52.585] [cout] [info]   /gastroc_r. bounds: [0.01, 1]
[2022-06-28 07:07:52.585] [cout] [info]   /soleus_r. bounds: [0.01, 1]
[2022-06-28 07:07:52.585] [cout] [info]   /hamstrings_l. bounds: [0.01, 1]
[2022-06-28 07:07:52.585] [cout] [info]   /bifemsh_l. bounds: [0.01, 1]
[2022-06-28 07:07:52.585] [cout] [info]   /glut_max_l. bounds: [0.01, 1]
[2022-06-28 07:07:52.585] [cout] [info]   /iliopsoas_l. bounds: [0.01, 1]
[2022-06-28 07:07:52.585] [cout] [info]   /rect_fem_l. bounds: [0.01, 1]
[2022-06-28 07:07:52.585] [cout] [info]   /tib_ant_l. bounds: [0.01, 1]
[2022-06-28 07:07:52.585] [cout] [info]   /vasti_l. bounds: [0.01, 1]
[2022-06-28 07:07:52.585] [cout] [info]   /gastroc_l. bounds: [0.01, 1]
[2022-06-28 07:07:52.585] [cout] [info]   /soleus_l. bounds: [0.01, 1]
[2022-06-28 07:07:52.585] [cout] [info] Parameters: none
[2022-06-28 07:07:52.596] [info] Loaded model 2D_gait from file 2D_gait.osim
[2022-06-28 07:07:52.597] [warning] Couldn't find file 'r_pelvis.vtp'.
[2022-06-28 07:07:52.597] [warning] Couldn't find file 'l_pelvis.vtp'.
[2022-06-28 07:07:52.597] [warning] Couldn't find file 'sacrum.vtp'.
[2022-06-28 07:07:52.597] [warning] Couldn't find file 'femur_l.vtp'.
[2022-06-28 07:07:52.597] [warning] Couldn't find file 'femur_r.vtp'.
[2022-06-28 07:07:52.597] [warning] Couldn't find file 'tibia_l.vtp'.
[2022-06-28 07:07:52.597] [warning] Couldn't find file 'l_fibula.vtp'.
[2022-06-28 07:07:52.597] [warning] Couldn't find file 'tibia_r.vtp'.
[2022-06-28 07:07:52.597] [warning] Couldn't find file 'r_fibula.vtp'.
[2022-06-28 07:07:52.597] [warning] Couldn't find file 'l_talus.vtp'.
[2022-06-28 07:07:52.597] [warning] Couldn't find file 'r_talus.vtp'.
[2022-06-28 07:07:52.598] [warning] Couldn't find file 'l_foot.vtp'.
[2022-06-28 07:07:52.598] [warning] Couldn't find file 'r_foot.vtp'.
[2022-06-28 07:07:52.598] [warning] Couldn't find file 'l_bofoot.vtp'.
[2022-06-28 07:07:52.598] [warning] Couldn't find file 'r_bofoot.vtp'.
[2022-06-28 07:07:52.598] [warning] Couldn't find file 'hat_spine.vtp'.
[2022-06-28 07:07:52.598] [warning] Couldn't find file 'hat_jaw.vtp'.
[2022-06-28 07:07:52.598] [warning] Couldn't find file 'hat_skull.vtp'.
[2022-06-28 07:07:52.598] [warning] Couldn't find file 'hat_ribs_scap.vtp'.
[2022-06-28 07:07:52.646] [info] Loaded model 2D_gait from file 2D_gait.osim
[2022-06-28 07:07:52.646] [warning] Couldn't find file 'r_pelvis.vtp'.
[2022-06-28 07:07:52.646] [warning] Couldn't find file 'l_pelvis.vtp'.
[2022-06-28 07:07:52.646] [warning] Couldn't find file 'sacrum.vtp'.
[2022-06-28 07:07:52.646] [warning] Couldn't find file 'femur_l.vtp'.
[2022-06-28 07:07:52.646] [warning] Couldn't find file 'femur_r.vtp'.
[2022-06-28 07:07:52.646] [warning] Couldn't find file 'tibia_l.vtp'.
[2022-06-28 07:07:52.647] [warning] Couldn't find file 'l_fibula.vtp'.
[2022-06-28 07:07:52.647] [warning] Couldn't find file 'tibia_r.vtp'.
[2022-06-28 07:07:52.647] [warning] Couldn't find file 'r_fibula.vtp'.
[2022-06-28 07:07:52.647] [warning] Couldn't find file 'l_talus.vtp'.
[2022-06-28 07:07:52.647] [warning] Couldn't find file 'r_talus.vtp'.
[2022-06-28 07:07:52.647] [warning] Couldn't find file 'l_foot.vtp'.
[2022-06-28 07:07:52.647] [warning] Couldn't find file 'r_foot.vtp'.
[2022-06-28 07:07:52.647] [warning] Couldn't find file 'l_bofoot.vtp'.
[2022-06-28 07:07:52.647] [warning] Couldn't find file 'r_bofoot.vtp'.
[2022-06-28 07:07:52.647] [warning] Couldn't find file 'hat_spine.vtp'.
[2022-06-28 07:07:52.647] [warning] Couldn't find file 'hat_jaw.vtp'.
[2022-06-28 07:07:52.647] [warning] Couldn't find file 'hat_skull.vtp'.
[2022-06-28 07:07:52.647] [warning] Couldn't find file 'hat_ribs_scap.vtp'.
[2022-06-28 07:07:52.702] [info] Loaded model 2D_gait from file 2D_gait.osim
[2022-06-28 07:07:52.703] [warning] Couldn't find file 'r_pelvis.vtp'.
[2022-06-28 07:07:52.703] [warning] Couldn't find file 'l_pelvis.vtp'.
[2022-06-28 07:07:52.703] [warning] Couldn't find file 'sacrum.vtp'.
[2022-06-28 07:07:52.703] [warning] Couldn't find file 'femur_l.vtp'.
[2022-06-28 07:07:52.703] [warning] Couldn't find file 'femur_r.vtp'.
[2022-06-28 07:07:52.703] [warning] Couldn't find file 'tibia_l.vtp'.
[2022-06-28 07:07:52.703] [warning] Couldn't find file 'l_fibula.vtp'.
[2022-06-28 07:07:52.703] [warning] Couldn't find file 'tibia_r.vtp'.
[2022-06-28 07:07:52.703] [warning] Couldn't find file 'r_fibula.vtp'.
[2022-06-28 07:07:52.703] [warning] Couldn't find file 'l_talus.vtp'.
[2022-06-28 07:07:52.703] [warning] Couldn't find file 'r_talus.vtp'.
[2022-06-28 07:07:52.703] [warning] Couldn't find file 'l_foot.vtp'.
[2022-06-28 07:07:52.703] [warning] Couldn't find file 'r_foot.vtp'.
[2022-06-28 07:07:52.704] [warning] Couldn't find file 'l_bofoot.vtp'.
[2022-06-28 07:07:52.704] [warning] Couldn't find file 'r_bofoot.vtp'.
[2022-06-28 07:07:52.704] [warning] Couldn't find file 'hat_spine.vtp'.
[2022-06-28 07:07:52.704] [warning] Couldn't find file 'hat_jaw.vtp'.
[2022-06-28 07:07:52.704] [warning] Couldn't find file 'hat_skull.vtp'.
[2022-06-28 07:07:52.704] [warning] Couldn't find file 'hat_ribs_scap.vtp'.
[2022-06-28 07:07:52.754] [info] Loaded model 2D_gait from file 2D_gait.osim
[2022-06-28 07:07:52.754] [warning] Couldn't find file 'r_pelvis.vtp'.
[2022-06-28 07:07:52.754] [warning] Couldn't find file 'l_pelvis.vtp'.
[2022-06-28 07:07:52.754] [warning] Couldn't find file 'sacrum.vtp'.
[2022-06-28 07:07:52.754] [warning] Couldn't find file 'femur_l.vtp'.
[2022-06-28 07:07:52.755] [warning] Couldn't find file 'femur_r.vtp'.
[2022-06-28 07:07:52.755] [warning] Couldn't find file 'tibia_l.vtp'.
[2022-06-28 07:07:52.755] [warning] Couldn't find file 'l_fibula.vtp'.
[2022-06-28 07:07:52.755] [warning] Couldn't find file 'tibia_r.vtp'.
[2022-06-28 07:07:52.755] [warning] Couldn't find file 'r_fibula.vtp'.
[2022-06-28 07:07:52.755] [warning] Couldn't find file 'l_talus.vtp'.
[2022-06-28 07:07:52.755] [warning] Couldn't find file 'r_talus.vtp'.
[2022-06-28 07:07:52.755] [warning] Couldn't find file 'l_foot.vtp'.
[2022-06-28 07:07:52.755] [warning] Couldn't find file 'r_foot.vtp'.
[2022-06-28 07:07:52.755] [warning] Couldn't find file 'l_bofoot.vtp'.
[2022-06-28 07:07:52.755] [warning] Couldn't find file 'r_bofoot.vtp'.
[2022-06-28 07:07:52.755] [warning] Couldn't find file 'hat_spine.vtp'.
[2022-06-28 07:07:52.755] [warning] Couldn't find file 'hat_jaw.vtp'.
[2022-06-28 07:07:52.755] [warning] Couldn't find file 'hat_skull.vtp'.
[2022-06-28 07:07:52.756] [warning] Couldn't find file 'hat_ribs_scap.vtp'.
[2022-06-28 07:07:52.807] [info] Loaded model 2D_gait from file 2D_gait.osim
[2022-06-28 07:07:52.807] [warning] Couldn't find file 'r_pelvis.vtp'.
[2022-06-28 07:07:52.807] [warning] Couldn't find file 'l_pelvis.vtp'.
[2022-06-28 07:07:52.807] [warning] Couldn't find file 'sacrum.vtp'.
[2022-06-28 07:07:52.807] [warning] Couldn't find file 'femur_l.vtp'.
[2022-06-28 07:07:52.807] [warning] Couldn't find file 'femur_r.vtp'.
[2022-06-28 07:07:52.808] [warning] Couldn't find file 'tibia_l.vtp'.
[2022-06-28 07:07:52.808] [warning] Couldn't find file 'l_fibula.vtp'.
[2022-06-28 07:07:52.808] [warning] Couldn't find file 'tibia_r.vtp'.
[2022-06-28 07:07:52.808] [warning] Couldn't find file 'r_fibula.vtp'.
[2022-06-28 07:07:52.808] [warning] Couldn't find file 'l_talus.vtp'.
[2022-06-28 07:07:52.808] [warning] Couldn't find file 'r_talus.vtp'.
[2022-06-28 07:07:52.808] [warning] Couldn't find file 'l_foot.vtp'.
[2022-06-28 07:07:52.808] [warning] Couldn't find file 'r_foot.vtp'.
[2022-06-28 07:07:52.808] [warning] Couldn't find file 'l_bofoot.vtp'.
[2022-06-28 07:07:52.808] [warning] Couldn't find file 'r_bofoot.vtp'.
[2022-06-28 07:07:52.808] [warning] Couldn't find file 'hat_spine.vtp'.
[2022-06-28 07:07:52.808] [warning] Couldn't find file 'hat_jaw.vtp'.
[2022-06-28 07:07:52.808] [warning] Couldn't find file 'hat_skull.vtp'.
[2022-06-28 07:07:52.808] [warning] Couldn't find file 'hat_ribs_scap.vtp'.
[2022-06-28 07:07:52.859] [info] Loaded model 2D_gait from file 2D_gait.osim
[2022-06-28 07:07:52.859] [warning] Couldn't find file 'r_pelvis.vtp'.
[2022-06-28 07:07:52.859] [warning] Couldn't find file 'l_pelvis.vtp'.
[2022-06-28 07:07:52.859] [warning] Couldn't find file 'sacrum.vtp'.
[2022-06-28 07:07:52.859] [warning] Couldn't find file 'femur_l.vtp'.
[2022-06-28 07:07:52.859] [warning] Couldn't find file 'femur_r.vtp'.
[2022-06-28 07:07:52.859] [warning] Couldn't find file 'tibia_l.vtp'.
[2022-06-28 07:07:52.860] [warning] Couldn't find file 'l_fibula.vtp'.
[2022-06-28 07:07:52.860] [warning] Couldn't find file 'tibia_r.vtp'.
[2022-06-28 07:07:52.860] [warning] Couldn't find file 'r_fibula.vtp'.
[2022-06-28 07:07:52.860] [warning] Couldn't find file 'l_talus.vtp'.
[2022-06-28 07:07:52.860] [warning] Couldn't find file 'r_talus.vtp'.
[2022-06-28 07:07:52.860] [warning] Couldn't find file 'l_foot.vtp'.
[2022-06-28 07:07:52.860] [warning] Couldn't find file 'r_foot.vtp'.
[2022-06-28 07:07:52.860] [warning] Couldn't find file 'l_bofoot.vtp'.
[2022-06-28 07:07:52.860] [warning] Couldn't find file 'r_bofoot.vtp'.
[2022-06-28 07:07:52.860] [warning] Couldn't find file 'hat_spine.vtp'.
[2022-06-28 07:07:52.860] [warning] Couldn't find file 'hat_jaw.vtp'.
[2022-06-28 07:07:52.860] [warning] Couldn't find file 'hat_skull.vtp'.
[2022-06-28 07:07:52.860] [warning] Couldn't find file 'hat_ribs_scap.vtp'.
[2022-06-28 07:07:52.912] [info] Loaded model 2D_gait from file 2D_gait.osim
[2022-06-28 07:07:52.912] [warning] Couldn't find file 'r_pelvis.vtp'.
[2022-06-28 07:07:52.912] [warning] Couldn't find file 'l_pelvis.vtp'.
[2022-06-28 07:07:52.912] [warning] Couldn't find file 'sacrum.vtp'.
[2022-06-28 07:07:52.912] [warning] Couldn't find file 'femur_l.vtp'.
[2022-06-28 07:07:52.912] [warning] Couldn't find file 'femur_r.vtp'.
[2022-06-28 07:07:52.912] [warning] Couldn't find file 'tibia_l.vtp'.
[2022-06-28 07:07:52.913] [warning] Couldn't find file 'l_fibula.vtp'.
[2022-06-28 07:07:52.913] [warning] Couldn't find file 'tibia_r.vtp'.
[2022-06-28 07:07:52.913] [warning] Couldn't find file 'r_fibula.vtp'.
[2022-06-28 07:07:52.913] [warning] Couldn't find file 'l_talus.vtp'.
[2022-06-28 07:07:52.913] [warning] Couldn't find file 'r_talus.vtp'.
[2022-06-28 07:07:52.913] [warning] Couldn't find file 'l_foot.vtp'.
[2022-06-28 07:07:52.913] [warning] Couldn't find file 'r_foot.vtp'.
[2022-06-28 07:07:52.913] [warning] Couldn't find file 'l_bofoot.vtp'.
[2022-06-28 07:07:52.913] [warning] Couldn't find file 'r_bofoot.vtp'.
[2022-06-28 07:07:52.913] [warning] Couldn't find file 'hat_spine.vtp'.
[2022-06-28 07:07:52.913] [warning] Couldn't find file 'hat_jaw.vtp'.
[2022-06-28 07:07:52.913] [warning] Couldn't find file 'hat_skull.vtp'.
[2022-06-28 07:07:52.913] [warning] Couldn't find file 'hat_ribs_scap.vtp'.
[2022-06-28 07:07:52.965] [info] Loaded model 2D_gait from file 2D_gait.osim
[2022-06-28 07:07:52.966] [warning] Couldn't find file 'r_pelvis.vtp'.
[2022-06-28 07:07:52.966] [warning] Couldn't find file 'l_pelvis.vtp'.
[2022-06-28 07:07:52.966] [warning] Couldn't find file 'sacrum.vtp'.
[2022-06-28 07:07:52.966] [warning] Couldn't find file 'femur_l.vtp'.
[2022-06-28 07:07:52.966] [warning] Couldn't find file 'femur_r.vtp'.
[2022-06-28 07:07:52.966] [warning] Couldn't find file 'tibia_l.vtp'.
[2022-06-28 07:07:52.966] [warning] Couldn't find file 'l_fibula.vtp'.
[2022-06-28 07:07:52.966] [warning] Couldn't find file 'tibia_r.vtp'.
[2022-06-28 07:07:52.967] [warning] Couldn't find file 'r_fibula.vtp'.
[2022-06-28 07:07:52.967] [warning] Couldn't find file 'l_talus.vtp'.
[2022-06-28 07:07:52.967] [warning] Couldn't find file 'r_talus.vtp'.
[2022-06-28 07:07:52.967] [warning] Couldn't find file 'l_foot.vtp'.
[2022-06-28 07:07:52.967] [warning] Couldn't find file 'r_foot.vtp'.
[2022-06-28 07:07:52.967] [warning] Couldn't find file 'l_bofoot.vtp'.
[2022-06-28 07:07:52.967] [warning] Couldn't find file 'r_bofoot.vtp'.
[2022-06-28 07:07:52.967] [warning] Couldn't find file 'hat_spine.vtp'.
[2022-06-28 07:07:52.967] [warning] Couldn't find file 'hat_jaw.vtp'.
[2022-06-28 07:07:52.967] [warning] Couldn't find file 'hat_skull.vtp'.
[2022-06-28 07:07:52.967] [warning] Couldn't find file 'hat_ribs_scap.vtp'.
[2022-06-28 07:07:53.028] [info] Number of threads: 8
[2022-06-28 10:29:04.135] [info] Set log level to Info.
[2022-06-28 10:29:04.154] [info] ------------------------------------------------------------------------
[2022-06-28 10:29:04.155] [info] Elapsed real time: 12072 second(s) (3 hour(s), 21 minute(s), 12 second(s)).
[2022-06-28 10:29:04.155] [info] Tue Jun 28 10:29:04 2022
[2022-06-28 10:29:04.155] [warning] MocoCasADiSolver did NOT succeed:
[2022-06-28 10:29:04.155] [warning]   User_Requested_Stop
[2022-06-28 10:29:04.155] [info] ========================================================================
