[2022-06-16 08:10:47.318] [info] Loaded model FAILTCRT01 from file C:\Users\Owner\Documents\projects\force-moco\mrs\FAILTCRT01.osim
[2022-06-16 08:10:47.319] [warning] Couldn't find file 'r_pelvis.vtp'.
[2022-06-16 08:10:47.319] [warning] Couldn't find file 'l_pelvis.vtp'.
[2022-06-16 08:10:47.319] [warning] Couldn't find file 'sacrum.vtp'.
[2022-06-16 08:10:47.320] [warning] Couldn't find file 'r_femur.vtp'.
[2022-06-16 08:10:47.320] [warning] Couldn't find file 'r_tibia.vtp'.
[2022-06-16 08:10:47.320] [warning] Couldn't find file 'r_fibula.vtp'.
[2022-06-16 08:10:47.320] [warning] Couldn't find file 'r_patella.vtp'.
[2022-06-16 08:10:47.320] [warning] Couldn't find file 'r_talus.vtp'.
[2022-06-16 08:10:47.320] [warning] Couldn't find file 'r_foot.vtp'.
[2022-06-16 08:10:47.321] [warning] Couldn't find file 'r_bofoot.vtp'.
[2022-06-16 08:10:47.321] [warning] Couldn't find file 'l_femur.vtp'.
[2022-06-16 08:10:47.321] [warning] Couldn't find file 'l_tibia.vtp'.
[2022-06-16 08:10:47.321] [warning] Couldn't find file 'l_fibula.vtp'.
[2022-06-16 08:10:47.322] [warning] Couldn't find file 'l_pat.vtp'.
[2022-06-16 08:10:47.322] [warning] Couldn't find file 'l_talus.vtp'.
[2022-06-16 08:10:47.322] [warning] Couldn't find file 'l_foot.vtp'.
[2022-06-16 08:10:47.322] [warning] Couldn't find file 'l_bofoot.vtp'.
[2022-06-16 08:10:47.322] [warning] Couldn't find file 'hat_spine.vtp'.
[2022-06-16 08:10:47.322] [warning] Couldn't find file 'hat_jaw.vtp'.
[2022-06-16 08:10:47.322] [warning] Couldn't find file 'hat_skull.vtp'.
[2022-06-16 08:10:47.322] [warning] Couldn't find file 'hat_ribs_scap.vtp'.
[2022-06-16 08:10:47.323] [warning] Couldn't find file 'humerus_rv.vtp'.
[2022-06-16 08:10:47.323] [warning] Couldn't find file 'ulna_rv.vtp'.
[2022-06-16 08:10:47.323] [warning] Couldn't find file 'radius_rv.vtp'.
[2022-06-16 08:10:47.323] [warning] Couldn't find file 'pisiform_rvs.vtp'.
[2022-06-16 08:10:47.323] [warning] Couldn't find file 'lunate_rvs.vtp'.
[2022-06-16 08:10:47.323] [warning] Couldn't find file 'scaphoid_rvs.vtp'.
[2022-06-16 08:10:47.323] [warning] Couldn't find file 'triquetrum_rvs.vtp'.
[2022-06-16 08:10:47.323] [warning] Couldn't find file 'hamate_rvs.vtp'.
[2022-06-16 08:10:47.324] [warning] Couldn't find file 'capitate_rvs.vtp'.
[2022-06-16 08:10:47.324] [warning] Couldn't find file 'trapezoid_rvs.vtp'.
[2022-06-16 08:10:47.324] [warning] Couldn't find file 'trapezium_rvs.vtp'.
[2022-06-16 08:10:47.324] [warning] Couldn't find file 'metacarpal2_rvs.vtp'.
[2022-06-16 08:10:47.324] [warning] Couldn't find file 'index_proximal_rvs.vtp'.
[2022-06-16 08:10:47.324] [warning] Couldn't find file 'index_medial_rvs.vtp'.
[2022-06-16 08:10:47.324] [warning] Couldn't find file 'index_distal_rvs.vtp'.
[2022-06-16 08:10:47.324] [warning] Couldn't find file 'metacarpal3_rvs.vtp'.
[2022-06-16 08:10:47.324] [warning] Couldn't find file 'middle_proximal_rvs.vtp'.
[2022-06-16 08:10:47.325] [warning] Couldn't find file 'middle_medial_rvs.vtp'.
[2022-06-16 08:10:47.325] [warning] Couldn't find file 'middle_distal_rvs.vtp'.
[2022-06-16 08:10:47.325] [warning] Couldn't find file 'metacarpal4_rvs.vtp'.
[2022-06-16 08:10:47.325] [warning] Couldn't find file 'ring_proximal_rvs.vtp'.
[2022-06-16 08:10:47.325] [warning] Couldn't find file 'ring_medial_rvs.vtp'.
[2022-06-16 08:10:47.325] [warning] Couldn't find file 'ring_distal_rvs.vtp'.
[2022-06-16 08:10:47.325] [warning] Couldn't find file 'metacarpal5_rvs.vtp'.
[2022-06-16 08:10:47.325] [warning] Couldn't find file 'little_proximal_rvs.vtp'.
[2022-06-16 08:10:47.325] [warning] Couldn't find file 'little_medial_rvs.vtp'.
[2022-06-16 08:10:47.325] [warning] Couldn't find file 'little_distal_rvs.vtp'.
[2022-06-16 08:10:47.326] [warning] Couldn't find file 'metacarpal1_rvs.vtp'.
[2022-06-16 08:10:47.326] [warning] Couldn't find file 'thumb_proximal_rvs.vtp'.
[2022-06-16 08:10:47.326] [warning] Couldn't find file 'thumb_distal_rvs.vtp'.
[2022-06-16 08:10:47.326] [warning] Couldn't find file 'humerus_lv.vtp'.
[2022-06-16 08:10:47.326] [warning] Couldn't find file 'ulna_lv.vtp'.
[2022-06-16 08:10:47.326] [warning] Couldn't find file 'radius_lv.vtp'.
[2022-06-16 08:10:47.326] [warning] Couldn't find file 'pisiform_lvs.vtp'.
[2022-06-16 08:10:47.326] [warning] Couldn't find file 'lunate_lvs.vtp'.
[2022-06-16 08:10:47.326] [warning] Couldn't find file 'scaphoid_lvs.vtp'.
[2022-06-16 08:10:47.327] [warning] Couldn't find file 'triquetrum_lvs.vtp'.
[2022-06-16 08:10:47.327] [warning] Couldn't find file 'hamate_lvs.vtp'.
[2022-06-16 08:10:47.327] [warning] Couldn't find file 'capitate_lvs.vtp'.
[2022-06-16 08:10:47.327] [warning] Couldn't find file 'trapezoid_lvs.vtp'.
[2022-06-16 08:10:47.327] [warning] Couldn't find file 'trapezium_lvs.vtp'.
[2022-06-16 08:10:47.327] [warning] Couldn't find file 'metacarpal2_lvs.vtp'.
[2022-06-16 08:10:47.327] [warning] Couldn't find file 'index_proximal_lvs.vtp'.
[2022-06-16 08:10:47.327] [warning] Couldn't find file 'index_medial_lvs.vtp'.
[2022-06-16 08:10:47.328] [warning] Couldn't find file 'index_distal_lvs.vtp'.
[2022-06-16 08:10:47.328] [warning] Couldn't find file 'metacarpal3_lvs.vtp'.
[2022-06-16 08:10:47.328] [warning] Couldn't find file 'middle_proximal_lvs.vtp'.
[2022-06-16 08:10:47.328] [warning] Couldn't find file 'middle_medial_lvs.vtp'.
[2022-06-16 08:10:47.328] [warning] Couldn't find file 'middle_distal_lvs.vtp'.
[2022-06-16 08:10:47.328] [warning] Couldn't find file 'metacarpal4_lvs.vtp'.
[2022-06-16 08:10:47.328] [warning] Couldn't find file 'ring_proximal_lvs.vtp'.
[2022-06-16 08:10:47.328] [warning] Couldn't find file 'ring_medial_lvs.vtp'.
[2022-06-16 08:10:47.328] [warning] Couldn't find file 'ring_distal_lvs.vtp'.
[2022-06-16 08:10:47.328] [warning] Couldn't find file 'metacarpal5_lvs.vtp'.
[2022-06-16 08:10:47.329] [warning] Couldn't find file 'little_proximal_lvs.vtp'.
[2022-06-16 08:10:47.329] [warning] Couldn't find file 'little_medial_lvs.vtp'.
[2022-06-16 08:10:47.329] [warning] Couldn't find file 'little_distal_lvs.vtp'.
[2022-06-16 08:10:47.329] [warning] Couldn't find file 'metacarpal1_lvs.vtp'.
[2022-06-16 08:10:47.329] [warning] Couldn't find file 'thumb_proximal_lvs.vtp'.
[2022-06-16 08:10:47.329] [warning] Couldn't find file 'thumb_distal_lvs.vtp'.
[2022-06-16 08:10:47.668] [info] Loaded model FAILTCRT01 from file C:\Users\Owner\Documents\projects\force-moco\mrs\FAILTCRT01.osim
[2022-06-16 08:10:47.669] [warning] Couldn't find file 'r_pelvis.vtp'.
[2022-06-16 08:10:47.669] [warning] Couldn't find file 'l_pelvis.vtp'.
[2022-06-16 08:10:47.669] [warning] Couldn't find file 'sacrum.vtp'.
[2022-06-16 08:10:47.670] [warning] Couldn't find file 'r_femur.vtp'.
[2022-06-16 08:10:47.670] [warning] Couldn't find file 'r_tibia.vtp'.
[2022-06-16 08:10:47.670] [warning] Couldn't find file 'r_fibula.vtp'.
[2022-06-16 08:10:47.670] [warning] Couldn't find file 'r_patella.vtp'.
[2022-06-16 08:10:47.670] [warning] Couldn't find file 'r_talus.vtp'.
[2022-06-16 08:10:47.670] [warning] Couldn't find file 'r_foot.vtp'.
[2022-06-16 08:10:47.671] [warning] Couldn't find file 'r_bofoot.vtp'.
[2022-06-16 08:10:47.671] [warning] Couldn't find file 'l_femur.vtp'.
[2022-06-16 08:10:47.671] [warning] Couldn't find file 'l_tibia.vtp'.
[2022-06-16 08:10:47.671] [warning] Couldn't find file 'l_fibula.vtp'.
[2022-06-16 08:10:47.671] [warning] Couldn't find file 'l_pat.vtp'.
[2022-06-16 08:10:47.671] [warning] Couldn't find file 'l_talus.vtp'.
[2022-06-16 08:10:47.671] [warning] Couldn't find file 'l_foot.vtp'.
[2022-06-16 08:10:47.672] [warning] Couldn't find file 'l_bofoot.vtp'.
[2022-06-16 08:10:47.672] [warning] Couldn't find file 'hat_spine.vtp'.
[2022-06-16 08:10:47.672] [warning] Couldn't find file 'hat_jaw.vtp'.
[2022-06-16 08:10:47.672] [warning] Couldn't find file 'hat_skull.vtp'.
[2022-06-16 08:10:47.672] [warning] Couldn't find file 'hat_ribs_scap.vtp'.
[2022-06-16 08:10:47.672] [warning] Couldn't find file 'humerus_rv.vtp'.
[2022-06-16 08:10:47.672] [warning] Couldn't find file 'ulna_rv.vtp'.
[2022-06-16 08:10:47.673] [warning] Couldn't find file 'radius_rv.vtp'.
[2022-06-16 08:10:47.673] [warning] Couldn't find file 'pisiform_rvs.vtp'.
[2022-06-16 08:10:47.673] [warning] Couldn't find file 'lunate_rvs.vtp'.
[2022-06-16 08:10:47.673] [warning] Couldn't find file 'scaphoid_rvs.vtp'.
[2022-06-16 08:10:47.673] [warning] Couldn't find file 'triquetrum_rvs.vtp'.
[2022-06-16 08:10:47.673] [warning] Couldn't find file 'hamate_rvs.vtp'.
[2022-06-16 08:10:47.673] [warning] Couldn't find file 'capitate_rvs.vtp'.
[2022-06-16 08:10:47.673] [warning] Couldn't find file 'trapezoid_rvs.vtp'.
[2022-06-16 08:10:47.673] [warning] Couldn't find file 'trapezium_rvs.vtp'.
[2022-06-16 08:10:47.674] [warning] Couldn't find file 'metacarpal2_rvs.vtp'.
[2022-06-16 08:10:47.674] [warning] Couldn't find file 'index_proximal_rvs.vtp'.
[2022-06-16 08:10:47.674] [warning] Couldn't find file 'index_medial_rvs.vtp'.
[2022-06-16 08:10:47.674] [warning] Couldn't find file 'index_distal_rvs.vtp'.
[2022-06-16 08:10:47.674] [warning] Couldn't find file 'metacarpal3_rvs.vtp'.
[2022-06-16 08:10:47.674] [warning] Couldn't find file 'middle_proximal_rvs.vtp'.
[2022-06-16 08:10:47.674] [warning] Couldn't find file 'middle_medial_rvs.vtp'.
[2022-06-16 08:10:47.674] [warning] Couldn't find file 'middle_distal_rvs.vtp'.
[2022-06-16 08:10:47.674] [warning] Couldn't find file 'metacarpal4_rvs.vtp'.
[2022-06-16 08:10:47.674] [warning] Couldn't find file 'ring_proximal_rvs.vtp'.
[2022-06-16 08:10:47.675] [warning] Couldn't find file 'ring_medial_rvs.vtp'.
[2022-06-16 08:10:47.675] [warning] Couldn't find file 'ring_distal_rvs.vtp'.
[2022-06-16 08:10:47.675] [warning] Couldn't find file 'metacarpal5_rvs.vtp'.
[2022-06-16 08:10:47.675] [warning] Couldn't find file 'little_proximal_rvs.vtp'.
[2022-06-16 08:10:47.675] [warning] Couldn't find file 'little_medial_rvs.vtp'.
[2022-06-16 08:10:47.675] [warning] Couldn't find file 'little_distal_rvs.vtp'.
[2022-06-16 08:10:47.675] [warning] Couldn't find file 'metacarpal1_rvs.vtp'.
[2022-06-16 08:10:47.675] [warning] Couldn't find file 'thumb_proximal_rvs.vtp'.
[2022-06-16 08:10:47.675] [warning] Couldn't find file 'thumb_distal_rvs.vtp'.
[2022-06-16 08:10:47.675] [warning] Couldn't find file 'humerus_lv.vtp'.
[2022-06-16 08:10:47.676] [warning] Couldn't find file 'ulna_lv.vtp'.
[2022-06-16 08:10:47.676] [warning] Couldn't find file 'radius_lv.vtp'.
[2022-06-16 08:10:47.676] [warning] Couldn't find file 'pisiform_lvs.vtp'.
[2022-06-16 08:10:47.676] [warning] Couldn't find file 'lunate_lvs.vtp'.
[2022-06-16 08:10:47.676] [warning] Couldn't find file 'scaphoid_lvs.vtp'.
[2022-06-16 08:10:47.676] [warning] Couldn't find file 'triquetrum_lvs.vtp'.
[2022-06-16 08:10:47.676] [warning] Couldn't find file 'hamate_lvs.vtp'.
[2022-06-16 08:10:47.676] [warning] Couldn't find file 'capitate_lvs.vtp'.
[2022-06-16 08:10:47.676] [warning] Couldn't find file 'trapezoid_lvs.vtp'.
[2022-06-16 08:10:47.677] [warning] Couldn't find file 'trapezium_lvs.vtp'.
[2022-06-16 08:10:47.677] [warning] Couldn't find file 'metacarpal2_lvs.vtp'.
[2022-06-16 08:10:47.677] [warning] Couldn't find file 'index_proximal_lvs.vtp'.
[2022-06-16 08:10:47.677] [warning] Couldn't find file 'index_medial_lvs.vtp'.
[2022-06-16 08:10:47.677] [warning] Couldn't find file 'index_distal_lvs.vtp'.
[2022-06-16 08:10:47.677] [warning] Couldn't find file 'metacarpal3_lvs.vtp'.
[2022-06-16 08:10:47.677] [warning] Couldn't find file 'middle_proximal_lvs.vtp'.
[2022-06-16 08:10:47.677] [warning] Couldn't find file 'middle_medial_lvs.vtp'.
[2022-06-16 08:10:47.677] [warning] Couldn't find file 'middle_distal_lvs.vtp'.
[2022-06-16 08:10:47.678] [warning] Couldn't find file 'metacarpal4_lvs.vtp'.
[2022-06-16 08:10:47.678] [warning] Couldn't find file 'ring_proximal_lvs.vtp'.
[2022-06-16 08:10:47.678] [warning] Couldn't find file 'ring_medial_lvs.vtp'.
[2022-06-16 08:10:47.678] [warning] Couldn't find file 'ring_distal_lvs.vtp'.
[2022-06-16 08:10:47.678] [warning] Couldn't find file 'metacarpal5_lvs.vtp'.
[2022-06-16 08:10:47.678] [warning] Couldn't find file 'little_proximal_lvs.vtp'.
[2022-06-16 08:10:47.678] [warning] Couldn't find file 'little_medial_lvs.vtp'.
[2022-06-16 08:10:47.678] [warning] Couldn't find file 'little_distal_lvs.vtp'.
[2022-06-16 08:10:47.679] [warning] Couldn't find file 'metacarpal1_lvs.vtp'.
[2022-06-16 08:10:47.679] [warning] Couldn't find file 'thumb_proximal_lvs.vtp'.
[2022-06-16 08:10:47.679] [warning] Couldn't find file 'thumb_distal_lvs.vtp'.
[2022-06-16 08:10:47.825] [info] AbstractTool FAILTCRT01_SDP01_ik loading model C:\Users\Owner\Documents\projects\force-moco\mrs\FAILTCRT01.osim
[2022-06-16 08:10:47.924] [info] Loaded model FAILTCRT01 from file C:\Users\Owner\Documents\projects\force-moco\mrs\FAILTCRT01.osim
[2022-06-16 08:10:47.925] [warning] Couldn't find file 'r_pelvis.vtp'.
[2022-06-16 08:10:47.926] [warning] Couldn't find file 'l_pelvis.vtp'.
[2022-06-16 08:10:47.926] [warning] Couldn't find file 'sacrum.vtp'.
[2022-06-16 08:10:47.926] [warning] Couldn't find file 'r_femur.vtp'.
[2022-06-16 08:10:47.926] [warning] Couldn't find file 'r_tibia.vtp'.
[2022-06-16 08:10:47.926] [warning] Couldn't find file 'r_fibula.vtp'.
[2022-06-16 08:10:47.926] [warning] Couldn't find file 'r_patella.vtp'.
[2022-06-16 08:10:47.927] [warning] Couldn't find file 'r_talus.vtp'.
[2022-06-16 08:10:47.927] [warning] Couldn't find file 'r_foot.vtp'.
[2022-06-16 08:10:47.927] [warning] Couldn't find file 'r_bofoot.vtp'.
[2022-06-16 08:10:47.927] [warning] Couldn't find file 'l_femur.vtp'.
[2022-06-16 08:10:47.927] [warning] Couldn't find file 'l_tibia.vtp'.
[2022-06-16 08:10:47.927] [warning] Couldn't find file 'l_fibula.vtp'.
[2022-06-16 08:10:47.927] [warning] Couldn't find file 'l_pat.vtp'.
[2022-06-16 08:10:47.927] [warning] Couldn't find file 'l_talus.vtp'.
[2022-06-16 08:10:47.928] [warning] Couldn't find file 'l_foot.vtp'.
[2022-06-16 08:10:47.928] [warning] Couldn't find file 'l_bofoot.vtp'.
[2022-06-16 08:10:47.928] [warning] Couldn't find file 'hat_spine.vtp'.
[2022-06-16 08:10:47.928] [warning] Couldn't find file 'hat_jaw.vtp'.
[2022-06-16 08:10:47.928] [warning] Couldn't find file 'hat_skull.vtp'.
[2022-06-16 08:10:47.928] [warning] Couldn't find file 'hat_ribs_scap.vtp'.
[2022-06-16 08:10:47.928] [warning] Couldn't find file 'humerus_rv.vtp'.
[2022-06-16 08:10:47.928] [warning] Couldn't find file 'ulna_rv.vtp'.
[2022-06-16 08:10:47.929] [warning] Couldn't find file 'radius_rv.vtp'.
[2022-06-16 08:10:47.929] [warning] Couldn't find file 'pisiform_rvs.vtp'.
[2022-06-16 08:10:47.929] [warning] Couldn't find file 'lunate_rvs.vtp'.
[2022-06-16 08:10:47.929] [warning] Couldn't find file 'scaphoid_rvs.vtp'.
[2022-06-16 08:10:47.929] [warning] Couldn't find file 'triquetrum_rvs.vtp'.
[2022-06-16 08:10:47.929] [warning] Couldn't find file 'hamate_rvs.vtp'.
[2022-06-16 08:10:47.929] [warning] Couldn't find file 'capitate_rvs.vtp'.
[2022-06-16 08:10:47.929] [warning] Couldn't find file 'trapezoid_rvs.vtp'.
[2022-06-16 08:10:47.929] [warning] Couldn't find file 'trapezium_rvs.vtp'.
[2022-06-16 08:10:47.930] [warning] Couldn't find file 'metacarpal2_rvs.vtp'.
[2022-06-16 08:10:47.930] [warning] Couldn't find file 'index_proximal_rvs.vtp'.
[2022-06-16 08:10:47.930] [warning] Couldn't find file 'index_medial_rvs.vtp'.
[2022-06-16 08:10:47.930] [warning] Couldn't find file 'index_distal_rvs.vtp'.
[2022-06-16 08:10:47.930] [warning] Couldn't find file 'metacarpal3_rvs.vtp'.
[2022-06-16 08:10:47.930] [warning] Couldn't find file 'middle_proximal_rvs.vtp'.
[2022-06-16 08:10:47.930] [warning] Couldn't find file 'middle_medial_rvs.vtp'.
[2022-06-16 08:10:47.931] [warning] Couldn't find file 'middle_distal_rvs.vtp'.
[2022-06-16 08:10:47.931] [warning] Couldn't find file 'metacarpal4_rvs.vtp'.
[2022-06-16 08:10:47.931] [warning] Couldn't find file 'ring_proximal_rvs.vtp'.
[2022-06-16 08:10:47.931] [warning] Couldn't find file 'ring_medial_rvs.vtp'.
[2022-06-16 08:10:47.931] [warning] Couldn't find file 'ring_distal_rvs.vtp'.
[2022-06-16 08:10:47.931] [warning] Couldn't find file 'metacarpal5_rvs.vtp'.
[2022-06-16 08:10:47.931] [warning] Couldn't find file 'little_proximal_rvs.vtp'.
[2022-06-16 08:10:47.932] [warning] Couldn't find file 'little_medial_rvs.vtp'.
[2022-06-16 08:10:47.932] [warning] Couldn't find file 'little_distal_rvs.vtp'.
[2022-06-16 08:10:47.932] [warning] Couldn't find file 'metacarpal1_rvs.vtp'.
[2022-06-16 08:10:47.932] [warning] Couldn't find file 'thumb_proximal_rvs.vtp'.
[2022-06-16 08:10:47.932] [warning] Couldn't find file 'thumb_distal_rvs.vtp'.
[2022-06-16 08:10:47.932] [warning] Couldn't find file 'humerus_lv.vtp'.
[2022-06-16 08:10:47.932] [warning] Couldn't find file 'ulna_lv.vtp'.
[2022-06-16 08:10:47.932] [warning] Couldn't find file 'radius_lv.vtp'.
[2022-06-16 08:10:47.933] [warning] Couldn't find file 'pisiform_lvs.vtp'.
[2022-06-16 08:10:47.933] [warning] Couldn't find file 'lunate_lvs.vtp'.
[2022-06-16 08:10:47.933] [warning] Couldn't find file 'scaphoid_lvs.vtp'.
[2022-06-16 08:10:47.933] [warning] Couldn't find file 'triquetrum_lvs.vtp'.
[2022-06-16 08:10:47.933] [warning] Couldn't find file 'hamate_lvs.vtp'.
[2022-06-16 08:10:47.933] [warning] Couldn't find file 'capitate_lvs.vtp'.
[2022-06-16 08:10:47.933] [warning] Couldn't find file 'trapezoid_lvs.vtp'.
[2022-06-16 08:10:47.934] [warning] Couldn't find file 'trapezium_lvs.vtp'.
[2022-06-16 08:10:47.934] [warning] Couldn't find file 'metacarpal2_lvs.vtp'.
[2022-06-16 08:10:47.934] [warning] Couldn't find file 'index_proximal_lvs.vtp'.
[2022-06-16 08:10:47.934] [warning] Couldn't find file 'index_medial_lvs.vtp'.
[2022-06-16 08:10:47.934] [warning] Couldn't find file 'index_distal_lvs.vtp'.
[2022-06-16 08:10:47.934] [warning] Couldn't find file 'metacarpal3_lvs.vtp'.
[2022-06-16 08:10:47.934] [warning] Couldn't find file 'middle_proximal_lvs.vtp'.
[2022-06-16 08:10:47.934] [warning] Couldn't find file 'middle_medial_lvs.vtp'.
[2022-06-16 08:10:47.935] [warning] Couldn't find file 'middle_distal_lvs.vtp'.
[2022-06-16 08:10:47.935] [warning] Couldn't find file 'metacarpal4_lvs.vtp'.
[2022-06-16 08:10:47.935] [warning] Couldn't find file 'ring_proximal_lvs.vtp'.
[2022-06-16 08:10:47.935] [warning] Couldn't find file 'ring_medial_lvs.vtp'.
[2022-06-16 08:10:47.935] [warning] Couldn't find file 'ring_distal_lvs.vtp'.
[2022-06-16 08:10:47.935] [warning] Couldn't find file 'metacarpal5_lvs.vtp'.
[2022-06-16 08:10:47.935] [warning] Couldn't find file 'little_proximal_lvs.vtp'.
[2022-06-16 08:10:47.935] [warning] Couldn't find file 'little_medial_lvs.vtp'.
[2022-06-16 08:10:47.936] [warning] Couldn't find file 'little_distal_lvs.vtp'.
[2022-06-16 08:10:47.936] [warning] Couldn't find file 'metacarpal1_lvs.vtp'.
[2022-06-16 08:10:47.936] [warning] Couldn't find file 'thumb_proximal_lvs.vtp'.
[2022-06-16 08:10:47.936] [warning] Couldn't find file 'thumb_distal_lvs.vtp'.
[2022-06-16 08:10:48.159] [info] No external loads will be applied (external loads file not specified).
[2022-06-16 08:10:48.281] [info] Loading coordinates from file 'C:\Users\Owner\Documents\projects\force-moco\mrs\FAILTCRT01_SDP01_ik.mot'.
[2022-06-16 08:10:48.281] [info] Storage: read data file = C:\Users\Owner\Documents\projects\force-moco\mrs\FAILTCRT01_SDP01_ik.mot (nr=195 nc=40)
[2022-06-16 08:10:51.518] [info] Found 195 state vectors with time stamps ranging from 1.02 to 2.96.
[2022-06-16 08:10:51.518] [info] Executing the analyses from 1.06 to 2.92...
[2022-06-16 08:10:57.127] [info] Loaded model FAILTCRT01 from file C:\Users\Owner\Documents\projects\force-moco\mrs\FAILTCRT01.osim
[2022-06-16 08:10:57.128] [warning] Couldn't find file 'r_pelvis.vtp'.
[2022-06-16 08:10:57.128] [warning] Couldn't find file 'l_pelvis.vtp'.
[2022-06-16 08:10:57.128] [warning] Couldn't find file 'sacrum.vtp'.
[2022-06-16 08:10:57.128] [warning] Couldn't find file 'r_femur.vtp'.
[2022-06-16 08:10:57.129] [warning] Couldn't find file 'r_tibia.vtp'.
[2022-06-16 08:10:57.129] [warning] Couldn't find file 'r_fibula.vtp'.
[2022-06-16 08:10:57.129] [warning] Couldn't find file 'r_patella.vtp'.
[2022-06-16 08:10:57.129] [warning] Couldn't find file 'r_talus.vtp'.
[2022-06-16 08:10:57.129] [warning] Couldn't find file 'r_foot.vtp'.
[2022-06-16 08:10:57.129] [warning] Couldn't find file 'r_bofoot.vtp'.
[2022-06-16 08:10:57.129] [warning] Couldn't find file 'l_femur.vtp'.
[2022-06-16 08:10:57.129] [warning] Couldn't find file 'l_tibia.vtp'.
[2022-06-16 08:10:57.130] [warning] Couldn't find file 'l_fibula.vtp'.
[2022-06-16 08:10:57.130] [warning] Couldn't find file 'l_pat.vtp'.
[2022-06-16 08:10:57.130] [warning] Couldn't find file 'l_talus.vtp'.
[2022-06-16 08:10:57.130] [warning] Couldn't find file 'l_foot.vtp'.
[2022-06-16 08:10:57.130] [warning] Couldn't find file 'l_bofoot.vtp'.
[2022-06-16 08:10:57.130] [warning] Couldn't find file 'hat_spine.vtp'.
[2022-06-16 08:10:57.130] [warning] Couldn't find file 'hat_jaw.vtp'.
[2022-06-16 08:10:57.131] [warning] Couldn't find file 'hat_skull.vtp'.
[2022-06-16 08:10:57.131] [warning] Couldn't find file 'hat_ribs_scap.vtp'.
[2022-06-16 08:10:57.131] [warning] Couldn't find file 'humerus_rv.vtp'.
[2022-06-16 08:10:57.131] [warning] Couldn't find file 'ulna_rv.vtp'.
[2022-06-16 08:10:57.131] [warning] Couldn't find file 'radius_rv.vtp'.
[2022-06-16 08:10:57.131] [warning] Couldn't find file 'pisiform_rvs.vtp'.
[2022-06-16 08:10:57.131] [warning] Couldn't find file 'lunate_rvs.vtp'.
[2022-06-16 08:10:57.131] [warning] Couldn't find file 'scaphoid_rvs.vtp'.
[2022-06-16 08:10:57.131] [warning] Couldn't find file 'triquetrum_rvs.vtp'.
[2022-06-16 08:10:57.131] [warning] Couldn't find file 'hamate_rvs.vtp'.
[2022-06-16 08:10:57.132] [warning] Couldn't find file 'capitate_rvs.vtp'.
[2022-06-16 08:10:57.132] [warning] Couldn't find file 'trapezoid_rvs.vtp'.
[2022-06-16 08:10:57.132] [warning] Couldn't find file 'trapezium_rvs.vtp'.
[2022-06-16 08:10:57.132] [warning] Couldn't find file 'metacarpal2_rvs.vtp'.
[2022-06-16 08:10:57.132] [warning] Couldn't find file 'index_proximal_rvs.vtp'.
[2022-06-16 08:10:57.132] [warning] Couldn't find file 'index_medial_rvs.vtp'.
[2022-06-16 08:10:57.132] [warning] Couldn't find file 'index_distal_rvs.vtp'.
[2022-06-16 08:10:57.132] [warning] Couldn't find file 'metacarpal3_rvs.vtp'.
[2022-06-16 08:10:57.132] [warning] Couldn't find file 'middle_proximal_rvs.vtp'.
[2022-06-16 08:10:57.132] [warning] Couldn't find file 'middle_medial_rvs.vtp'.
[2022-06-16 08:10:57.133] [warning] Couldn't find file 'middle_distal_rvs.vtp'.
[2022-06-16 08:10:57.133] [warning] Couldn't find file 'metacarpal4_rvs.vtp'.
[2022-06-16 08:10:57.133] [warning] Couldn't find file 'ring_proximal_rvs.vtp'.
[2022-06-16 08:10:57.133] [warning] Couldn't find file 'ring_medial_rvs.vtp'.
[2022-06-16 08:10:57.133] [warning] Couldn't find file 'ring_distal_rvs.vtp'.
[2022-06-16 08:10:57.133] [warning] Couldn't find file 'metacarpal5_rvs.vtp'.
[2022-06-16 08:10:57.133] [warning] Couldn't find file 'little_proximal_rvs.vtp'.
[2022-06-16 08:10:57.133] [warning] Couldn't find file 'little_medial_rvs.vtp'.
[2022-06-16 08:10:57.133] [warning] Couldn't find file 'little_distal_rvs.vtp'.
[2022-06-16 08:10:57.133] [warning] Couldn't find file 'metacarpal1_rvs.vtp'.
[2022-06-16 08:10:57.133] [warning] Couldn't find file 'thumb_proximal_rvs.vtp'.
[2022-06-16 08:10:57.134] [warning] Couldn't find file 'thumb_distal_rvs.vtp'.
[2022-06-16 08:10:57.134] [warning] Couldn't find file 'humerus_lv.vtp'.
[2022-06-16 08:10:57.134] [warning] Couldn't find file 'ulna_lv.vtp'.
[2022-06-16 08:10:57.134] [warning] Couldn't find file 'radius_lv.vtp'.
[2022-06-16 08:10:57.134] [warning] Couldn't find file 'pisiform_lvs.vtp'.
[2022-06-16 08:10:57.134] [warning] Couldn't find file 'lunate_lvs.vtp'.
[2022-06-16 08:10:57.134] [warning] Couldn't find file 'scaphoid_lvs.vtp'.
[2022-06-16 08:10:57.134] [warning] Couldn't find file 'triquetrum_lvs.vtp'.
[2022-06-16 08:10:57.135] [warning] Couldn't find file 'hamate_lvs.vtp'.
[2022-06-16 08:10:57.135] [warning] Couldn't find file 'capitate_lvs.vtp'.
[2022-06-16 08:10:57.135] [warning] Couldn't find file 'trapezoid_lvs.vtp'.
[2022-06-16 08:10:57.135] [warning] Couldn't find file 'trapezium_lvs.vtp'.
[2022-06-16 08:10:57.135] [warning] Couldn't find file 'metacarpal2_lvs.vtp'.
[2022-06-16 08:10:57.135] [warning] Couldn't find file 'index_proximal_lvs.vtp'.
[2022-06-16 08:10:57.135] [warning] Couldn't find file 'index_medial_lvs.vtp'.
[2022-06-16 08:10:57.135] [warning] Couldn't find file 'index_distal_lvs.vtp'.
[2022-06-16 08:10:57.135] [warning] Couldn't find file 'metacarpal3_lvs.vtp'.
[2022-06-16 08:10:57.135] [warning] Couldn't find file 'middle_proximal_lvs.vtp'.
[2022-06-16 08:10:57.136] [warning] Couldn't find file 'middle_medial_lvs.vtp'.
[2022-06-16 08:10:57.136] [warning] Couldn't find file 'middle_distal_lvs.vtp'.
[2022-06-16 08:10:57.136] [warning] Couldn't find file 'metacarpal4_lvs.vtp'.
[2022-06-16 08:10:57.136] [warning] Couldn't find file 'ring_proximal_lvs.vtp'.
[2022-06-16 08:10:57.136] [warning] Couldn't find file 'ring_medial_lvs.vtp'.
[2022-06-16 08:10:57.136] [warning] Couldn't find file 'ring_distal_lvs.vtp'.
[2022-06-16 08:10:57.136] [warning] Couldn't find file 'metacarpal5_lvs.vtp'.
[2022-06-16 08:10:57.136] [warning] Couldn't find file 'little_proximal_lvs.vtp'.
[2022-06-16 08:10:57.136] [warning] Couldn't find file 'little_medial_lvs.vtp'.
[2022-06-16 08:10:57.136] [warning] Couldn't find file 'little_distal_lvs.vtp'.
[2022-06-16 08:10:57.137] [warning] Couldn't find file 'metacarpal1_lvs.vtp'.
[2022-06-16 08:10:57.137] [warning] Couldn't find file 'thumb_proximal_lvs.vtp'.
[2022-06-16 08:10:57.137] [warning] Couldn't find file 'thumb_distal_lvs.vtp'.
[2022-06-16 08:11:06.888] [info] Printing results of investigation FAILTCRT01_SDP01_ik to C:\Users\Owner\Documents\projects\force-moco\mrs\test-out\MuscleAnalysis
[2022-06-16 08:17:02.464] [info] Loaded model FAILTCRT01 from file C:\Users\Owner\Documents\projects\force-moco\mrs\FAILTCRT01.osim
[2022-06-16 08:17:02.465] [warning] Couldn't find file 'r_pelvis.vtp'.
[2022-06-16 08:17:02.465] [warning] Couldn't find file 'l_pelvis.vtp'.
[2022-06-16 08:17:02.465] [warning] Couldn't find file 'sacrum.vtp'.
[2022-06-16 08:17:02.465] [warning] Couldn't find file 'r_femur.vtp'.
[2022-06-16 08:17:02.465] [warning] Couldn't find file 'r_tibia.vtp'.
[2022-06-16 08:17:02.465] [warning] Couldn't find file 'r_fibula.vtp'.
[2022-06-16 08:17:02.465] [warning] Couldn't find file 'r_patella.vtp'.
[2022-06-16 08:17:02.465] [warning] Couldn't find file 'r_talus.vtp'.
[2022-06-16 08:17:02.465] [warning] Couldn't find file 'r_foot.vtp'.
[2022-06-16 08:17:02.466] [warning] Couldn't find file 'r_bofoot.vtp'.
[2022-06-16 08:17:02.466] [warning] Couldn't find file 'l_femur.vtp'.
[2022-06-16 08:17:02.466] [warning] Couldn't find file 'l_tibia.vtp'.
[2022-06-16 08:17:02.466] [warning] Couldn't find file 'l_fibula.vtp'.
[2022-06-16 08:17:02.466] [warning] Couldn't find file 'l_pat.vtp'.
[2022-06-16 08:17:02.466] [warning] Couldn't find file 'l_talus.vtp'.
[2022-06-16 08:17:02.466] [warning] Couldn't find file 'l_foot.vtp'.
[2022-06-16 08:17:02.466] [warning] Couldn't find file 'l_bofoot.vtp'.
[2022-06-16 08:17:02.466] [warning] Couldn't find file 'hat_spine.vtp'.
[2022-06-16 08:17:02.467] [warning] Couldn't find file 'hat_jaw.vtp'.
[2022-06-16 08:17:02.467] [warning] Couldn't find file 'hat_skull.vtp'.
[2022-06-16 08:17:02.467] [warning] Couldn't find file 'hat_ribs_scap.vtp'.
[2022-06-16 08:17:02.467] [warning] Couldn't find file 'humerus_rv.vtp'.
[2022-06-16 08:17:02.467] [warning] Couldn't find file 'ulna_rv.vtp'.
[2022-06-16 08:17:02.467] [warning] Couldn't find file 'radius_rv.vtp'.
[2022-06-16 08:17:02.467] [warning] Couldn't find file 'pisiform_rvs.vtp'.
[2022-06-16 08:17:02.467] [warning] Couldn't find file 'lunate_rvs.vtp'.
[2022-06-16 08:17:02.467] [warning] Couldn't find file 'scaphoid_rvs.vtp'.
[2022-06-16 08:17:02.467] [warning] Couldn't find file 'triquetrum_rvs.vtp'.
[2022-06-16 08:17:02.467] [warning] Couldn't find file 'hamate_rvs.vtp'.
[2022-06-16 08:17:02.468] [warning] Couldn't find file 'capitate_rvs.vtp'.
[2022-06-16 08:17:02.468] [warning] Couldn't find file 'trapezoid_rvs.vtp'.
[2022-06-16 08:17:02.468] [warning] Couldn't find file 'trapezium_rvs.vtp'.
[2022-06-16 08:17:02.468] [warning] Couldn't find file 'metacarpal2_rvs.vtp'.
[2022-06-16 08:17:02.468] [warning] Couldn't find file 'index_proximal_rvs.vtp'.
[2022-06-16 08:17:02.468] [warning] Couldn't find file 'index_medial_rvs.vtp'.
[2022-06-16 08:17:02.468] [warning] Couldn't find file 'index_distal_rvs.vtp'.
[2022-06-16 08:17:02.468] [warning] Couldn't find file 'metacarpal3_rvs.vtp'.
[2022-06-16 08:17:02.468] [warning] Couldn't find file 'middle_proximal_rvs.vtp'.
[2022-06-16 08:17:02.468] [warning] Couldn't find file 'middle_medial_rvs.vtp'.
[2022-06-16 08:17:02.468] [warning] Couldn't find file 'middle_distal_rvs.vtp'.
[2022-06-16 08:17:02.469] [warning] Couldn't find file 'metacarpal4_rvs.vtp'.
[2022-06-16 08:17:02.469] [warning] Couldn't find file 'ring_proximal_rvs.vtp'.
[2022-06-16 08:17:02.469] [warning] Couldn't find file 'ring_medial_rvs.vtp'.
[2022-06-16 08:17:02.469] [warning] Couldn't find file 'ring_distal_rvs.vtp'.
[2022-06-16 08:17:02.469] [warning] Couldn't find file 'metacarpal5_rvs.vtp'.
[2022-06-16 08:17:02.469] [warning] Couldn't find file 'little_proximal_rvs.vtp'.
[2022-06-16 08:17:02.469] [warning] Couldn't find file 'little_medial_rvs.vtp'.
[2022-06-16 08:17:02.469] [warning] Couldn't find file 'little_distal_rvs.vtp'.
[2022-06-16 08:17:02.469] [warning] Couldn't find file 'metacarpal1_rvs.vtp'.
[2022-06-16 08:17:02.469] [warning] Couldn't find file 'thumb_proximal_rvs.vtp'.
[2022-06-16 08:17:02.470] [warning] Couldn't find file 'thumb_distal_rvs.vtp'.
[2022-06-16 08:17:02.470] [warning] Couldn't find file 'humerus_lv.vtp'.
[2022-06-16 08:17:02.470] [warning] Couldn't find file 'ulna_lv.vtp'.
[2022-06-16 08:17:02.470] [warning] Couldn't find file 'radius_lv.vtp'.
[2022-06-16 08:17:02.470] [warning] Couldn't find file 'pisiform_lvs.vtp'.
[2022-06-16 08:17:02.470] [warning] Couldn't find file 'lunate_lvs.vtp'.
[2022-06-16 08:17:02.470] [warning] Couldn't find file 'scaphoid_lvs.vtp'.
[2022-06-16 08:17:02.470] [warning] Couldn't find file 'triquetrum_lvs.vtp'.
[2022-06-16 08:17:02.470] [warning] Couldn't find file 'hamate_lvs.vtp'.
[2022-06-16 08:17:02.470] [warning] Couldn't find file 'capitate_lvs.vtp'.
[2022-06-16 08:17:02.470] [warning] Couldn't find file 'trapezoid_lvs.vtp'.
[2022-06-16 08:17:02.471] [warning] Couldn't find file 'trapezium_lvs.vtp'.
[2022-06-16 08:17:02.471] [warning] Couldn't find file 'metacarpal2_lvs.vtp'.
[2022-06-16 08:17:02.471] [warning] Couldn't find file 'index_proximal_lvs.vtp'.
[2022-06-16 08:17:02.471] [warning] Couldn't find file 'index_medial_lvs.vtp'.
[2022-06-16 08:17:02.471] [warning] Couldn't find file 'index_distal_lvs.vtp'.
[2022-06-16 08:17:02.471] [warning] Couldn't find file 'metacarpal3_lvs.vtp'.
[2022-06-16 08:17:02.471] [warning] Couldn't find file 'middle_proximal_lvs.vtp'.
[2022-06-16 08:17:02.471] [warning] Couldn't find file 'middle_medial_lvs.vtp'.
[2022-06-16 08:17:02.471] [warning] Couldn't find file 'middle_distal_lvs.vtp'.
[2022-06-16 08:17:02.471] [warning] Couldn't find file 'metacarpal4_lvs.vtp'.
[2022-06-16 08:17:02.471] [warning] Couldn't find file 'ring_proximal_lvs.vtp'.
[2022-06-16 08:17:02.472] [warning] Couldn't find file 'ring_medial_lvs.vtp'.
[2022-06-16 08:17:02.472] [warning] Couldn't find file 'ring_distal_lvs.vtp'.
[2022-06-16 08:17:02.472] [warning] Couldn't find file 'metacarpal5_lvs.vtp'.
[2022-06-16 08:17:02.472] [warning] Couldn't find file 'little_proximal_lvs.vtp'.
[2022-06-16 08:17:02.472] [warning] Couldn't find file 'little_medial_lvs.vtp'.
[2022-06-16 08:17:02.472] [warning] Couldn't find file 'little_distal_lvs.vtp'.
[2022-06-16 08:17:02.472] [warning] Couldn't find file 'metacarpal1_lvs.vtp'.
[2022-06-16 08:17:02.472] [warning] Couldn't find file 'thumb_proximal_lvs.vtp'.
[2022-06-16 08:17:02.472] [warning] Couldn't find file 'thumb_distal_lvs.vtp'.
[2022-06-16 08:23:14.617] [info] Loaded model FAILTCRT01 from file C:\Users\Owner\Documents\projects\force-moco\mrs\FAILTCRT01.osim
[2022-06-16 08:23:14.618] [warning] Couldn't find file 'r_pelvis.vtp'.
[2022-06-16 08:23:14.618] [warning] Couldn't find file 'l_pelvis.vtp'.
[2022-06-16 08:23:14.618] [warning] Couldn't find file 'sacrum.vtp'.
[2022-06-16 08:23:14.618] [warning] Couldn't find file 'r_femur.vtp'.
[2022-06-16 08:23:14.618] [warning] Couldn't find file 'r_tibia.vtp'.
[2022-06-16 08:23:14.618] [warning] Couldn't find file 'r_fibula.vtp'.
[2022-06-16 08:23:14.618] [warning] Couldn't find file 'r_patella.vtp'.
[2022-06-16 08:23:14.618] [warning] Couldn't find file 'r_talus.vtp'.
[2022-06-16 08:23:14.618] [warning] Couldn't find file 'r_foot.vtp'.
[2022-06-16 08:23:14.619] [warning] Couldn't find file 'r_bofoot.vtp'.
[2022-06-16 08:23:14.619] [warning] Couldn't find file 'l_femur.vtp'.
[2022-06-16 08:23:14.619] [warning] Couldn't find file 'l_tibia.vtp'.
[2022-06-16 08:23:14.619] [warning] Couldn't find file 'l_fibula.vtp'.
[2022-06-16 08:23:14.619] [warning] Couldn't find file 'l_pat.vtp'.
[2022-06-16 08:23:14.619] [warning] Couldn't find file 'l_talus.vtp'.
[2022-06-16 08:23:14.619] [warning] Couldn't find file 'l_foot.vtp'.
[2022-06-16 08:23:14.619] [warning] Couldn't find file 'l_bofoot.vtp'.
[2022-06-16 08:23:14.619] [warning] Couldn't find file 'hat_spine.vtp'.
[2022-06-16 08:23:14.619] [warning] Couldn't find file 'hat_jaw.vtp'.
[2022-06-16 08:23:14.619] [warning] Couldn't find file 'hat_skull.vtp'.
[2022-06-16 08:23:14.620] [warning] Couldn't find file 'hat_ribs_scap.vtp'.
[2022-06-16 08:23:14.620] [warning] Couldn't find file 'humerus_rv.vtp'.
[2022-06-16 08:23:14.620] [warning] Couldn't find file 'ulna_rv.vtp'.
[2022-06-16 08:23:14.620] [warning] Couldn't find file 'radius_rv.vtp'.
[2022-06-16 08:23:14.620] [warning] Couldn't find file 'pisiform_rvs.vtp'.
[2022-06-16 08:23:14.620] [warning] Couldn't find file 'lunate_rvs.vtp'.
[2022-06-16 08:23:14.620] [warning] Couldn't find file 'scaphoid_rvs.vtp'.
[2022-06-16 08:23:14.620] [warning] Couldn't find file 'triquetrum_rvs.vtp'.
[2022-06-16 08:23:14.620] [warning] Couldn't find file 'hamate_rvs.vtp'.
[2022-06-16 08:23:14.620] [warning] Couldn't find file 'capitate_rvs.vtp'.
[2022-06-16 08:23:14.621] [warning] Couldn't find file 'trapezoid_rvs.vtp'.
[2022-06-16 08:23:14.621] [warning] Couldn't find file 'trapezium_rvs.vtp'.
[2022-06-16 08:23:14.621] [warning] Couldn't find file 'metacarpal2_rvs.vtp'.
[2022-06-16 08:23:14.621] [warning] Couldn't find file 'index_proximal_rvs.vtp'.
[2022-06-16 08:23:14.621] [warning] Couldn't find file 'index_medial_rvs.vtp'.
[2022-06-16 08:23:14.621] [warning] Couldn't find file 'index_distal_rvs.vtp'.
[2022-06-16 08:23:14.621] [warning] Couldn't find file 'metacarpal3_rvs.vtp'.
[2022-06-16 08:23:14.622] [warning] Couldn't find file 'middle_proximal_rvs.vtp'.
[2022-06-16 08:23:14.622] [warning] Couldn't find file 'middle_medial_rvs.vtp'.
[2022-06-16 08:23:14.622] [warning] Couldn't find file 'middle_distal_rvs.vtp'.
[2022-06-16 08:23:14.622] [warning] Couldn't find file 'metacarpal4_rvs.vtp'.
[2022-06-16 08:23:14.622] [warning] Couldn't find file 'ring_proximal_rvs.vtp'.
[2022-06-16 08:23:14.623] [warning] Couldn't find file 'ring_medial_rvs.vtp'.
[2022-06-16 08:23:14.623] [warning] Couldn't find file 'ring_distal_rvs.vtp'.
[2022-06-16 08:23:14.623] [warning] Couldn't find file 'metacarpal5_rvs.vtp'.
[2022-06-16 08:23:14.623] [warning] Couldn't find file 'little_proximal_rvs.vtp'.
[2022-06-16 08:23:14.623] [warning] Couldn't find file 'little_medial_rvs.vtp'.
[2022-06-16 08:23:14.623] [warning] Couldn't find file 'little_distal_rvs.vtp'.
[2022-06-16 08:23:14.624] [warning] Couldn't find file 'metacarpal1_rvs.vtp'.
[2022-06-16 08:23:14.624] [warning] Couldn't find file 'thumb_proximal_rvs.vtp'.
[2022-06-16 08:23:14.624] [warning] Couldn't find file 'thumb_distal_rvs.vtp'.
[2022-06-16 08:23:14.624] [warning] Couldn't find file 'humerus_lv.vtp'.
[2022-06-16 08:23:14.624] [warning] Couldn't find file 'ulna_lv.vtp'.
[2022-06-16 08:23:14.624] [warning] Couldn't find file 'radius_lv.vtp'.
[2022-06-16 08:23:14.624] [warning] Couldn't find file 'pisiform_lvs.vtp'.
[2022-06-16 08:23:14.624] [warning] Couldn't find file 'lunate_lvs.vtp'.
[2022-06-16 08:23:14.624] [warning] Couldn't find file 'scaphoid_lvs.vtp'.
[2022-06-16 08:23:14.625] [warning] Couldn't find file 'triquetrum_lvs.vtp'.
[2022-06-16 08:23:14.625] [warning] Couldn't find file 'hamate_lvs.vtp'.
[2022-06-16 08:23:14.625] [warning] Couldn't find file 'capitate_lvs.vtp'.
[2022-06-16 08:23:14.625] [warning] Couldn't find file 'trapezoid_lvs.vtp'.
[2022-06-16 08:23:14.625] [warning] Couldn't find file 'trapezium_lvs.vtp'.
[2022-06-16 08:23:14.625] [warning] Couldn't find file 'metacarpal2_lvs.vtp'.
[2022-06-16 08:23:14.625] [warning] Couldn't find file 'index_proximal_lvs.vtp'.
[2022-06-16 08:23:14.625] [warning] Couldn't find file 'index_medial_lvs.vtp'.
[2022-06-16 08:23:14.625] [warning] Couldn't find file 'index_distal_lvs.vtp'.
[2022-06-16 08:23:14.625] [warning] Couldn't find file 'metacarpal3_lvs.vtp'.
[2022-06-16 08:23:14.625] [warning] Couldn't find file 'middle_proximal_lvs.vtp'.
[2022-06-16 08:23:14.626] [warning] Couldn't find file 'middle_medial_lvs.vtp'.
[2022-06-16 08:23:14.626] [warning] Couldn't find file 'middle_distal_lvs.vtp'.
[2022-06-16 08:23:14.626] [warning] Couldn't find file 'metacarpal4_lvs.vtp'.
[2022-06-16 08:23:14.626] [warning] Couldn't find file 'ring_proximal_lvs.vtp'.
[2022-06-16 08:23:14.626] [warning] Couldn't find file 'ring_medial_lvs.vtp'.
[2022-06-16 08:23:14.626] [warning] Couldn't find file 'ring_distal_lvs.vtp'.
[2022-06-16 08:23:14.626] [warning] Couldn't find file 'metacarpal5_lvs.vtp'.
[2022-06-16 08:23:14.626] [warning] Couldn't find file 'little_proximal_lvs.vtp'.
[2022-06-16 08:23:14.626] [warning] Couldn't find file 'little_medial_lvs.vtp'.
[2022-06-16 08:23:14.626] [warning] Couldn't find file 'little_distal_lvs.vtp'.
[2022-06-16 08:23:14.626] [warning] Couldn't find file 'metacarpal1_lvs.vtp'.
[2022-06-16 08:23:14.626] [warning] Couldn't find file 'thumb_proximal_lvs.vtp'.
[2022-06-16 08:23:14.627] [warning] Couldn't find file 'thumb_distal_lvs.vtp'.
[2022-06-16 08:23:14.861] [info] Loaded model FAILTCRT01 from file C:\Users\Owner\Documents\projects\force-moco\mrs\FAILTCRT01.osim
[2022-06-16 08:23:14.862] [warning] Couldn't find file 'r_pelvis.vtp'.
[2022-06-16 08:23:14.862] [warning] Couldn't find file 'l_pelvis.vtp'.
[2022-06-16 08:23:14.862] [warning] Couldn't find file 'sacrum.vtp'.
[2022-06-16 08:23:14.862] [warning] Couldn't find file 'r_femur.vtp'.
[2022-06-16 08:23:14.862] [warning] Couldn't find file 'r_tibia.vtp'.
[2022-06-16 08:23:14.863] [warning] Couldn't find file 'r_fibula.vtp'.
[2022-06-16 08:23:14.863] [warning] Couldn't find file 'r_patella.vtp'.
[2022-06-16 08:23:14.863] [warning] Couldn't find file 'r_talus.vtp'.
[2022-06-16 08:23:14.863] [warning] Couldn't find file 'r_foot.vtp'.
[2022-06-16 08:23:14.863] [warning] Couldn't find file 'r_bofoot.vtp'.
[2022-06-16 08:23:14.863] [warning] Couldn't find file 'l_femur.vtp'.
[2022-06-16 08:23:14.863] [warning] Couldn't find file 'l_tibia.vtp'.
[2022-06-16 08:23:14.863] [warning] Couldn't find file 'l_fibula.vtp'.
[2022-06-16 08:23:14.863] [warning] Couldn't find file 'l_pat.vtp'.
[2022-06-16 08:23:14.863] [warning] Couldn't find file 'l_talus.vtp'.
[2022-06-16 08:23:14.863] [warning] Couldn't find file 'l_foot.vtp'.
[2022-06-16 08:23:14.864] [warning] Couldn't find file 'l_bofoot.vtp'.
[2022-06-16 08:23:14.864] [warning] Couldn't find file 'hat_spine.vtp'.
[2022-06-16 08:23:14.864] [warning] Couldn't find file 'hat_jaw.vtp'.
[2022-06-16 08:23:14.864] [warning] Couldn't find file 'hat_skull.vtp'.
[2022-06-16 08:23:14.864] [warning] Couldn't find file 'hat_ribs_scap.vtp'.
[2022-06-16 08:23:14.864] [warning] Couldn't find file 'humerus_rv.vtp'.
[2022-06-16 08:23:14.864] [warning] Couldn't find file 'ulna_rv.vtp'.
[2022-06-16 08:23:14.864] [warning] Couldn't find file 'radius_rv.vtp'.
[2022-06-16 08:23:14.864] [warning] Couldn't find file 'pisiform_rvs.vtp'.
[2022-06-16 08:23:14.864] [warning] Couldn't find file 'lunate_rvs.vtp'.
[2022-06-16 08:23:14.864] [warning] Couldn't find file 'scaphoid_rvs.vtp'.
[2022-06-16 08:23:14.865] [warning] Couldn't find file 'triquetrum_rvs.vtp'.
[2022-06-16 08:23:14.865] [warning] Couldn't find file 'hamate_rvs.vtp'.
[2022-06-16 08:23:14.865] [warning] Couldn't find file 'capitate_rvs.vtp'.
[2022-06-16 08:23:14.865] [warning] Couldn't find file 'trapezoid_rvs.vtp'.
[2022-06-16 08:23:14.865] [warning] Couldn't find file 'trapezium_rvs.vtp'.
[2022-06-16 08:23:14.865] [warning] Couldn't find file 'metacarpal2_rvs.vtp'.
[2022-06-16 08:23:14.865] [warning] Couldn't find file 'index_proximal_rvs.vtp'.
[2022-06-16 08:23:14.865] [warning] Couldn't find file 'index_medial_rvs.vtp'.
[2022-06-16 08:23:14.865] [warning] Couldn't find file 'index_distal_rvs.vtp'.
[2022-06-16 08:23:14.865] [warning] Couldn't find file 'metacarpal3_rvs.vtp'.
[2022-06-16 08:23:14.865] [warning] Couldn't find file 'middle_proximal_rvs.vtp'.
[2022-06-16 08:23:14.865] [warning] Couldn't find file 'middle_medial_rvs.vtp'.
[2022-06-16 08:23:14.866] [warning] Couldn't find file 'middle_distal_rvs.vtp'.
[2022-06-16 08:23:14.866] [warning] Couldn't find file 'metacarpal4_rvs.vtp'.
[2022-06-16 08:23:14.866] [warning] Couldn't find file 'ring_proximal_rvs.vtp'.
[2022-06-16 08:23:14.866] [warning] Couldn't find file 'ring_medial_rvs.vtp'.
[2022-06-16 08:23:14.866] [warning] Couldn't find file 'ring_distal_rvs.vtp'.
[2022-06-16 08:23:14.866] [warning] Couldn't find file 'metacarpal5_rvs.vtp'.
[2022-06-16 08:23:14.866] [warning] Couldn't find file 'little_proximal_rvs.vtp'.
[2022-06-16 08:23:14.866] [warning] Couldn't find file 'little_medial_rvs.vtp'.
[2022-06-16 08:23:14.866] [warning] Couldn't find file 'little_distal_rvs.vtp'.
[2022-06-16 08:23:14.866] [warning] Couldn't find file 'metacarpal1_rvs.vtp'.
[2022-06-16 08:23:14.866] [warning] Couldn't find file 'thumb_proximal_rvs.vtp'.
[2022-06-16 08:23:14.866] [warning] Couldn't find file 'thumb_distal_rvs.vtp'.
[2022-06-16 08:23:14.866] [warning] Couldn't find file 'humerus_lv.vtp'.
[2022-06-16 08:23:14.867] [warning] Couldn't find file 'ulna_lv.vtp'.
[2022-06-16 08:23:14.867] [warning] Couldn't find file 'radius_lv.vtp'.
[2022-06-16 08:23:14.867] [warning] Couldn't find file 'pisiform_lvs.vtp'.
[2022-06-16 08:23:14.867] [warning] Couldn't find file 'lunate_lvs.vtp'.
[2022-06-16 08:23:14.867] [warning] Couldn't find file 'scaphoid_lvs.vtp'.
[2022-06-16 08:23:14.867] [warning] Couldn't find file 'triquetrum_lvs.vtp'.
[2022-06-16 08:23:14.867] [warning] Couldn't find file 'hamate_lvs.vtp'.
[2022-06-16 08:23:14.867] [warning] Couldn't find file 'capitate_lvs.vtp'.
[2022-06-16 08:23:14.867] [warning] Couldn't find file 'trapezoid_lvs.vtp'.
[2022-06-16 08:23:14.867] [warning] Couldn't find file 'trapezium_lvs.vtp'.
[2022-06-16 08:23:14.867] [warning] Couldn't find file 'metacarpal2_lvs.vtp'.
[2022-06-16 08:23:14.867] [warning] Couldn't find file 'index_proximal_lvs.vtp'.
[2022-06-16 08:23:14.868] [warning] Couldn't find file 'index_medial_lvs.vtp'.
[2022-06-16 08:23:14.868] [warning] Couldn't find file 'index_distal_lvs.vtp'.
[2022-06-16 08:23:14.868] [warning] Couldn't find file 'metacarpal3_lvs.vtp'.
[2022-06-16 08:23:14.868] [warning] Couldn't find file 'middle_proximal_lvs.vtp'.
[2022-06-16 08:23:14.868] [warning] Couldn't find file 'middle_medial_lvs.vtp'.
[2022-06-16 08:23:14.868] [warning] Couldn't find file 'middle_distal_lvs.vtp'.
[2022-06-16 08:23:14.868] [warning] Couldn't find file 'metacarpal4_lvs.vtp'.
[2022-06-16 08:23:14.868] [warning] Couldn't find file 'ring_proximal_lvs.vtp'.
[2022-06-16 08:23:14.868] [warning] Couldn't find file 'ring_medial_lvs.vtp'.
[2022-06-16 08:23:14.868] [warning] Couldn't find file 'ring_distal_lvs.vtp'.
[2022-06-16 08:23:14.868] [warning] Couldn't find file 'metacarpal5_lvs.vtp'.
[2022-06-16 08:23:14.868] [warning] Couldn't find file 'little_proximal_lvs.vtp'.
[2022-06-16 08:23:14.869] [warning] Couldn't find file 'little_medial_lvs.vtp'.
[2022-06-16 08:23:14.869] [warning] Couldn't find file 'little_distal_lvs.vtp'.
[2022-06-16 08:23:14.869] [warning] Couldn't find file 'metacarpal1_lvs.vtp'.
[2022-06-16 08:23:14.869] [warning] Couldn't find file 'thumb_proximal_lvs.vtp'.
[2022-06-16 08:23:14.869] [warning] Couldn't find file 'thumb_distal_lvs.vtp'.
[2022-06-16 08:23:14.968] [info] AbstractTool FAILTCRT01_SDP01_ik loading model C:\Users\Owner\Documents\projects\force-moco\mrs\FAILTCRT01.osim
[2022-06-16 08:23:15.040] [info] Loaded model FAILTCRT01 from file C:\Users\Owner\Documents\projects\force-moco\mrs\FAILTCRT01.osim
[2022-06-16 08:23:15.041] [warning] Couldn't find file 'r_pelvis.vtp'.
[2022-06-16 08:23:15.041] [warning] Couldn't find file 'l_pelvis.vtp'.
[2022-06-16 08:23:15.041] [warning] Couldn't find file 'sacrum.vtp'.
[2022-06-16 08:23:15.041] [warning] Couldn't find file 'r_femur.vtp'.
[2022-06-16 08:23:15.041] [warning] Couldn't find file 'r_tibia.vtp'.
[2022-06-16 08:23:15.041] [warning] Couldn't find file 'r_fibula.vtp'.
[2022-06-16 08:23:15.041] [warning] Couldn't find file 'r_patella.vtp'.
[2022-06-16 08:23:15.041] [warning] Couldn't find file 'r_talus.vtp'.
[2022-06-16 08:23:15.041] [warning] Couldn't find file 'r_foot.vtp'.
[2022-06-16 08:23:15.042] [warning] Couldn't find file 'r_bofoot.vtp'.
[2022-06-16 08:23:15.042] [warning] Couldn't find file 'l_femur.vtp'.
[2022-06-16 08:23:15.042] [warning] Couldn't find file 'l_tibia.vtp'.
[2022-06-16 08:23:15.042] [warning] Couldn't find file 'l_fibula.vtp'.
[2022-06-16 08:23:15.042] [warning] Couldn't find file 'l_pat.vtp'.
[2022-06-16 08:23:15.042] [warning] Couldn't find file 'l_talus.vtp'.
[2022-06-16 08:23:15.042] [warning] Couldn't find file 'l_foot.vtp'.
[2022-06-16 08:23:15.042] [warning] Couldn't find file 'l_bofoot.vtp'.
[2022-06-16 08:23:15.042] [warning] Couldn't find file 'hat_spine.vtp'.
[2022-06-16 08:23:15.042] [warning] Couldn't find file 'hat_jaw.vtp'.
[2022-06-16 08:23:15.042] [warning] Couldn't find file 'hat_skull.vtp'.
[2022-06-16 08:23:15.043] [warning] Couldn't find file 'hat_ribs_scap.vtp'.
[2022-06-16 08:23:15.043] [warning] Couldn't find file 'humerus_rv.vtp'.
[2022-06-16 08:23:15.043] [warning] Couldn't find file 'ulna_rv.vtp'.
[2022-06-16 08:23:15.043] [warning] Couldn't find file 'radius_rv.vtp'.
[2022-06-16 08:23:15.043] [warning] Couldn't find file 'pisiform_rvs.vtp'.
[2022-06-16 08:23:15.043] [warning] Couldn't find file 'lunate_rvs.vtp'.
[2022-06-16 08:23:15.043] [warning] Couldn't find file 'scaphoid_rvs.vtp'.
[2022-06-16 08:23:15.043] [warning] Couldn't find file 'triquetrum_rvs.vtp'.
[2022-06-16 08:23:15.043] [warning] Couldn't find file 'hamate_rvs.vtp'.
[2022-06-16 08:23:15.043] [warning] Couldn't find file 'capitate_rvs.vtp'.
[2022-06-16 08:23:15.043] [warning] Couldn't find file 'trapezoid_rvs.vtp'.
[2022-06-16 08:23:15.044] [warning] Couldn't find file 'trapezium_rvs.vtp'.
[2022-06-16 08:23:15.044] [warning] Couldn't find file 'metacarpal2_rvs.vtp'.
[2022-06-16 08:23:15.044] [warning] Couldn't find file 'index_proximal_rvs.vtp'.
[2022-06-16 08:23:15.044] [warning] Couldn't find file 'index_medial_rvs.vtp'.
[2022-06-16 08:23:15.044] [warning] Couldn't find file 'index_distal_rvs.vtp'.
[2022-06-16 08:23:15.044] [warning] Couldn't find file 'metacarpal3_rvs.vtp'.
[2022-06-16 08:23:15.044] [warning] Couldn't find file 'middle_proximal_rvs.vtp'.
[2022-06-16 08:23:15.044] [warning] Couldn't find file 'middle_medial_rvs.vtp'.
[2022-06-16 08:23:15.044] [warning] Couldn't find file 'middle_distal_rvs.vtp'.
[2022-06-16 08:23:15.044] [warning] Couldn't find file 'metacarpal4_rvs.vtp'.
[2022-06-16 08:23:15.044] [warning] Couldn't find file 'ring_proximal_rvs.vtp'.
[2022-06-16 08:23:15.044] [warning] Couldn't find file 'ring_medial_rvs.vtp'.
[2022-06-16 08:23:15.045] [warning] Couldn't find file 'ring_distal_rvs.vtp'.
[2022-06-16 08:23:15.045] [warning] Couldn't find file 'metacarpal5_rvs.vtp'.
[2022-06-16 08:23:15.045] [warning] Couldn't find file 'little_proximal_rvs.vtp'.
[2022-06-16 08:23:15.045] [warning] Couldn't find file 'little_medial_rvs.vtp'.
[2022-06-16 08:23:15.045] [warning] Couldn't find file 'little_distal_rvs.vtp'.
[2022-06-16 08:23:15.045] [warning] Couldn't find file 'metacarpal1_rvs.vtp'.
[2022-06-16 08:23:15.045] [warning] Couldn't find file 'thumb_proximal_rvs.vtp'.
[2022-06-16 08:23:15.045] [warning] Couldn't find file 'thumb_distal_rvs.vtp'.
[2022-06-16 08:23:15.045] [warning] Couldn't find file 'humerus_lv.vtp'.
[2022-06-16 08:23:15.045] [warning] Couldn't find file 'ulna_lv.vtp'.
[2022-06-16 08:23:15.045] [warning] Couldn't find file 'radius_lv.vtp'.
[2022-06-16 08:23:15.045] [warning] Couldn't find file 'pisiform_lvs.vtp'.
[2022-06-16 08:23:15.045] [warning] Couldn't find file 'lunate_lvs.vtp'.
[2022-06-16 08:23:15.046] [warning] Couldn't find file 'scaphoid_lvs.vtp'.
[2022-06-16 08:23:15.046] [warning] Couldn't find file 'triquetrum_lvs.vtp'.
[2022-06-16 08:23:15.046] [warning] Couldn't find file 'hamate_lvs.vtp'.
[2022-06-16 08:23:15.046] [warning] Couldn't find file 'capitate_lvs.vtp'.
[2022-06-16 08:23:15.046] [warning] Couldn't find file 'trapezoid_lvs.vtp'.
[2022-06-16 08:23:15.046] [warning] Couldn't find file 'trapezium_lvs.vtp'.
[2022-06-16 08:23:15.046] [warning] Couldn't find file 'metacarpal2_lvs.vtp'.
[2022-06-16 08:23:15.046] [warning] Couldn't find file 'index_proximal_lvs.vtp'.
[2022-06-16 08:23:15.046] [warning] Couldn't find file 'index_medial_lvs.vtp'.
[2022-06-16 08:23:15.046] [warning] Couldn't find file 'index_distal_lvs.vtp'.
[2022-06-16 08:23:15.046] [warning] Couldn't find file 'metacarpal3_lvs.vtp'.
[2022-06-16 08:23:15.046] [warning] Couldn't find file 'middle_proximal_lvs.vtp'.
[2022-06-16 08:23:15.046] [warning] Couldn't find file 'middle_medial_lvs.vtp'.
[2022-06-16 08:23:15.047] [warning] Couldn't find file 'middle_distal_lvs.vtp'.
[2022-06-16 08:23:15.047] [warning] Couldn't find file 'metacarpal4_lvs.vtp'.
[2022-06-16 08:23:15.047] [warning] Couldn't find file 'ring_proximal_lvs.vtp'.
[2022-06-16 08:23:15.047] [warning] Couldn't find file 'ring_medial_lvs.vtp'.
[2022-06-16 08:23:15.047] [warning] Couldn't find file 'ring_distal_lvs.vtp'.
[2022-06-16 08:23:15.047] [warning] Couldn't find file 'metacarpal5_lvs.vtp'.
[2022-06-16 08:23:15.047] [warning] Couldn't find file 'little_proximal_lvs.vtp'.
[2022-06-16 08:23:15.047] [warning] Couldn't find file 'little_medial_lvs.vtp'.
[2022-06-16 08:23:15.047] [warning] Couldn't find file 'little_distal_lvs.vtp'.
[2022-06-16 08:23:15.047] [warning] Couldn't find file 'metacarpal1_lvs.vtp'.
[2022-06-16 08:23:15.047] [warning] Couldn't find file 'thumb_proximal_lvs.vtp'.
[2022-06-16 08:23:15.047] [warning] Couldn't find file 'thumb_distal_lvs.vtp'.
[2022-06-16 08:23:15.182] [info] No external loads will be applied (external loads file not specified).
[2022-06-16 08:23:15.265] [info] Loading coordinates from file 'C:\Users\Owner\Documents\projects\force-moco\mrs\FAILTCRT01_SDP01_ik.mot'.
[2022-06-16 08:23:15.265] [info] Storage: read data file = C:\Users\Owner\Documents\projects\force-moco\mrs\FAILTCRT01_SDP01_ik.mot (nr=195 nc=40)
[2022-06-16 08:23:17.289] [info] Found 195 state vectors with time stamps ranging from 1.02 to 2.96.
[2022-06-16 08:23:17.289] [info] Executing the analyses from 1.06 to 2.92...
[2022-06-16 08:23:31.637] [info] Printing results of investigation FAILTCRT01_SDP01_ik to C:\Users\Owner\Documents\projects\force-moco\mrs\test-out\MuscleAnalysis
[2022-06-16 08:27:06.890] [info] Loaded model FAILTCRT01 from file C:\Users\Owner\Documents\projects\force-moco\mrs\FAILTCRT01.osim
[2022-06-16 08:27:06.891] [warning] Couldn't find file 'r_pelvis.vtp'.
[2022-06-16 08:27:06.891] [warning] Couldn't find file 'l_pelvis.vtp'.
[2022-06-16 08:27:06.891] [warning] Couldn't find file 'sacrum.vtp'.
[2022-06-16 08:27:06.891] [warning] Couldn't find file 'r_femur.vtp'.
[2022-06-16 08:27:06.891] [warning] Couldn't find file 'r_tibia.vtp'.
[2022-06-16 08:27:06.891] [warning] Couldn't find file 'r_fibula.vtp'.
[2022-06-16 08:27:06.892] [warning] Couldn't find file 'r_patella.vtp'.
[2022-06-16 08:27:06.892] [warning] Couldn't find file 'r_talus.vtp'.
[2022-06-16 08:27:06.892] [warning] Couldn't find file 'r_foot.vtp'.
[2022-06-16 08:27:06.892] [warning] Couldn't find file 'r_bofoot.vtp'.
[2022-06-16 08:27:06.892] [warning] Couldn't find file 'l_femur.vtp'.
[2022-06-16 08:27:06.892] [warning] Couldn't find file 'l_tibia.vtp'.
[2022-06-16 08:27:06.892] [warning] Couldn't find file 'l_fibula.vtp'.
[2022-06-16 08:27:06.892] [warning] Couldn't find file 'l_pat.vtp'.
[2022-06-16 08:27:06.892] [warning] Couldn't find file 'l_talus.vtp'.
[2022-06-16 08:27:06.893] [warning] Couldn't find file 'l_foot.vtp'.
[2022-06-16 08:27:06.893] [warning] Couldn't find file 'l_bofoot.vtp'.
[2022-06-16 08:27:06.893] [warning] Couldn't find file 'hat_spine.vtp'.
[2022-06-16 08:27:06.893] [warning] Couldn't find file 'hat_jaw.vtp'.
[2022-06-16 08:27:06.893] [warning] Couldn't find file 'hat_skull.vtp'.
[2022-06-16 08:27:06.893] [warning] Couldn't find file 'hat_ribs_scap.vtp'.
[2022-06-16 08:27:06.893] [warning] Couldn't find file 'humerus_rv.vtp'.
[2022-06-16 08:27:06.893] [warning] Couldn't find file 'ulna_rv.vtp'.
[2022-06-16 08:27:06.893] [warning] Couldn't find file 'radius_rv.vtp'.
[2022-06-16 08:27:06.894] [warning] Couldn't find file 'pisiform_rvs.vtp'.
[2022-06-16 08:27:06.894] [warning] Couldn't find file 'lunate_rvs.vtp'.
[2022-06-16 08:27:06.894] [warning] Couldn't find file 'scaphoid_rvs.vtp'.
[2022-06-16 08:27:06.894] [warning] Couldn't find file 'triquetrum_rvs.vtp'.
[2022-06-16 08:27:06.894] [warning] Couldn't find file 'hamate_rvs.vtp'.
[2022-06-16 08:27:06.894] [warning] Couldn't find file 'capitate_rvs.vtp'.
[2022-06-16 08:27:06.894] [warning] Couldn't find file 'trapezoid_rvs.vtp'.
[2022-06-16 08:27:06.894] [warning] Couldn't find file 'trapezium_rvs.vtp'.
[2022-06-16 08:27:06.894] [warning] Couldn't find file 'metacarpal2_rvs.vtp'.
[2022-06-16 08:27:06.894] [warning] Couldn't find file 'index_proximal_rvs.vtp'.
[2022-06-16 08:27:06.895] [warning] Couldn't find file 'index_medial_rvs.vtp'.
[2022-06-16 08:27:06.895] [warning] Couldn't find file 'index_distal_rvs.vtp'.
[2022-06-16 08:27:06.895] [warning] Couldn't find file 'metacarpal3_rvs.vtp'.
[2022-06-16 08:27:06.895] [warning] Couldn't find file 'middle_proximal_rvs.vtp'.
[2022-06-16 08:27:06.895] [warning] Couldn't find file 'middle_medial_rvs.vtp'.
[2022-06-16 08:27:06.895] [warning] Couldn't find file 'middle_distal_rvs.vtp'.
[2022-06-16 08:27:06.895] [warning] Couldn't find file 'metacarpal4_rvs.vtp'.
[2022-06-16 08:27:06.895] [warning] Couldn't find file 'ring_proximal_rvs.vtp'.
[2022-06-16 08:27:06.895] [warning] Couldn't find file 'ring_medial_rvs.vtp'.
[2022-06-16 08:27:06.895] [warning] Couldn't find file 'ring_distal_rvs.vtp'.
[2022-06-16 08:27:06.896] [warning] Couldn't find file 'metacarpal5_rvs.vtp'.
[2022-06-16 08:27:06.896] [warning] Couldn't find file 'little_proximal_rvs.vtp'.
[2022-06-16 08:27:06.896] [warning] Couldn't find file 'little_medial_rvs.vtp'.
[2022-06-16 08:27:06.896] [warning] Couldn't find file 'little_distal_rvs.vtp'.
[2022-06-16 08:27:06.896] [warning] Couldn't find file 'metacarpal1_rvs.vtp'.
[2022-06-16 08:27:06.896] [warning] Couldn't find file 'thumb_proximal_rvs.vtp'.
[2022-06-16 08:27:06.896] [warning] Couldn't find file 'thumb_distal_rvs.vtp'.
[2022-06-16 08:27:06.896] [warning] Couldn't find file 'humerus_lv.vtp'.
[2022-06-16 08:27:06.896] [warning] Couldn't find file 'ulna_lv.vtp'.
[2022-06-16 08:27:06.896] [warning] Couldn't find file 'radius_lv.vtp'.
[2022-06-16 08:27:06.897] [warning] Couldn't find file 'pisiform_lvs.vtp'.
[2022-06-16 08:27:06.897] [warning] Couldn't find file 'lunate_lvs.vtp'.
[2022-06-16 08:27:06.897] [warning] Couldn't find file 'scaphoid_lvs.vtp'.
[2022-06-16 08:27:06.897] [warning] Couldn't find file 'triquetrum_lvs.vtp'.
[2022-06-16 08:27:06.897] [warning] Couldn't find file 'hamate_lvs.vtp'.
[2022-06-16 08:27:06.897] [warning] Couldn't find file 'capitate_lvs.vtp'.
[2022-06-16 08:27:06.897] [warning] Couldn't find file 'trapezoid_lvs.vtp'.
[2022-06-16 08:27:06.898] [warning] Couldn't find file 'trapezium_lvs.vtp'.
[2022-06-16 08:27:06.898] [warning] Couldn't find file 'metacarpal2_lvs.vtp'.
[2022-06-16 08:27:06.898] [warning] Couldn't find file 'index_proximal_lvs.vtp'.
[2022-06-16 08:27:06.898] [warning] Couldn't find file 'index_medial_lvs.vtp'.
[2022-06-16 08:27:06.898] [warning] Couldn't find file 'index_distal_lvs.vtp'.
[2022-06-16 08:27:06.898] [warning] Couldn't find file 'metacarpal3_lvs.vtp'.
[2022-06-16 08:27:06.899] [warning] Couldn't find file 'middle_proximal_lvs.vtp'.
[2022-06-16 08:27:06.899] [warning] Couldn't find file 'middle_medial_lvs.vtp'.
[2022-06-16 08:27:06.899] [warning] Couldn't find file 'middle_distal_lvs.vtp'.
[2022-06-16 08:27:06.899] [warning] Couldn't find file 'metacarpal4_lvs.vtp'.
[2022-06-16 08:27:06.899] [warning] Couldn't find file 'ring_proximal_lvs.vtp'.
[2022-06-16 08:27:06.899] [warning] Couldn't find file 'ring_medial_lvs.vtp'.
[2022-06-16 08:27:06.899] [warning] Couldn't find file 'ring_distal_lvs.vtp'.
[2022-06-16 08:27:06.899] [warning] Couldn't find file 'metacarpal5_lvs.vtp'.
[2022-06-16 08:27:06.899] [warning] Couldn't find file 'little_proximal_lvs.vtp'.
[2022-06-16 08:27:06.900] [warning] Couldn't find file 'little_medial_lvs.vtp'.
[2022-06-16 08:27:06.900] [warning] Couldn't find file 'little_distal_lvs.vtp'.
[2022-06-16 08:27:06.900] [warning] Couldn't find file 'metacarpal1_lvs.vtp'.
[2022-06-16 08:27:06.900] [warning] Couldn't find file 'thumb_proximal_lvs.vtp'.
[2022-06-16 08:27:06.900] [warning] Couldn't find file 'thumb_distal_lvs.vtp'.
